#
# There is insufficient memory for the Java Runtime Environment to continue.
# Native memory allocation (malloc) failed to allocate 2778256 bytes for Chunk::new
# Possible reasons:
#   The system is out of physical RAM or swap space
#   The process is running with CompressedOops enabled, and the Java Heap may be blocking the growth of the native heap
# Possible solutions:
#   Reduce memory load on the system
#   Increase physical memory or swap space
#   Check if swap backing store is full
#   Decrease Java heap size (-Xmx/-Xms)
#   Decrease number of Java threads
#   Decrease Java thread stack sizes (-Xss)
#   Set larger code cache with -XX:ReservedCodeCacheSize=
#   JVM is running with Unscaled Compressed Oops mode in which the Java heap is
#     placed in the first 4GB address space. The Java Heap base address is the
#     maximum limit for the native heap growth. Please use -XX:HeapBaseMinAddress
#     to set the Java Heap base and to place the Java Heap above 4GB virtual address.
# This output file may be truncated or incomplete.
#
#  Out of Memory Error (./src/hotspot/share/memory/arena.cpp:197), pid=2128, tid=12156
#
# JRE version: OpenJDK Runtime Environment (11.0.13) (build 11.0.13+0-b1751.21-8125866)
# Java VM: OpenJDK 64-Bit Server VM (11.0.13+0-b1751.21-8125866, mixed mode, tiered, compressed oops, g1 gc, windows-amd64)
# No core dump will be written. Minidumps are not enabled by default on client versions of Windows
#

---------------  S U M M A R Y ------------

Command Line: --add-opens=java.base/java.util=ALL-UNNAMED --add-opens=java.base/java.lang=ALL-UNNAMED --add-opens=java.base/java.lang.invoke=ALL-UNNAMED --add-opens=java.prefs/java.util.prefs=ALL-UNNAMED -Xmx2048m -Dfile.encoding=GBK -Duser.country=CN -Duser.language=zh -Duser.variant org.gradle.launcher.daemon.bootstrap.GradleDaemon 6.1.1

Host: Intel(R) Core(TM) i5-6300U CPU @ 2.40GHz, 4 cores, 7G,  Windows 10 , 64 bit Build 19041 (10.0.19041.207)
Time: Mon Nov  7 19:13:27 2022 中国标准时间 elapsed time: 739.215022 seconds (0d 0h 12m 19s)

---------------  T H R E A D  ---------------

Current thread (0x000001cfe7dcc800):  JavaThread "C2 CompilerThread1" daemon [_thread_in_native, id=12156, stack(0x000000c7d8b00000,0x000000c7d8c00000)]


Current CompileTask:
C2: 739215 17242       4       org.objectweb.asm.ClassReader::readCode (5089 bytes)

Stack: [0x000000c7d8b00000,0x000000c7d8c00000]
Native frames: (J=compiled Java code, j=interpreted, Vv=VM code, C=native code)
V  [jvm.dll+0x6100fa]
V  [jvm.dll+0x747090]
V  [jvm.dll+0x7486ad]
V  [jvm.dll+0x748d83]
V  [jvm.dll+0x24ab48]
V  [jvm.dll+0xc04dc]
V  [jvm.dll+0xc0a0c]
V  [jvm.dll+0x35eb9d]
V  [jvm.dll+0x19d9bc]
V  [jvm.dll+0x2033be]
V  [jvm.dll+0x202437]
V  [jvm.dll+0x188e01]
V  [jvm.dll+0x21106b]
V  [jvm.dll+0x20f8c1]
V  [jvm.dll+0x70de0f]
V  [jvm.dll+0x706a75]
V  [jvm.dll+0x60ed66]
C  [ucrtbase.dll+0x21542]
C  [KERNEL32.DLL+0x16fd4]
C  [ntdll.dll+0x4cec1]


---------------  P R O C E S S  ---------------

Threads class SMR info:
_java_thread_list=0x000001cfec1e4470, length=40, elements={
0x000001cfc62f9000, 0x000001cfe1e59000, 0x000001cfe1e5a000, 0x000001cfe1e8d800,
0x000001cfe1e8f000, 0x000001cfe1e91000, 0x000001cfe1e96000, 0x000001cfe1e9f000,
0x000001cfe1ea4000, 0x000001cfe28ec800, 0x000001cfe3f3e000, 0x000001cfe39b2800,
0x000001cfe4170800, 0x000001cfe4814000, 0x000001cfe4815000, 0x000001cfe4811000,
0x000001cfe4810000, 0x000001cfe7ed2000, 0x000001cfe7ed2800, 0x000001cfe7ecf800,
0x000001cfe7ed6000, 0x000001cfe7ed0000, 0x000001cfe7ed3800, 0x000001cfe7ed1000,
0x000001cfe7ecd800, 0x000001cfe7ed7800, 0x000001cfe7edb000, 0x000001cfe7ed8800,
0x000001cfe7edb800, 0x000001cfe7ed9000, 0x000001cfe7eda000, 0x000001cfe480f000,
0x000001cfe4811800, 0x000001cfe4815800, 0x000001cff3dd1800, 0x000001cff3dd5800,
0x000001cfe7dcc800, 0x000001cff3dd6000, 0x000001cff3dd7000, 0x000001cff3dd8000
}

Java Threads: ( => current thread )
  0x000001cfc62f9000 JavaThread "main" [_thread_blocked, id=11028, stack(0x000000c7d5f00000,0x000000c7d6000000)]
  0x000001cfe1e59000 JavaThread "Reference Handler" daemon [_thread_blocked, id=11008, stack(0x000000c7d6600000,0x000000c7d6700000)]
  0x000001cfe1e5a000 JavaThread "Finalizer" daemon [_thread_blocked, id=16436, stack(0x000000c7d6700000,0x000000c7d6800000)]
  0x000001cfe1e8d800 JavaThread "Signal Dispatcher" daemon [_thread_blocked, id=8048, stack(0x000000c7d6800000,0x000000c7d6900000)]
  0x000001cfe1e8f000 JavaThread "Attach Listener" daemon [_thread_blocked, id=15844, stack(0x000000c7d6900000,0x000000c7d6a00000)]
  0x000001cfe1e91000 JavaThread "Service Thread" daemon [_thread_blocked, id=16200, stack(0x000000c7d6a00000,0x000000c7d6b00000)]
  0x000001cfe1e96000 JavaThread "C2 CompilerThread0" daemon [_thread_in_native, id=12408, stack(0x000000c7d6b00000,0x000000c7d6c00000)]
  0x000001cfe1e9f000 JavaThread "C1 CompilerThread0" daemon [_thread_blocked, id=11352, stack(0x000000c7d6c00000,0x000000c7d6d00000)]
  0x000001cfe1ea4000 JavaThread "Sweeper thread" daemon [_thread_blocked, id=15884, stack(0x000000c7d6d00000,0x000000c7d6e00000)]
  0x000001cfe28ec800 JavaThread "Common-Cleaner" daemon [_thread_blocked, id=1868, stack(0x000000c7d6e00000,0x000000c7d6f00000)]
  0x000001cfe3f3e000 JavaThread "Daemon health stats" [_thread_blocked, id=7072, stack(0x000000c7d7200000,0x000000c7d7300000)]
  0x000001cfe39b2800 JavaThread "Incoming local TCP Connector on port 52474" [_thread_in_native, id=2416, stack(0x000000c7d7000000,0x000000c7d7100000)]
  0x000001cfe4170800 JavaThread "Daemon periodic checks" [_thread_blocked, id=15764, stack(0x000000c7d7300000,0x000000c7d7400000)]
  0x000001cfe4814000 JavaThread "Cache worker for journal cache (C:\Users\Administrator\.gradle\caches\journal-1)" [_thread_in_native, id=12668, stack(0x000000c7d7d00000,0x000000c7d7e00000)]
  0x000001cfe4815000 JavaThread "File lock request listener" [_thread_in_native, id=4044, stack(0x000000c7d7e00000,0x000000c7d7f00000)]
  0x000001cfe4811000 JavaThread "Cache worker for file hash cache (C:\Users\Administrator\.gradle\caches\6.1.1\fileHashes)" [_thread_in_native, id=16120, stack(0x000000c7d7f00000,0x000000c7d8000000)]
  0x000001cfe4810000 JavaThread "Cache worker for execution history cache (C:\Users\Administrator\.gradle\caches\6.1.1\executionHistory)" [_thread_in_native, id=16564, stack(0x000000c7d8400000,0x000000c7d8500000)]
  0x000001cfe7ed2000 JavaThread "Daemon Thread 2" [_thread_blocked, id=4656, stack(0x000000c7d5c00000,0x000000c7d5d00000)]
  0x000001cfe7ed2800 JavaThread "Handler for socket connection from /127.0.0.1:52474 to /127.0.0.1:52703" [_thread_in_native, id=13572, stack(0x000000c7d5d00000,0x000000c7d5e00000)]
  0x000001cfe7ecf800 JavaThread "Cancel handler" [_thread_blocked, id=13792, stack(0x000000c7d5e00000,0x000000c7d5f00000)]
  0x000001cfe7ed6000 JavaThread "Daemon worker Thread 2" [_thread_blocked, id=16472, stack(0x000000c7d7400000,0x000000c7d7500000)]
  0x000001cfe7ed0000 JavaThread "Asynchronous log dispatcher for DefaultDaemonConnection: socket connection from /127.0.0.1:52474 to /127.0.0.1:52703" [_thread_blocked, id=14056, stack(0x000000c7d7500000,0x000000c7d7600000)]
  0x000001cfe7ed3800 JavaThread "Stdin handler" [_thread_blocked, id=16624, stack(0x000000c7d7600000,0x000000c7d7700000)]
  0x000001cfe7ed1000 JavaThread "Thread-31" [_thread_blocked, id=13416, stack(0x000000c7d7700000,0x000000c7d7800000)]
  0x000001cfe7ecd800 JavaThread "Cache worker for checksums cache (C:\Users\Administrator\Documents\CrmMobile-Android\.gradle\checksums)" [_thread_blocked, id=16108, stack(0x000000c7d7800000,0x000000c7d7900000)]
  0x000001cfe7ed7800 JavaThread "Cache worker for file hash cache (C:\Users\Administrator\Documents\CrmMobile-Android\.gradle\6.1.1\fileHashes)" [_thread_blocked, id=12020, stack(0x000000c7d7900000,0x000000c7d7a00000)]
  0x000001cfe7edb000 JavaThread "Cache worker for cache directory md-supplier (C:\Users\Administrator\.gradle\caches\6.1.1\md-supplier)" [_thread_blocked, id=16388, stack(0x000000c7d7a00000,0x000000c7d7b00000)]
  0x000001cfe7ed8800 JavaThread "Cache worker for cache directory md-rule (C:\Users\Administrator\.gradle\caches\6.1.1\md-rule)" [_thread_blocked, id=12276, stack(0x000000c7d8000000,0x000000c7d8100000)]
  0x000001cfe7edb800 JavaThread "Build operations" [_thread_blocked, id=9488, stack(0x000000c7d8200000,0x000000c7d8300000)]
  0x000001cfe7ed9000 JavaThread "Build operations Thread 2" [_thread_blocked, id=15964, stack(0x000000c7d8300000,0x000000c7d8400000)]
  0x000001cfe7eda000 JavaThread "Build operations Thread 3" [_thread_blocked, id=8732, stack(0x000000c7d8500000,0x000000c7d8600000)]
  0x000001cfe480f000 JavaThread "Build operations Thread 4" [_thread_blocked, id=5912, stack(0x000000c7d8600000,0x000000c7d8700000)]
  0x000001cfe4811800 JavaThread "Cache worker for Build Output Cleanup Cache (C:\Users\Administrator\Documents\CrmMobile-Android\.gradle\buildOutputCleanup)" [_thread_in_native, id=9580, stack(0x000000c7d8700000,0x000000c7d8800000)]
  0x000001cfe4815800 JavaThread "Memory manager" [_thread_blocked, id=1784, stack(0x000000c7d8800000,0x000000c7d8900000)]
  0x000001cff3dd1800 JavaThread "Cache worker for file content cache (C:\Users\Administrator\.gradle\caches\6.1.1\fileContent)" [_thread_blocked, id=11812, stack(0x000000c7d8900000,0x000000c7d8a00000)]
  0x000001cff3dd5800 JavaThread "Cache worker for file content cache (C:\Users\Administrator\Documents\CrmMobile-Android\.gradle\6.1.1\fileContent)" [_thread_blocked, id=2108, stack(0x000000c7d8a00000,0x000000c7d8b00000)]
=>0x000001cfe7dcc800 JavaThread "C2 CompilerThread1" daemon [_thread_in_native, id=12156, stack(0x000000c7d8b00000,0x000000c7d8c00000)]
  0x000001cff3dd6000 JavaThread "Execution worker for ':'" [_thread_blocked, id=13124, stack(0x000000c7d8c00000,0x000000c7d8d00000)]
  0x000001cff3dd7000 JavaThread "Execution worker for ':' Thread 2" [_thread_blocked, id=15652, stack(0x000000c7d8d00000,0x000000c7d8e00000)]
  0x000001cff3dd8000 JavaThread "Execution worker for ':' Thread 3" [_thread_blocked, id=16560, stack(0x000000c7d8e00000,0x000000c7d8f00000)]

Other Threads:
  0x000001cfe1e55000 VMThread "VM Thread" [stack: 0x000000c7d6500000,0x000000c7d6600000] [id=11908]
  0x000001cfe2901000 WatcherThread [stack: 0x000000c7d6f00000,0x000000c7d7000000] [id=15280]
  0x000001cfc6311800 GCTaskThread "GC Thread#0" [stack: 0x000000c7d6000000,0x000000c7d6100000] [id=13080]
  0x000001cfe34b5000 GCTaskThread "GC Thread#1" [stack: 0x000000c7d7100000,0x000000c7d7200000] [id=11676]
  0x000001cfe401e000 GCTaskThread "GC Thread#2" [stack: 0x000000c7d7b00000,0x000000c7d7c00000] [id=3052]
  0x000001cfe403e000 GCTaskThread "GC Thread#3" [stack: 0x000000c7d7c00000,0x000000c7d7d00000] [id=10716]
  0x000001cfc6344000 ConcurrentGCThread "G1 Main Marker" [stack: 0x000000c7d6100000,0x000000c7d6200000] [id=7748]
  0x000001cfc6345800 ConcurrentGCThread "G1 Conc#0" [stack: 0x000000c7d6200000,0x000000c7d6300000] [id=16884]
  0x000001cfc63c4000 ConcurrentGCThread "G1 Refine#0" [stack: 0x000000c7d6300000,0x000000c7d6400000] [id=15792]
  0x000001cfc63c5000 ConcurrentGCThread "G1 Young RemSet Sampling" [stack: 0x000000c7d6400000,0x000000c7d6500000] [id=12636]

Threads with active compile tasks:
C2 CompilerThread0 739241 17197       4       org.objectweb.asm.commons.Remapper::mapType (123 bytes)
C2 CompilerThread1 739242 17242       4       org.objectweb.asm.ClassReader::readCode (5089 bytes)

VM state:not at safepoint (normal execution)

VM Mutex/Monitor currently owned by a thread: None

Heap address: 0x0000000080000000, size: 2048 MB, Compressed Oops mode: 32-bit
Narrow klass base: 0x0000000000000000, Narrow klass shift: 3
Compressed class space size: 1073741824 Address: 0x0000000100000000

Heap:
 garbage-first heap   total 224256K, used 173884K [0x0000000080000000, 0x0000000100000000)
  region size 1024K, 21 young (21504K), 2 survivors (2048K)
 Metaspace       used 107786K, capacity 110686K, committed 111024K, reserved 1146880K
  class space    used 13039K, capacity 13989K, committed 14080K, reserved 1048576K
Heap Regions: E=young(eden), S=young(survivor), O=old, HS=humongous(starts), HC=humongous(continues), CS=collection set, F=free, A=archive, TAMS=top-at-mark-start (previous, next)
|   0|0x0000000080000000, 0x0000000080100000, 0x0000000080100000|100%| O|  |TAMS 0x0000000080100000, 0x0000000080000000| Untracked 
|   1|0x0000000080100000, 0x0000000080200000, 0x0000000080200000|100%| O|  |TAMS 0x0000000080200000, 0x0000000080100000| Untracked 
|   2|0x0000000080200000, 0x0000000080300000, 0x0000000080300000|100%| O|  |TAMS 0x0000000080300000, 0x0000000080200000| Untracked 
|   3|0x0000000080300000, 0x0000000080400000, 0x0000000080400000|100%|HS|  |TAMS 0x0000000080400000, 0x0000000080300000| Complete 
|   4|0x0000000080400000, 0x0000000080500000, 0x0000000080500000|100%|HC|  |TAMS 0x0000000080500000, 0x0000000080400000| Complete 
|   5|0x0000000080500000, 0x0000000080600000, 0x0000000080600000|100%|HC|  |TAMS 0x0000000080600000, 0x0000000080500000| Complete 
|   6|0x0000000080600000, 0x0000000080700000, 0x0000000080700000|100%| O|  |TAMS 0x0000000080700000, 0x0000000080600000| Untracked 
|   7|0x0000000080700000, 0x0000000080800000, 0x0000000080800000|100%| O|  |TAMS 0x0000000080800000, 0x0000000080700000| Untracked 
|   8|0x0000000080800000, 0x0000000080900000, 0x0000000080900000|100%| O|  |TAMS 0x0000000080900000, 0x0000000080800000| Untracked 
|   9|0x0000000080900000, 0x0000000080a00000, 0x0000000080a00000|100%| O|  |TAMS 0x0000000080a00000, 0x0000000080900000| Untracked 
|  10|0x0000000080a00000, 0x0000000080b00000, 0x0000000080b00000|100%| O|  |TAMS 0x0000000080b00000, 0x0000000080a00000| Untracked 
|  11|0x0000000080b00000, 0x0000000080c00000, 0x0000000080c00000|100%| O|  |TAMS 0x0000000080c00000, 0x0000000080b00000| Untracked 
|  12|0x0000000080c00000, 0x0000000080d00000, 0x0000000080d00000|100%| O|  |TAMS 0x0000000080d00000, 0x0000000080c00000| Untracked 
|  13|0x0000000080d00000, 0x0000000080e00000, 0x0000000080e00000|100%| O|  |TAMS 0x0000000080e00000, 0x0000000080d00000| Untracked 
|  14|0x0000000080e00000, 0x0000000080f00000, 0x0000000080f00000|100%|HS|  |TAMS 0x0000000080f00000, 0x0000000080e00000| Complete 
|  15|0x0000000080f00000, 0x0000000081000000, 0x0000000081000000|100%|HC|  |TAMS 0x0000000081000000, 0x0000000080f00000| Complete 
|  16|0x0000000081000000, 0x0000000081100000, 0x0000000081100000|100%|HS|  |TAMS 0x0000000081100000, 0x0000000081000000| Complete 
|  17|0x0000000081100000, 0x0000000081200000, 0x0000000081200000|100%|HC|  |TAMS 0x0000000081200000, 0x0000000081100000| Complete 
|  18|0x0000000081200000, 0x0000000081300000, 0x0000000081300000|100%|HC|  |TAMS 0x0000000081300000, 0x0000000081200000| Complete 
|  19|0x0000000081300000, 0x0000000081400000, 0x0000000081400000|100%|HS|  |TAMS 0x0000000081400000, 0x0000000081300000| Complete 
|  20|0x0000000081400000, 0x0000000081500000, 0x0000000081500000|100%|HC|  |TAMS 0x0000000081500000, 0x0000000081400000| Complete 
|  21|0x0000000081500000, 0x0000000081600000, 0x0000000081600000|100%|HC|  |TAMS 0x0000000081600000, 0x0000000081500000| Complete 
|  22|0x0000000081600000, 0x0000000081700000, 0x0000000081700000|100%|HC|  |TAMS 0x0000000081700000, 0x0000000081600000| Complete 
|  23|0x0000000081700000, 0x0000000081800000, 0x0000000081800000|100%|HC|  |TAMS 0x0000000081800000, 0x0000000081700000| Complete 
|  24|0x0000000081800000, 0x0000000081900000, 0x0000000081900000|100%|HS|  |TAMS 0x0000000081900000, 0x0000000081800000| Complete 
|  25|0x0000000081900000, 0x0000000081a00000, 0x0000000081a00000|100%|HC|  |TAMS 0x0000000081a00000, 0x0000000081900000| Complete 
|  26|0x0000000081a00000, 0x0000000081b00000, 0x0000000081b00000|100%|HC|  |TAMS 0x0000000081b00000, 0x0000000081a00000| Complete 
|  27|0x0000000081b00000, 0x0000000081c00000, 0x0000000081c00000|100%|HS|  |TAMS 0x0000000081c00000, 0x0000000081b00000| Complete 
|  28|0x0000000081c00000, 0x0000000081d00000, 0x0000000081d00000|100%|HS|  |TAMS 0x0000000081d00000, 0x0000000081c00000| Complete 
|  29|0x0000000081d00000, 0x0000000081e00000, 0x0000000081e00000|100%|HC|  |TAMS 0x0000000081e00000, 0x0000000081d00000| Complete 
|  30|0x0000000081e00000, 0x0000000081f00000, 0x0000000081f00000|100%|HC|  |TAMS 0x0000000081f00000, 0x0000000081e00000| Complete 
|  31|0x0000000081f00000, 0x0000000082000000, 0x0000000082000000|100%|HC|  |TAMS 0x0000000082000000, 0x0000000081f00000| Complete 
|  32|0x0000000082000000, 0x0000000082100000, 0x0000000082100000|100%| O|  |TAMS 0x0000000082100000, 0x0000000082000000| Untracked 
|  33|0x0000000082100000, 0x0000000082200000, 0x0000000082200000|100%| O|  |TAMS 0x0000000082200000, 0x0000000082100000| Untracked 
|  34|0x0000000082200000, 0x0000000082300000, 0x0000000082300000|100%| O|  |TAMS 0x0000000082300000, 0x0000000082200000| Untracked 
|  35|0x0000000082300000, 0x0000000082400000, 0x0000000082400000|100%| O|  |TAMS 0x0000000082400000, 0x0000000082300000| Untracked 
|  36|0x0000000082400000, 0x0000000082500000, 0x0000000082500000|100%| O|  |TAMS 0x0000000082500000, 0x0000000082400000| Untracked 
|  37|0x0000000082500000, 0x0000000082600000, 0x0000000082600000|100%| O|  |TAMS 0x0000000082600000, 0x0000000082500000| Untracked 
|  38|0x0000000082600000, 0x0000000082700000, 0x0000000082700000|100%| O|  |TAMS 0x0000000082700000, 0x0000000082600000| Untracked 
|  39|0x0000000082700000, 0x0000000082800000, 0x0000000082800000|100%| O|  |TAMS 0x0000000082800000, 0x0000000082700000| Untracked 
|  40|0x0000000082800000, 0x0000000082900000, 0x0000000082900000|100%| O|  |TAMS 0x0000000082900000, 0x0000000082800000| Untracked 
|  41|0x0000000082900000, 0x0000000082a00000, 0x0000000082a00000|100%| O|  |TAMS 0x0000000082a00000, 0x0000000082900000| Untracked 
|  42|0x0000000082a00000, 0x0000000082b00000, 0x0000000082b00000|100%| O|  |TAMS 0x0000000082b00000, 0x0000000082a00000| Untracked 
|  43|0x0000000082b00000, 0x0000000082c00000, 0x0000000082c00000|100%| O|  |TAMS 0x0000000082c00000, 0x0000000082b00000| Untracked 
|  44|0x0000000082c00000, 0x0000000082d00000, 0x0000000082d00000|100%| O|  |TAMS 0x0000000082d00000, 0x0000000082c00000| Untracked 
|  45|0x0000000082d00000, 0x0000000082e00000, 0x0000000082e00000|100%| O|  |TAMS 0x0000000082e00000, 0x0000000082d00000| Untracked 
|  46|0x0000000082e00000, 0x0000000082f00000, 0x0000000082f00000|100%| O|  |TAMS 0x0000000082f00000, 0x0000000082e00000| Untracked 
|  47|0x0000000082f00000, 0x0000000083000000, 0x0000000083000000|100%| O|  |TAMS 0x0000000083000000, 0x0000000082f00000| Untracked 
|  48|0x0000000083000000, 0x0000000083100000, 0x0000000083100000|100%| O|  |TAMS 0x0000000083100000, 0x0000000083000000| Untracked 
|  49|0x0000000083100000, 0x0000000083200000, 0x0000000083200000|100%| O|  |TAMS 0x0000000083200000, 0x0000000083100000| Untracked 
|  50|0x0000000083200000, 0x0000000083300000, 0x0000000083300000|100%|HS|  |TAMS 0x0000000083300000, 0x0000000083200000| Complete 
|  51|0x0000000083300000, 0x0000000083400000, 0x0000000083400000|100%|HC|  |TAMS 0x0000000083400000, 0x0000000083300000| Complete 
|  52|0x0000000083400000, 0x0000000083500000, 0x0000000083500000|100%|HC|  |TAMS 0x0000000083500000, 0x0000000083400000| Complete 
|  53|0x0000000083500000, 0x0000000083600000, 0x0000000083600000|100%|HS|  |TAMS 0x0000000083600000, 0x0000000083500000| Complete 
|  54|0x0000000083600000, 0x0000000083700000, 0x0000000083700000|100%|HC|  |TAMS 0x0000000083700000, 0x0000000083600000| Complete 
|  55|0x0000000083700000, 0x0000000083800000, 0x0000000083800000|100%|HC|  |TAMS 0x0000000083800000, 0x0000000083700000| Complete 
|  56|0x0000000083800000, 0x0000000083900000, 0x0000000083900000|100%|HS|  |TAMS 0x0000000083900000, 0x0000000083800000| Complete 
|  57|0x0000000083900000, 0x0000000083a00000, 0x0000000083a00000|100%|HC|  |TAMS 0x0000000083a00000, 0x0000000083900000| Complete 
|  58|0x0000000083a00000, 0x0000000083b00000, 0x0000000083b00000|100%| O|  |TAMS 0x0000000083b00000, 0x0000000083a00000| Untracked 
|  59|0x0000000083b00000, 0x0000000083b00000, 0x0000000083c00000|  0%| F|  |TAMS 0x0000000083b00000, 0x0000000083b00000| Untracked 
|  60|0x0000000083c00000, 0x0000000083d00000, 0x0000000083d00000|100%| O|  |TAMS 0x0000000083d00000, 0x0000000083c00000| Untracked 
|  61|0x0000000083d00000, 0x0000000083e00000, 0x0000000083e00000|100%| O|  |TAMS 0x0000000083e00000, 0x0000000083d00000| Untracked 
|  62|0x0000000083e00000, 0x0000000083f00000, 0x0000000083f00000|100%| O|  |TAMS 0x0000000083f00000, 0x0000000083e00000| Untracked 
|  63|0x0000000083f00000, 0x0000000084000000, 0x0000000084000000|100%| O|  |TAMS 0x0000000084000000, 0x0000000083f00000| Untracked 
|  64|0x0000000084000000, 0x0000000084100000, 0x0000000084100000|100%| O|  |TAMS 0x0000000084100000, 0x0000000084000000| Untracked 
|  65|0x0000000084100000, 0x0000000084200000, 0x0000000084200000|100%| O|  |TAMS 0x0000000084200000, 0x0000000084100000| Untracked 
|  66|0x0000000084200000, 0x0000000084300000, 0x0000000084300000|100%| O|  |TAMS 0x0000000084300000, 0x0000000084200000| Untracked 
|  67|0x0000000084300000, 0x0000000084400000, 0x0000000084400000|100%| O|  |TAMS 0x0000000084400000, 0x0000000084300000| Untracked 
|  68|0x0000000084400000, 0x0000000084500000, 0x0000000084500000|100%| O|  |TAMS 0x0000000084500000, 0x0000000084400000| Untracked 
|  69|0x0000000084500000, 0x0000000084600000, 0x0000000084600000|100%| O|  |TAMS 0x0000000084600000, 0x0000000084500000| Untracked 
|  70|0x0000000084600000, 0x0000000084700000, 0x0000000084700000|100%| O|  |TAMS 0x0000000084700000, 0x0000000084600000| Untracked 
|  71|0x0000000084700000, 0x0000000084800000, 0x0000000084800000|100%| O|  |TAMS 0x0000000084800000, 0x0000000084700000| Untracked 
|  72|0x0000000084800000, 0x0000000084900000, 0x0000000084900000|100%| O|  |TAMS 0x0000000084900000, 0x0000000084800000| Untracked 
|  73|0x0000000084900000, 0x0000000084a00000, 0x0000000084a00000|100%| O|  |TAMS 0x0000000084a00000, 0x0000000084900000| Untracked 
|  74|0x0000000084a00000, 0x0000000084b00000, 0x0000000084b00000|100%| O|  |TAMS 0x0000000084b00000, 0x0000000084a00000| Untracked 
|  75|0x0000000084b00000, 0x0000000084c00000, 0x0000000084c00000|100%| O|  |TAMS 0x0000000084c00000, 0x0000000084b00000| Untracked 
|  76|0x0000000084c00000, 0x0000000084d00000, 0x0000000084d00000|100%| O|  |TAMS 0x0000000084d00000, 0x0000000084c00000| Untracked 
|  77|0x0000000084d00000, 0x0000000084e00000, 0x0000000084e00000|100%| O|  |TAMS 0x0000000084e00000, 0x0000000084d00000| Untracked 
|  78|0x0000000084e00000, 0x0000000084f00000, 0x0000000084f00000|100%| O|  |TAMS 0x0000000084f00000, 0x0000000084e00000| Untracked 
|  79|0x0000000084f00000, 0x0000000085000000, 0x0000000085000000|100%| O|  |TAMS 0x0000000085000000, 0x0000000084f00000| Untracked 
|  80|0x0000000085000000, 0x0000000085100000, 0x0000000085100000|100%| O|  |TAMS 0x0000000085100000, 0x0000000085000000| Untracked 
|  81|0x0000000085100000, 0x0000000085200000, 0x0000000085200000|100%| O|  |TAMS 0x0000000085200000, 0x0000000085100000| Untracked 
|  82|0x0000000085200000, 0x0000000085300000, 0x0000000085300000|100%| O|  |TAMS 0x0000000085300000, 0x0000000085200000| Untracked 
|  83|0x0000000085300000, 0x0000000085400000, 0x0000000085400000|100%| O|  |TAMS 0x0000000085400000, 0x0000000085300000| Untracked 
|  84|0x0000000085400000, 0x0000000085500000, 0x0000000085500000|100%| O|  |TAMS 0x0000000085500000, 0x0000000085400000| Untracked 
|  85|0x0000000085500000, 0x0000000085600000, 0x0000000085600000|100%| O|  |TAMS 0x0000000085600000, 0x0000000085500000| Untracked 
|  86|0x0000000085600000, 0x0000000085700000, 0x0000000085700000|100%|HS|  |TAMS 0x0000000085700000, 0x0000000085600000| Complete 
|  87|0x0000000085700000, 0x0000000085800000, 0x0000000085800000|100%|HC|  |TAMS 0x0000000085800000, 0x0000000085700000| Complete 
|  88|0x0000000085800000, 0x0000000085900000, 0x0000000085900000|100%|HS|  |TAMS 0x0000000085900000, 0x0000000085800000| Complete 
|  89|0x0000000085900000, 0x0000000085a00000, 0x0000000085a00000|100%|HC|  |TAMS 0x0000000085a00000, 0x0000000085900000| Complete 
|  90|0x0000000085a00000, 0x0000000085b00000, 0x0000000085b00000|100%|HC|  |TAMS 0x0000000085b00000, 0x0000000085a00000| Complete 
|  91|0x0000000085b00000, 0x0000000085c00000, 0x0000000085c00000|100%|HS|  |TAMS 0x0000000085c00000, 0x0000000085b00000| Complete 
|  92|0x0000000085c00000, 0x0000000085d00000, 0x0000000085d00000|100%|HC|  |TAMS 0x0000000085d00000, 0x0000000085c00000| Complete 
|  93|0x0000000085d00000, 0x0000000085e00000, 0x0000000085e00000|100%|HC|  |TAMS 0x0000000085e00000, 0x0000000085d00000| Complete 
|  94|0x0000000085e00000, 0x0000000085f00000, 0x0000000085f00000|100%|HC|  |TAMS 0x0000000085f00000, 0x0000000085e00000| Complete 
|  95|0x0000000085f00000, 0x0000000086000000, 0x0000000086000000|100%|HC|  |TAMS 0x0000000086000000, 0x0000000085f00000| Complete 
|  96|0x0000000086000000, 0x0000000086100000, 0x0000000086100000|100%|HS|  |TAMS 0x0000000086100000, 0x0000000086000000| Complete 
|  97|0x0000000086100000, 0x0000000086200000, 0x0000000086200000|100%|HC|  |TAMS 0x0000000086200000, 0x0000000086100000| Complete 
|  98|0x0000000086200000, 0x0000000086300000, 0x0000000086300000|100%|HC|  |TAMS 0x0000000086300000, 0x0000000086200000| Complete 
|  99|0x0000000086300000, 0x0000000086400000, 0x0000000086400000|100%|HS|  |TAMS 0x0000000086400000, 0x0000000086300000| Complete 
| 100|0x0000000086400000, 0x0000000086500000, 0x0000000086500000|100%|HS|  |TAMS 0x0000000086500000, 0x0000000086400000| Complete 
| 101|0x0000000086500000, 0x0000000086600000, 0x0000000086600000|100%|HC|  |TAMS 0x0000000086600000, 0x0000000086500000| Complete 
| 102|0x0000000086600000, 0x0000000086700000, 0x0000000086700000|100%|HC|  |TAMS 0x0000000086700000, 0x0000000086600000| Complete 
| 103|0x0000000086700000, 0x0000000086800000, 0x0000000086800000|100%|HC|  |TAMS 0x0000000086800000, 0x0000000086700000| Complete 
| 104|0x0000000086800000, 0x0000000086900000, 0x0000000086900000|100%| O|  |TAMS 0x0000000086900000, 0x0000000086800000| Untracked 
| 105|0x0000000086900000, 0x0000000086a00000, 0x0000000086a00000|100%| O|  |TAMS 0x0000000086900000, 0x0000000086900000| Untracked 
| 106|0x0000000086a00000, 0x0000000086b00000, 0x0000000086b00000|100%| O|  |TAMS 0x0000000086b00000, 0x0000000086a00000| Untracked 
| 107|0x0000000086b00000, 0x0000000086c00000, 0x0000000086c00000|100%| O|  |TAMS 0x0000000086c00000, 0x0000000086b00000| Untracked 
| 108|0x0000000086c00000, 0x0000000086c00000, 0x0000000086d00000|  0%| F|  |TAMS 0x0000000086c00000, 0x0000000086c00000| Untracked 
| 109|0x0000000086d00000, 0x0000000086d00000, 0x0000000086e00000|  0%| F|  |TAMS 0x0000000086d00000, 0x0000000086d00000| Untracked 
| 110|0x0000000086e00000, 0x0000000086f00000, 0x0000000086f00000|100%| O|  |TAMS 0x0000000086f00000, 0x0000000086e00000| Untracked 
| 111|0x0000000086f00000, 0x0000000086f00000, 0x0000000087000000|  0%| F|  |TAMS 0x0000000086f00000, 0x0000000086f00000| Untracked 
| 112|0x0000000087000000, 0x0000000087000000, 0x0000000087100000|  0%| F|  |TAMS 0x0000000087000000, 0x0000000087000000| Untracked 
| 113|0x0000000087100000, 0x0000000087200000, 0x0000000087200000|100%| O|  |TAMS 0x0000000087200000, 0x0000000087100000| Untracked 
| 114|0x0000000087200000, 0x0000000087300000, 0x0000000087300000|100%| O|  |TAMS 0x0000000087300000, 0x0000000087200000| Untracked 
| 115|0x0000000087300000, 0x0000000087300000, 0x0000000087400000|  0%| F|  |TAMS 0x0000000087300000, 0x0000000087300000| Untracked 
| 116|0x0000000087400000, 0x0000000087400000, 0x0000000087500000|  0%| F|  |TAMS 0x0000000087400000, 0x0000000087400000| Untracked 
| 117|0x0000000087500000, 0x0000000087600000, 0x0000000087600000|100%| O|  |TAMS 0x0000000087600000, 0x0000000087500000| Untracked 
| 118|0x0000000087600000, 0x0000000087700000, 0x0000000087700000|100%| O|  |TAMS 0x0000000087700000, 0x0000000087600000| Untracked 
| 119|0x0000000087700000, 0x0000000087800000, 0x0000000087800000|100%| O|  |TAMS 0x0000000087800000, 0x0000000087700000| Untracked 
| 120|0x0000000087800000, 0x0000000087900000, 0x0000000087900000|100%| O|  |TAMS 0x0000000087900000, 0x0000000087800000| Untracked 
| 121|0x0000000087900000, 0x0000000087a00000, 0x0000000087a00000|100%| O|  |TAMS 0x0000000087a00000, 0x0000000087900000| Untracked 
| 122|0x0000000087a00000, 0x0000000087b00000, 0x0000000087b00000|100%| O|  |TAMS 0x0000000087b00000, 0x0000000087a00000| Untracked 
| 123|0x0000000087b00000, 0x0000000087b00000, 0x0000000087c00000|  0%| F|  |TAMS 0x0000000087b00000, 0x0000000087b00000| Untracked 
| 124|0x0000000087c00000, 0x0000000087d00000, 0x0000000087d00000|100%| O|  |TAMS 0x0000000087d00000, 0x0000000087c00000| Untracked 
| 125|0x0000000087d00000, 0x0000000087e00000, 0x0000000087e00000|100%| O|  |TAMS 0x0000000087e00000, 0x0000000087d00000| Untracked 
| 126|0x0000000087e00000, 0x0000000087e00000, 0x0000000087f00000|  0%| F|  |TAMS 0x0000000087e00000, 0x0000000087e00000| Untracked 
| 127|0x0000000087f00000, 0x0000000088000000, 0x0000000088000000|100%| O|  |TAMS 0x0000000088000000, 0x0000000087f00000| Untracked 
| 128|0x0000000088000000, 0x0000000088100000, 0x0000000088100000|100%| O|  |TAMS 0x0000000088100000, 0x0000000088000000| Untracked 
| 129|0x0000000088100000, 0x0000000088100000, 0x0000000088200000|  0%| F|  |TAMS 0x0000000088100000, 0x0000000088100000| Untracked 
| 130|0x0000000088200000, 0x0000000088300000, 0x0000000088300000|100%| O|  |TAMS 0x0000000088300000, 0x0000000088200000| Untracked 
| 131|0x0000000088300000, 0x0000000088300000, 0x0000000088400000|  0%| F|  |TAMS 0x0000000088300000, 0x0000000088300000| Untracked 
| 132|0x0000000088400000, 0x0000000088400000, 0x0000000088500000|  0%| F|  |TAMS 0x0000000088400000, 0x0000000088400000| Untracked 
| 133|0x0000000088500000, 0x0000000088500000, 0x0000000088600000|  0%| F|  |TAMS 0x0000000088500000, 0x0000000088500000| Untracked 
| 134|0x0000000088600000, 0x0000000088600000, 0x0000000088700000|  0%| F|  |TAMS 0x0000000088600000, 0x0000000088600000| Untracked 
| 135|0x0000000088700000, 0x0000000088800000, 0x0000000088800000|100%| O|  |TAMS 0x0000000088800000, 0x0000000088700000| Untracked 
| 136|0x0000000088800000, 0x0000000088800000, 0x0000000088900000|  0%| F|  |TAMS 0x0000000088800000, 0x0000000088800000| Untracked 
| 137|0x0000000088900000, 0x0000000088a00000, 0x0000000088a00000|100%| O|  |TAMS 0x0000000088a00000, 0x0000000088900000| Untracked 
| 138|0x0000000088a00000, 0x0000000088b00000, 0x0000000088b00000|100%| O|  |TAMS 0x0000000088b00000, 0x0000000088a00000| Untracked 
| 139|0x0000000088b00000, 0x0000000088b00000, 0x0000000088c00000|  0%| F|  |TAMS 0x0000000088b00000, 0x0000000088b00000| Untracked 
| 140|0x0000000088c00000, 0x0000000088d00000, 0x0000000088d00000|100%| O|  |TAMS 0x0000000088d00000, 0x0000000088c00000| Untracked 
| 141|0x0000000088d00000, 0x0000000088d00000, 0x0000000088e00000|  0%| F|  |TAMS 0x0000000088d00000, 0x0000000088d00000| Untracked 
| 142|0x0000000088e00000, 0x0000000088f00000, 0x0000000088f00000|100%| O|  |TAMS 0x0000000088f00000, 0x0000000088e00000| Untracked 
| 143|0x0000000088f00000, 0x0000000088f00000, 0x0000000089000000|  0%| F|  |TAMS 0x0000000088f00000, 0x0000000088f00000| Untracked 
| 144|0x0000000089000000, 0x0000000089000000, 0x0000000089100000|  0%| F|  |TAMS 0x0000000089000000, 0x0000000089000000| Untracked 
| 145|0x0000000089100000, 0x0000000089100000, 0x0000000089200000|  0%| F|  |TAMS 0x0000000089100000, 0x0000000089100000| Untracked 
| 146|0x0000000089200000, 0x0000000089200000, 0x0000000089300000|  0%| F|  |TAMS 0x0000000089200000, 0x0000000089200000| Untracked 
| 147|0x0000000089300000, 0x0000000089300000, 0x0000000089400000|  0%| F|  |TAMS 0x0000000089300000, 0x0000000089300000| Untracked 
| 148|0x0000000089400000, 0x0000000089400000, 0x0000000089500000|  0%| F|  |TAMS 0x0000000089400000, 0x0000000089400000| Untracked 
| 149|0x0000000089500000, 0x0000000089600000, 0x0000000089600000|100%| O|  |TAMS 0x0000000089600000, 0x0000000089500000| Untracked 
| 150|0x0000000089600000, 0x0000000089700000, 0x0000000089700000|100%| O|  |TAMS 0x0000000089700000, 0x0000000089600000| Untracked 
| 151|0x0000000089700000, 0x0000000089800000, 0x0000000089800000|100%| O|  |TAMS 0x0000000089800000, 0x0000000089700000| Untracked 
| 152|0x0000000089800000, 0x0000000089900000, 0x0000000089900000|100%| O|  |TAMS 0x0000000089900000, 0x0000000089800000| Untracked 
| 153|0x0000000089900000, 0x0000000089a00000, 0x0000000089a00000|100%| O|  |TAMS 0x0000000089a00000, 0x0000000089900000| Untracked 
| 154|0x0000000089a00000, 0x0000000089b00000, 0x0000000089b00000|100%| O|  |TAMS 0x0000000089a97200, 0x0000000089a00000| Untracked 
| 155|0x0000000089b00000, 0x0000000089c00000, 0x0000000089c00000|100%| O|  |TAMS 0x0000000089b00000, 0x0000000089b00000| Untracked 
| 156|0x0000000089c00000, 0x0000000089d00000, 0x0000000089d00000|100%| O|  |TAMS 0x0000000089c00000, 0x0000000089c00000| Untracked 
| 157|0x0000000089d00000, 0x0000000089e00000, 0x0000000089e00000|100%| O|  |TAMS 0x0000000089d00000, 0x0000000089d00000| Untracked 
| 158|0x0000000089e00000, 0x0000000089f00000, 0x0000000089f00000|100%| O|  |TAMS 0x0000000089e00000, 0x0000000089e00000| Untracked 
| 159|0x0000000089f00000, 0x000000008a000000, 0x000000008a000000|100%| O|  |TAMS 0x0000000089f00000, 0x0000000089f00000| Untracked 
| 160|0x000000008a000000, 0x000000008a100000, 0x000000008a100000|100%| O|  |TAMS 0x000000008a000000, 0x000000008a000000| Untracked 
| 161|0x000000008a100000, 0x000000008a200000, 0x000000008a200000|100%| O|  |TAMS 0x000000008a100000, 0x000000008a100000| Untracked 
| 162|0x000000008a200000, 0x000000008a300000, 0x000000008a300000|100%| O|  |TAMS 0x000000008a200000, 0x000000008a200000| Untracked 
| 163|0x000000008a300000, 0x000000008a400000, 0x000000008a400000|100%| O|  |TAMS 0x000000008a300000, 0x000000008a300000| Untracked 
| 164|0x000000008a400000, 0x000000008a500000, 0x000000008a500000|100%| O|  |TAMS 0x000000008a400000, 0x000000008a400000| Untracked 
| 165|0x000000008a500000, 0x000000008a600000, 0x000000008a600000|100%| O|  |TAMS 0x000000008a500000, 0x000000008a500000| Untracked 
| 166|0x000000008a600000, 0x000000008a700000, 0x000000008a700000|100%| O|  |TAMS 0x000000008a600000, 0x000000008a600000| Untracked 
| 167|0x000000008a700000, 0x000000008a800000, 0x000000008a800000|100%| O|  |TAMS 0x000000008a700000, 0x000000008a700000| Untracked 
| 168|0x000000008a800000, 0x000000008a900000, 0x000000008a900000|100%| O|  |TAMS 0x000000008a800000, 0x000000008a800000| Untracked 
| 169|0x000000008a900000, 0x000000008aa00000, 0x000000008aa00000|100%| O|  |TAMS 0x000000008a900000, 0x000000008a900000| Untracked 
| 170|0x000000008aa00000, 0x000000008ab00000, 0x000000008ab00000|100%| O|  |TAMS 0x000000008aa00000, 0x000000008aa00000| Untracked 
| 171|0x000000008ab00000, 0x000000008ac00000, 0x000000008ac00000|100%| O|  |TAMS 0x000000008ab00000, 0x000000008ab00000| Untracked 
| 172|0x000000008ac00000, 0x000000008ad00000, 0x000000008ad00000|100%| O|  |TAMS 0x000000008ac00000, 0x000000008ac00000| Untracked 
| 173|0x000000008ad00000, 0x000000008ad00000, 0x000000008ae00000|  0%| F|  |TAMS 0x000000008ad00000, 0x000000008ad00000| Untracked 
| 174|0x000000008ae00000, 0x000000008ae00000, 0x000000008af00000|  0%| F|  |TAMS 0x000000008ae00000, 0x000000008ae00000| Untracked 
| 175|0x000000008af00000, 0x000000008af00000, 0x000000008b000000|  0%| F|  |TAMS 0x000000008af00000, 0x000000008af00000| Untracked 
| 176|0x000000008b000000, 0x000000008b000000, 0x000000008b100000|  0%| F|  |TAMS 0x000000008b000000, 0x000000008b000000| Untracked 
| 177|0x000000008b100000, 0x000000008b100000, 0x000000008b200000|  0%| F|  |TAMS 0x000000008b100000, 0x000000008b100000| Untracked 
| 178|0x000000008b200000, 0x000000008b200000, 0x000000008b300000|  0%| F|  |TAMS 0x000000008b200000, 0x000000008b200000| Untracked 
| 179|0x000000008b300000, 0x000000008b300000, 0x000000008b400000|  0%| F|  |TAMS 0x000000008b300000, 0x000000008b300000| Untracked 
| 180|0x000000008b400000, 0x000000008b400000, 0x000000008b500000|  0%| F|  |TAMS 0x000000008b400000, 0x000000008b400000| Untracked 
| 181|0x000000008b500000, 0x000000008b500000, 0x000000008b600000|  0%| F|  |TAMS 0x000000008b500000, 0x000000008b500000| Untracked 
| 182|0x000000008b600000, 0x000000008b600000, 0x000000008b700000|  0%| F|  |TAMS 0x000000008b600000, 0x000000008b600000| Untracked 
| 183|0x000000008b700000, 0x000000008b7cf050, 0x000000008b800000| 80%| S|CS|TAMS 0x000000008b700000, 0x000000008b700000| Complete 
| 184|0x000000008b800000, 0x000000008b900000, 0x000000008b900000|100%| S|CS|TAMS 0x000000008b800000, 0x000000008b800000| Complete 
| 185|0x000000008b900000, 0x000000008b900000, 0x000000008ba00000|  0%| F|  |TAMS 0x000000008b900000, 0x000000008b900000| Untracked 
| 186|0x000000008ba00000, 0x000000008ba00000, 0x000000008bb00000|  0%| F|  |TAMS 0x000000008ba00000, 0x000000008ba00000| Untracked 
| 187|0x000000008bb00000, 0x000000008bb00000, 0x000000008bc00000|  0%| F|  |TAMS 0x000000008bb00000, 0x000000008bb00000| Untracked 
| 188|0x000000008bc00000, 0x000000008bc00000, 0x000000008bd00000|  0%| F|  |TAMS 0x000000008bc00000, 0x000000008bc00000| Untracked 
| 189|0x000000008bd00000, 0x000000008bd00000, 0x000000008be00000|  0%| F|  |TAMS 0x000000008bd00000, 0x000000008bd00000| Untracked 
| 190|0x000000008be00000, 0x000000008be00000, 0x000000008bf00000|  0%| F|  |TAMS 0x000000008be00000, 0x000000008be00000| Untracked 
| 191|0x000000008bf00000, 0x000000008bf00000, 0x000000008c000000|  0%| F|  |TAMS 0x000000008bf00000, 0x000000008bf00000| Untracked 
| 192|0x000000008c000000, 0x000000008c000000, 0x000000008c100000|  0%| F|  |TAMS 0x000000008c000000, 0x000000008c000000| Untracked 
| 193|0x000000008c100000, 0x000000008c100000, 0x000000008c200000|  0%| F|  |TAMS 0x000000008c100000, 0x000000008c100000| Untracked 
| 194|0x000000008c200000, 0x000000008c200000, 0x000000008c300000|  0%| F|  |TAMS 0x000000008c200000, 0x000000008c200000| Untracked 
| 195|0x000000008c300000, 0x000000008c300000, 0x000000008c400000|  0%| F|  |TAMS 0x000000008c300000, 0x000000008c300000| Untracked 
| 196|0x000000008c400000, 0x000000008c400000, 0x000000008c500000|  0%| F|  |TAMS 0x000000008c400000, 0x000000008c400000| Untracked 
| 197|0x000000008c500000, 0x000000008c500000, 0x000000008c600000|  0%| F|  |TAMS 0x000000008c500000, 0x000000008c500000| Untracked 
| 198|0x000000008c600000, 0x000000008c600000, 0x000000008c700000|  0%| F|  |TAMS 0x000000008c600000, 0x000000008c600000| Untracked 
| 199|0x000000008c700000, 0x000000008c700000, 0x000000008c800000|  0%| F|  |TAMS 0x000000008c700000, 0x000000008c700000| Untracked 
| 200|0x000000008c800000, 0x000000008c817f00, 0x000000008c900000|  9%| E|  |TAMS 0x000000008c800000, 0x000000008c800000| Complete 
| 201|0x000000008c900000, 0x000000008ca00000, 0x000000008ca00000|100%| E|CS|TAMS 0x000000008c900000, 0x000000008c900000| Complete 
| 202|0x000000008ca00000, 0x000000008cb00000, 0x000000008cb00000|100%| E|CS|TAMS 0x000000008ca00000, 0x000000008ca00000| Complete 
| 203|0x000000008cb00000, 0x000000008cc00000, 0x000000008cc00000|100%| E|CS|TAMS 0x000000008cb00000, 0x000000008cb00000| Complete 
| 204|0x000000008cc00000, 0x000000008cd00000, 0x000000008cd00000|100%| E|CS|TAMS 0x000000008cc00000, 0x000000008cc00000| Complete 
| 205|0x000000008cd00000, 0x000000008ce00000, 0x000000008ce00000|100%| E|CS|TAMS 0x000000008cd00000, 0x000000008cd00000| Complete 
| 206|0x000000008ce00000, 0x000000008cf00000, 0x000000008cf00000|100%| E|CS|TAMS 0x000000008ce00000, 0x000000008ce00000| Complete 
| 207|0x000000008cf00000, 0x000000008d000000, 0x000000008d000000|100%| E|CS|TAMS 0x000000008cf00000, 0x000000008cf00000| Complete 
| 208|0x000000008d000000, 0x000000008d100000, 0x000000008d100000|100%| E|CS|TAMS 0x000000008d000000, 0x000000008d000000| Complete 
| 209|0x000000008d100000, 0x000000008d200000, 0x000000008d200000|100%| E|CS|TAMS 0x000000008d100000, 0x000000008d100000| Complete 
| 210|0x000000008d200000, 0x000000008d300000, 0x000000008d300000|100%| E|CS|TAMS 0x000000008d200000, 0x000000008d200000| Complete 
| 211|0x000000008d300000, 0x000000008d400000, 0x000000008d400000|100%| E|CS|TAMS 0x000000008d300000, 0x000000008d300000| Complete 
| 212|0x000000008d400000, 0x000000008d500000, 0x000000008d500000|100%| E|CS|TAMS 0x000000008d400000, 0x000000008d400000| Complete 
| 213|0x000000008d500000, 0x000000008d600000, 0x000000008d600000|100%| E|CS|TAMS 0x000000008d500000, 0x000000008d500000| Complete 
| 214|0x000000008d600000, 0x000000008d700000, 0x000000008d700000|100%| E|CS|TAMS 0x000000008d600000, 0x000000008d600000| Complete 
| 215|0x000000008d700000, 0x000000008d800000, 0x000000008d800000|100%| E|CS|TAMS 0x000000008d700000, 0x000000008d700000| Complete 
| 216|0x000000008d800000, 0x000000008d900000, 0x000000008d900000|100%| E|CS|TAMS 0x000000008d800000, 0x000000008d800000| Complete 
| 217|0x000000008d900000, 0x000000008da00000, 0x000000008da00000|100%| E|CS|TAMS 0x000000008d900000, 0x000000008d900000| Complete 
| 218|0x000000008da00000, 0x000000008db00000, 0x000000008db00000|100%| E|CS|TAMS 0x000000008da00000, 0x000000008da00000| Complete 

Card table byte_map: [0x000001cfdb020000,0x000001cfdb420000] _byte_map_base: 0x000001cfdac20000

Marking Bits (Prev, Next): (CMBitMap*) 0x000001cfc633b6e0, (CMBitMap*) 0x000001cfc633b6a8
 Prev Bits: [0x000001cfdd820000, 0x000001cfdf820000)
 Next Bits: [0x000001cfdb820000, 0x000001cfdd820000)

Polling page: 0x000001cfc63e0000

Metaspace:

Usage:
  Non-class:     94.43 MB capacity,    92.53 MB ( 98%) used,     1.64 MB (  2%) free+waste,   272.50 KB ( <1%) overhead. 
      Class:     13.66 MB capacity,    12.73 MB ( 93%) used,   829.52 KB (  6%) free+waste,   120.31 KB ( <1%) overhead. 
       Both:    108.09 MB capacity,   105.26 MB ( 97%) used,     2.45 MB (  2%) free+waste,   392.81 KB ( <1%) overhead. 

Virtual space:
  Non-class space:       96.00 MB reserved,      94.67 MB ( 99%) committed 
      Class space:        1.00 GB reserved,      13.75 MB (  1%) committed 
             Both:        1.09 GB reserved,     108.42 MB ( 10%) committed 

Chunk freelists:
   Non-Class:  55.00 KB
       Class:  0 bytes
        Both:  55.00 KB

MaxMetaspaceSize: 17179869184.00 GB
CompressedClassSpaceSize: 1.00 GB
Initial GC threshold: 20.80 MB
Current GC threshold: 179.25 MB
CDS: off

CodeHeap 'non-profiled nmethods': size=120064Kb used=12857Kb max_used=12857Kb free=107206Kb
 bounds [0x000001cfd30c0000, 0x000001cfd3d50000, 0x000001cfda600000]
CodeHeap 'profiled nmethods': size=120000Kb used=39097Kb max_used=39097Kb free=80902Kb
 bounds [0x000001cfcbb90000, 0x000001cfce1d0000, 0x000001cfd30c0000]
CodeHeap 'non-nmethods': size=5696Kb used=2403Kb max_used=2476Kb free=3292Kb
 bounds [0x000001cfcb600000, 0x000001cfcb880000, 0x000001cfcbb90000]
 total_blobs=17356 nmethods=16427 adapters=841
 compilation: enabled
              stopped_count=0, restarted_count=0
 full_count=0

Compilation events (20 events):
Event: 738.726 Thread 0x000001cfe1e9f000 17294       2       java.util.stream.StreamSpliterators$AbstractWrappingSpliterator::fillBuffer (64 bytes)
Event: 738.727 Thread 0x000001cfe1e9f000 nmethod 17294 0x000001cfce1bc010 code [0x000001cfce1bc200, 0x000001cfce1bc508]
Event: 738.796 Thread 0x000001cfe1e9f000 17295       2       java.util.concurrent.ConcurrentLinkedQueue::poll (84 bytes)
Event: 738.799 Thread 0x000001cfe1e9f000 nmethod 17295 0x000001cfce1bc690 code [0x000001cfce1bca40, 0x000001cfce1bdf28]
Event: 738.823 Thread 0x000001cfe1e9f000 17296   !   2       java.util.concurrent.ConcurrentHashMap::clear (176 bytes)
Event: 738.825 Thread 0x000001cfe1e9f000 nmethod 17296 0x000001cfce1be810 code [0x000001cfce1bea00, 0x000001cfce1bf0b8]
Event: 738.844 Thread 0x000001cfe1e9f000 17298       2       java.nio.charset.CharsetEncoder::implReplaceWith (1 bytes)
Event: 738.844 Thread 0x000001cfe1e9f000 nmethod 17298 0x000001cfce1bf410 code [0x000001cfce1bf5c0, 0x000001cfce1bf6b8]
Event: 738.845 Thread 0x000001cfe1e9f000 17299       2       sun.nio.cs.UTF_8$Encoder::isLegalReplacement (26 bytes)
Event: 738.845 Thread 0x000001cfe1e9f000 nmethod 17299 0x000001cfce1bf790 code [0x000001cfce1bf940, 0x000001cfce1bfaa8]
Event: 738.849 Thread 0x000001cfe1e9f000 17300       2       sun.nio.cs.UTF_8::newEncoder (9 bytes)
Event: 738.849 Thread 0x000001cfe1e9f000 nmethod 17300 0x000001cfce1bfb90 code [0x000001cfce1bfd80, 0x000001cfce1bffc8]
Event: 738.849 Thread 0x000001cfe1e9f000 17301       2       sun.nio.cs.UTF_8$Encoder::<init> (10 bytes)
Event: 738.849 Thread 0x000001cfe1e9f000 nmethod 17301 0x000001cfce1c0110 code [0x000001cfce1c0300, 0x000001cfce1c04c8]
Event: 738.991 Thread 0x000001cfe1e96000 nmethod 17224 0x000001cfd3d3d190 code [0x000001cfd3d3d900, 0x000001cfd3d45810]
Event: 738.992 Thread 0x000001cfe1e96000 17297       4       java.util.TimSort::sort (229 bytes)
Event: 739.088 Thread 0x000001cfe1e96000 nmethod 17297 0x000001cfd3d4a990 code [0x000001cfd3d4ac00, 0x000001cfd3d4cd80]
Event: 739.088 Thread 0x000001cfe1e96000 17267       4       java.util.regex.Matcher::matches (10 bytes)
Event: 739.095 Thread 0x000001cfe1e96000 nmethod 17267 0x000001cfd3d4df10 code [0x000001cfd3d4e0e0, 0x000001cfd3d4e378]
Event: 739.095 Thread 0x000001cfe1e96000 17197       4       org.objectweb.asm.commons.Remapper::mapType (123 bytes)

GC Heap History (20 events):
Event: 145.272 GC heap before
{Heap before GC invocations=83 (full 0):
 garbage-first heap   total 224256K, used 189549K [0x0000000080000000, 0x0000000100000000)
  region size 1024K, 39 young (39936K), 2 survivors (2048K)
 Metaspace       used 101504K, capacity 103958K, committed 104240K, reserved 1140736K
  class space    used 12449K, capacity 13347K, committed 13440K, reserved 1048576K
}
Event: 145.279 GC heap after
{Heap after GC invocations=84 (full 0):
 garbage-first heap   total 224256K, used 153139K [0x0000000080000000, 0x0000000100000000)
  region size 1024K, 3 young (3072K), 3 survivors (3072K)
 Metaspace       used 101504K, capacity 103958K, committed 104240K, reserved 1140736K
  class space    used 12449K, capacity 13347K, committed 13440K, reserved 1048576K
}
Event: 145.303 GC heap before
{Heap before GC invocations=84 (full 0):
 garbage-first heap   total 224256K, used 160307K [0x0000000080000000, 0x0000000100000000)
  region size 1024K, 10 young (10240K), 3 survivors (3072K)
 Metaspace       used 101699K, capacity 104182K, committed 104496K, reserved 1140736K
  class space    used 12480K, capacity 13379K, committed 13440K, reserved 1048576K
}
Event: 145.308 GC heap after
{Heap after GC invocations=85 (full 0):
 garbage-first heap   total 224256K, used 152721K [0x0000000080000000, 0x0000000100000000)
  region size 1024K, 1 young (1024K), 1 survivors (1024K)
 Metaspace       used 101699K, capacity 104182K, committed 104496K, reserved 1140736K
  class space    used 12480K, capacity 13379K, committed 13440K, reserved 1048576K
}
Event: 729.795 GC heap before
{Heap before GC invocations=85 (full 0):
 garbage-first heap   total 224256K, used 189585K [0x0000000080000000, 0x0000000100000000)
  region size 1024K, 38 young (38912K), 1 survivors (1024K)
 Metaspace       used 105864K, capacity 108573K, committed 108720K, reserved 1144832K
  class space    used 12820K, capacity 13749K, committed 13824K, reserved 1048576K
}
Event: 729.801 GC heap after
{Heap after GC invocations=86 (full 0):
 garbage-first heap   total 224256K, used 153405K [0x0000000080000000, 0x0000000100000000)
  region size 1024K, 2 young (2048K), 2 survivors (2048K)
 Metaspace       used 105864K, capacity 108573K, committed 108720K, reserved 1144832K
  class space    used 12820K, capacity 13749K, committed 13824K, reserved 1048576K
}
Event: 731.526 GC heap before
{Heap before GC invocations=86 (full 0):
 garbage-first heap   total 224256K, used 190269K [0x0000000080000000, 0x0000000100000000)
  region size 1024K, 39 young (39936K), 2 survivors (2048K)
 Metaspace       used 106686K, capacity 109520K, committed 109616K, reserved 1144832K
  class space    used 12922K, capacity 13891K, committed 13952K, reserved 1048576K
}
Event: 731.540 GC heap after
{Heap after GC invocations=87 (full 0):
 garbage-first heap   total 224256K, used 158205K [0x0000000080000000, 0x0000000100000000)
  region size 1024K, 5 young (5120K), 5 survivors (5120K)
 Metaspace       used 106686K, capacity 109520K, committed 109616K, reserved 1144832K
  class space    used 12922K, capacity 13891K, committed 13952K, reserved 1048576K
}
Event: 735.138 GC heap before
{Heap before GC invocations=87 (full 0):
 garbage-first heap   total 224256K, used 191997K [0x0000000080000000, 0x0000000100000000)
  region size 1024K, 38 young (38912K), 5 survivors (5120K)
 Metaspace       used 107010K, capacity 109853K, committed 110128K, reserved 1144832K
  class space    used 12955K, capacity 13932K, committed 13952K, reserved 1048576K
}
Event: 735.188 GC heap after
{Heap after GC invocations=88 (full 0):
 garbage-first heap   total 224256K, used 163420K [0x0000000080000000, 0x0000000100000000)
  region size 1024K, 5 young (5120K), 5 survivors (5120K)
 Metaspace       used 107010K, capacity 109853K, committed 110128K, reserved 1144832K
  class space    used 12955K, capacity 13932K, committed 13952K, reserved 1048576K
}
Event: 736.540 GC heap before
{Heap before GC invocations=89 (full 0):
 garbage-first heap   total 224256K, used 192092K [0x0000000080000000, 0x0000000100000000)
  region size 1024K, 33 young (33792K), 5 survivors (5120K)
 Metaspace       used 107618K, capacity 110488K, committed 110768K, reserved 1146880K
  class space    used 13038K, capacity 13989K, committed 14080K, reserved 1048576K
}
Event: 736.559 GC heap after
{Heap after GC invocations=90 (full 0):
 garbage-first heap   total 224256K, used 169149K [0x0000000080000000, 0x0000000100000000)
  region size 1024K, 5 young (5120K), 5 survivors (5120K)
 Metaspace       used 107618K, capacity 110488K, committed 110768K, reserved 1146880K
  class space    used 13038K, capacity 13989K, committed 14080K, reserved 1048576K
}
Event: 736.694 GC heap before
{Heap before GC invocations=90 (full 0):
 garbage-first heap   total 224256K, used 173245K [0x0000000080000000, 0x0000000100000000)
  region size 1024K, 10 young (10240K), 5 survivors (5120K)
 Metaspace       used 107621K, capacity 110488K, committed 110768K, reserved 1146880K
  class space    used 13038K, capacity 13989K, committed 14080K, reserved 1048576K
}
Event: 736.713 GC heap after
{Heap after GC invocations=91 (full 0):
 garbage-first heap   total 224256K, used 155314K [0x0000000080000000, 0x0000000100000000)
  region size 1024K, 1 young (1024K), 1 survivors (1024K)
 Metaspace       used 107621K, capacity 110488K, committed 110768K, reserved 1146880K
  class space    used 13038K, capacity 13989K, committed 14080K, reserved 1048576K
}
Event: 737.066 GC heap before
{Heap before GC invocations=91 (full 0):
 garbage-first heap   total 224256K, used 163506K [0x0000000080000000, 0x0000000100000000)
  region size 1024K, 10 young (10240K), 1 survivors (1024K)
 Metaspace       used 107639K, capacity 110488K, committed 110768K, reserved 1146880K
  class space    used 13038K, capacity 13989K, committed 14080K, reserved 1048576K
}
Event: 737.077 GC heap after
{Heap after GC invocations=92 (full 0):
 garbage-first heap   total 224256K, used 153929K [0x0000000080000000, 0x0000000100000000)
  region size 1024K, 1 young (1024K), 1 survivors (1024K)
 Metaspace       used 107639K, capacity 110488K, committed 110768K, reserved 1146880K
  class space    used 13038K, capacity 13989K, committed 14080K, reserved 1048576K
}
Event: 738.180 GC heap before
{Heap before GC invocations=92 (full 0):
 garbage-first heap   total 224256K, used 184649K [0x0000000080000000, 0x0000000100000000)
  region size 1024K, 32 young (32768K), 1 survivors (1024K)
 Metaspace       used 107708K, capacity 110622K, committed 110768K, reserved 1146880K
  class space    used 13038K, capacity 13989K, committed 14080K, reserved 1048576K
}
Event: 738.186 GC heap after
{Heap after GC invocations=93 (full 0):
 garbage-first heap   total 224256K, used 155421K [0x0000000080000000, 0x0000000100000000)
  region size 1024K, 2 young (2048K), 2 survivors (2048K)
 Metaspace       used 107708K, capacity 110622K, committed 110768K, reserved 1146880K
  class space    used 13038K, capacity 13989K, committed 14080K, reserved 1048576K
}
Event: 738.580 GC heap before
{Heap before GC invocations=93 (full 0):
 garbage-first heap   total 224256K, used 187165K [0x0000000080000000, 0x0000000100000000)
  region size 1024K, 34 young (34816K), 2 survivors (2048K)
 Metaspace       used 107780K, capacity 110686K, committed 111024K, reserved 1146880K
  class space    used 13039K, capacity 13989K, committed 14080K, reserved 1048576K
}
Event: 738.584 GC heap after
{Heap after GC invocations=94 (full 0):
 garbage-first heap   total 224256K, used 155452K [0x0000000080000000, 0x0000000100000000)
  region size 1024K, 2 young (2048K), 2 survivors (2048K)
 Metaspace       used 107780K, capacity 110686K, committed 111024K, reserved 1146880K
  class space    used 13039K, capacity 13989K, committed 14080K, reserved 1048576K
}

Deoptimization events (20 events):
Event: 737.379 Thread 0x000001cff3dd8000 DEOPT PACKING pc=0x000001cfd31d1c9c sp=0x000000c7d8efd440
Event: 737.379 Thread 0x000001cff3dd8000 DEOPT UNPACKING pc=0x000001cfcb64a1af sp=0x000000c7d8efd2b8 mode 2
Event: 738.207 Thread 0x000001cff3dd7000 Uncommon trap: trap_request=0xffffff4d fr.pc=0x000001cfd3774ed0 relative=0x0000000000000130
Event: 738.207 Thread 0x000001cff3dd7000 Uncommon trap: reason=unstable_if action=reinterpret pc=0x000001cfd3774ed0 method=org.objectweb.asm.ByteVector.putByteArray([BII)Lorg/objectweb/asm/ByteVector; @ 20 c2
Event: 738.207 Thread 0x000001cff3dd7000 DEOPT PACKING pc=0x000001cfd3774ed0 sp=0x000000c7d8dfb1a0
Event: 738.207 Thread 0x000001cff3dd7000 DEOPT UNPACKING pc=0x000001cfcb64a1af sp=0x000000c7d8dfb170 mode 2
Event: 738.349 Thread 0x000001cff3dd7000 DEOPT PACKING pc=0x000001cfcdb53376 sp=0x000000c7d8dfb870
Event: 738.349 Thread 0x000001cff3dd7000 DEOPT UNPACKING pc=0x000001cfcb64a95e sp=0x000000c7d8dfae40 mode 0
Event: 738.371 Thread 0x000001cff3dd7000 Uncommon trap: trap_request=0xffffff4d fr.pc=0x000001cfd37dc91c relative=0x000000000000061c
Event: 738.371 Thread 0x000001cff3dd7000 Uncommon trap: reason=unstable_if action=reinterpret pc=0x000001cfd37dc91c method=org.objectweb.asm.MethodWriter.computeMethodInfoSize()I @ 107 c2
Event: 738.371 Thread 0x000001cff3dd7000 DEOPT PACKING pc=0x000001cfd37dc91c sp=0x000000c7d8dfb930
Event: 738.371 Thread 0x000001cff3dd7000 DEOPT UNPACKING pc=0x000001cfcb64a1af sp=0x000000c7d8dfb8d8 mode 2
Event: 738.478 Thread 0x000001cff3dd7000 Uncommon trap: trap_request=0xffffff4d fr.pc=0x000001cfd380e19c relative=0x00000000000000dc
Event: 738.478 Thread 0x000001cff3dd7000 Uncommon trap: reason=unstable_if action=reinterpret pc=0x000001cfd380e19c method=org.objectweb.asm.Handler.getExceptionTableLength(Lorg/objectweb/asm/Handler;)I @ 5 c2
Event: 738.478 Thread 0x000001cff3dd7000 DEOPT PACKING pc=0x000001cfd380e19c sp=0x000000c7d8dfb830
Event: 738.478 Thread 0x000001cff3dd7000 DEOPT UNPACKING pc=0x000001cfcb64a1af sp=0x000000c7d8dfb750 mode 2
Event: 738.793 Thread 0x000001cff3dd7000 Uncommon trap: trap_request=0xffffff4d fr.pc=0x000001cfd35513d8 relative=0x0000000000000498
Event: 738.793 Thread 0x000001cff3dd7000 Uncommon trap: reason=unstable_if action=reinterpret pc=0x000001cfd35513d8 method=java.util.concurrent.ConcurrentLinkedQueue.poll()Ljava/lang/Object; @ 24 c2
Event: 738.793 Thread 0x000001cff3dd7000 DEOPT PACKING pc=0x000001cfd35513d8 sp=0x000000c7d8dfb820
Event: 738.793 Thread 0x000001cff3dd7000 DEOPT UNPACKING pc=0x000001cfcb64a1af sp=0x000000c7d8dfb7d8 mode 2

Classes redefined (0 events):
No events

Internal exceptions (20 events):
Event: 729.870 Thread 0x000001cfe7ed1000 Exception <a 'java/lang/NoSuchMethodError'{0x000000008d9e7bd0}: <clinit>> (0x000000008d9e7bd0) thrown at [./src/hotspot/share/prims/jni.cpp, line 1366]
Event: 729.870 Thread 0x000001cfe7ed1000 Exception <a 'java/lang/NoSuchMethodError'{0x000000008d9e9a20}: <clinit>> (0x000000008d9e9a20) thrown at [./src/hotspot/share/prims/jni.cpp, line 1366]
Event: 730.325 Thread 0x000001cfe7ed6000 Exception <a 'java/lang/NoSuchMethodError'{0x000000008cdea1f8}: 'long java.lang.invoke.DirectMethodHandle$Holder.invokeVirtual(java.lang.Object, java.lang.Object)'> (0x000000008cdea1f8) thrown at [./src/hotspot/share/interpreter/linkResolver.cpp, line 773]
Event: 730.330 Thread 0x000001cfe7ed1000 Exception <a 'java/lang/NoSuchMethodError'{0x000000008cc166d0}: <clinit>> (0x000000008cc166d0) thrown at [./src/hotspot/share/prims/jni.cpp, line 1366]
Event: 730.333 Thread 0x000001cfe7ed1000 Exception <a 'java/lang/NoSuchMethodError'{0x000000008cc2daa0}: <clinit>> (0x000000008cc2daa0) thrown at [./src/hotspot/share/prims/jni.cpp, line 1366]
Event: 730.333 Thread 0x000001cfe7ed1000 Exception <a 'java/lang/NoSuchMethodError'{0x000000008cc2ebb0}: <clinit>> (0x000000008cc2ebb0) thrown at [./src/hotspot/share/prims/jni.cpp, line 1366]
Event: 730.333 Thread 0x000001cfe7ed1000 Exception <a 'java/lang/NoSuchMethodError'{0x000000008cc2feb8}: <clinit>> (0x000000008cc2feb8) thrown at [./src/hotspot/share/prims/jni.cpp, line 1366]
Event: 730.334 Thread 0x000001cfe7ed1000 Exception <a 'java/lang/NoSuchMethodError'{0x000000008cc39248}: <clinit>> (0x000000008cc39248) thrown at [./src/hotspot/share/prims/jni.cpp, line 1366]
Event: 730.338 Thread 0x000001cfe7ed1000 Exception <a 'java/lang/NoSuchMethodError'{0x000000008cc433d8}: <clinit>> (0x000000008cc433d8) thrown at [./src/hotspot/share/prims/jni.cpp, line 1366]
Event: 730.344 Thread 0x000001cfe7ed1000 Exception <a 'java/lang/NoSuchMethodError'{0x000000008cc6b0d8}: <clinit>> (0x000000008cc6b0d8) thrown at [./src/hotspot/share/prims/jni.cpp, line 1366]
Event: 734.577 Thread 0x000001cfe7ed6000 Implicit null exception at 0x000001cfd3c54023 to 0x000001cfd3c5c7a4
Event: 735.786 Thread 0x000001cfe7ed6000 Exception <a 'java/lang/ClassNotFoundException'{0x000000008d4dc878}: com/android/build/gradle/tasks/MergeResources_DecoratedBeanInfo> (0x000000008d4dc878) thrown at [./src/hotspot/share/classfile/systemDictionary.cpp, line 231]
Event: 735.787 Thread 0x000001cfe7ed6000 Exception <a 'java/lang/ClassNotFoundException'{0x000000008d4eff78}: com/android/build/gradle/tasks/MergeResourcesBeanInfo> (0x000000008d4eff78) thrown at [./src/hotspot/share/classfile/systemDictionary.cpp, line 231]
Event: 735.788 Thread 0x000001cfe7ed6000 Exception <a 'java/lang/ClassNotFoundException'{0x000000008d303dd0}: com/android/build/gradle/tasks/ResourceAwareTaskBeanInfo> (0x000000008d303dd0) thrown at [./src/hotspot/share/classfile/systemDictionary.cpp, line 231]
Event: 735.789 Thread 0x000001cfe7ed6000 Exception <a 'java/lang/ClassNotFoundException'{0x000000008d317be8}: com/android/build/gradle/tasks/ResourceAwareTaskCustomizer> (0x000000008d317be8) thrown at [./src/hotspot/share/classfile/systemDictionary.cpp, line 231]
Event: 735.803 Thread 0x000001cfe7ed6000 Exception <a 'java/lang/ClassNotFoundException'{0x000000008d342028}: com/android/build/gradle/tasks/MergeResourcesCustomizer> (0x000000008d342028) thrown at [./src/hotspot/share/classfile/systemDictionary.cpp, line 231]
Event: 735.805 Thread 0x000001cfe7ed6000 Exception <a 'java/lang/ClassNotFoundException'{0x000000008d3863f0}: com/android/build/gradle/tasks/MergeResources_DecoratedCustomizer> (0x000000008d3863f0) thrown at [./src/hotspot/share/classfile/systemDictionary.cpp, line 231]
Event: 737.518 Thread 0x000001cff3dd7000 Exception <a 'java/net/SocketTimeoutException'{0x000000008d4f4a48}: Read timed out> (0x000000008d4f4a48) thrown at [./src/hotspot/share/prims/jni.cpp, line 637]
Event: 738.207 Thread 0x000001cff3dd7000 Implicit null exception at 0x000001cfd3774de6 to 0x000001cfd3774eb0
Event: 738.685 Thread 0x000001cff3dd7000 Exception <a 'sun/nio/fs/WindowsException'{0x000000008cd1f1f8}> (0x000000008cd1f1f8) thrown at [./src/hotspot/share/prims/jni.cpp, line 616]

Events (20 events):
Event: 736.693 Executing VM operation: G1CollectForAllocation
Event: 736.713 Executing VM operation: G1CollectForAllocation done
Event: 737.066 Executing VM operation: G1CollectForAllocation
Event: 737.077 Executing VM operation: G1CollectForAllocation done
Event: 737.403 Executing VM operation: RevokeBias
Event: 737.403 Executing VM operation: RevokeBias done
Event: 737.403 Executing VM operation: RevokeBias
Event: 737.403 Executing VM operation: RevokeBias done
Event: 737.511 Executing VM operation: RevokeBias
Event: 737.512 Executing VM operation: RevokeBias done
Event: 737.512 Executing VM operation: RevokeBias
Event: 737.513 Executing VM operation: RevokeBias done
Event: 738.178 Executing VM operation: G1CollectForAllocation
Event: 738.186 Executing VM operation: G1CollectForAllocation done
Event: 738.410 loading class com/android/tools/build/jetifier/core/rule/RewriteRule$TypeRewriteResult
Event: 738.410 loading class com/android/tools/build/jetifier/core/rule/RewriteRule$TypeRewriteResult done
Event: 738.411 loading class com/android/tools/build/jetifier/core/rule/RewriteRule$TypeRewriteResult$Companion
Event: 738.411 loading class com/android/tools/build/jetifier/core/rule/RewriteRule$TypeRewriteResult$Companion done
Event: 738.580 Executing VM operation: G1CollectForAllocation
Event: 738.584 Executing VM operation: G1CollectForAllocation done


Dynamic libraries:
0x00007ff6cf0c0000 - 0x00007ff6cf0ca000 	D:\Program Files\Android\Android Studio\jre\bin\java.exe
0x00007ffc47950000 - 0x00007ffc47b44000 	C:\Windows\SYSTEM32\ntdll.dll
0x00007ffc47770000 - 0x00007ffc4782d000 	C:\Windows\System32\KERNEL32.DLL
0x00007ffc453b0000 - 0x00007ffc45677000 	C:\Windows\System32\KERNELBASE.dll
0x00007ffc452b0000 - 0x00007ffc453b0000 	C:\Windows\System32\ucrtbase.dll
0x00007ffc3b090000 - 0x00007ffc3b0a9000 	D:\Program Files\Android\Android Studio\jre\bin\jli.dll
0x00007ffc3c050000 - 0x00007ffc3c067000 	D:\Program Files\Android\Android Studio\jre\bin\VCRUNTIME140.dll
0x00007ffc46a00000 - 0x00007ffc46ba0000 	C:\Windows\System32\USER32.dll
0x00007ffc2eef0000 - 0x00007ffc2f18a000 	C:\Windows\WinSxS\amd64_microsoft.windows.common-controls_6595b64144ccf1df_6.0.19041.1_none_b555e41d4684ddec\COMCTL32.dll
0x00007ffc45680000 - 0x00007ffc456a2000 	C:\Windows\System32\win32u.dll
0x00007ffc464c0000 - 0x00007ffc4655e000 	C:\Windows\System32\msvcrt.dll
0x00007ffc46560000 - 0x00007ffc4658a000 	C:\Windows\System32\GDI32.dll
0x00007ffc451a0000 - 0x00007ffc452aa000 	C:\Windows\System32\gdi32full.dll
0x00007ffc45910000 - 0x00007ffc459ad000 	C:\Windows\System32\msvcp_win.dll
0x00007ffc469d0000 - 0x00007ffc46a00000 	C:\Windows\System32\IMM32.DLL
0x00007ffc1e240000 - 0x00007ffc1e2dd000 	D:\Program Files\Android\Android Studio\jre\bin\msvcp140.dll
0x00007ffc19050000 - 0x00007ffc19b52000 	D:\Program Files\Android\Android Studio\jre\bin\server\jvm.dll
0x00007ffc460b0000 - 0x00007ffc4615a000 	C:\Windows\System32\ADVAPI32.dll
0x00007ffc46c50000 - 0x00007ffc46ceb000 	C:\Windows\System32\sechost.dll
0x00007ffc46670000 - 0x00007ffc46793000 	C:\Windows\System32\RPCRT4.dll
0x00007ffc46cf0000 - 0x00007ffc46cf8000 	C:\Windows\System32\PSAPI.DLL
0x00007ffc373c0000 - 0x00007ffc373c9000 	C:\Windows\SYSTEM32\WSOCK32.dll
0x00007ffc3bb40000 - 0x00007ffc3bb67000 	C:\Windows\SYSTEM32\WINMM.dll
0x00007ffc2d4f0000 - 0x00007ffc2d4fa000 	C:\Windows\SYSTEM32\VERSION.dll
0x00007ffc46960000 - 0x00007ffc469cb000 	C:\Windows\System32\WS2_32.dll
0x00007ffc43020000 - 0x00007ffc43033000 	C:\Windows\SYSTEM32\kernel.appcore.dll
0x00007ffc40e20000 - 0x00007ffc40e31000 	D:\Program Files\Android\Android Studio\jre\bin\verify.dll
0x00007ffc36870000 - 0x00007ffc36a54000 	C:\Windows\SYSTEM32\DBGHELP.DLL
0x00007ffc360a0000 - 0x00007ffc360cc000 	C:\Windows\SYSTEM32\dbgcore.DLL
0x00007ffc456e0000 - 0x00007ffc4575f000 	C:\Windows\System32\bcryptPrimitives.dll
0x00007ffc3dec0000 - 0x00007ffc3dee9000 	D:\Program Files\Android\Android Studio\jre\bin\java.dll
0x00007ffc40f00000 - 0x00007ffc40f0b000 	D:\Program Files\Android\Android Studio\jre\bin\jimage.dll
0x00007ffc3f960000 - 0x00007ffc3f978000 	D:\Program Files\Android\Android Studio\jre\bin\zip.dll
0x00007ffc46fd0000 - 0x00007ffc47701000 	C:\Windows\System32\SHELL32.dll
0x00007ffc43220000 - 0x00007ffc439aa000 	C:\Windows\SYSTEM32\windows.storage.dll
0x00007ffc46160000 - 0x00007ffc464b4000 	C:\Windows\System32\combase.dll
0x00007ffc44b10000 - 0x00007ffc44b3b000 	C:\Windows\SYSTEM32\Wldp.dll
0x00007ffc46ba0000 - 0x00007ffc46c4e000 	C:\Windows\System32\SHCORE.dll
0x00007ffc46050000 - 0x00007ffc460a5000 	C:\Windows\System32\shlwapi.dll
0x00007ffc44fd0000 - 0x00007ffc44fef000 	C:\Windows\SYSTEM32\profapi.dll
0x00007ffc3d9f0000 - 0x00007ffc3da0a000 	D:\Program Files\Android\Android Studio\jre\bin\net.dll
0x00007ffc3be80000 - 0x00007ffc3bf82000 	C:\Windows\SYSTEM32\WINHTTP.dll
0x00007ffc44890000 - 0x00007ffc448fa000 	C:\Windows\system32\mswsock.dll
0x00007ffc3c090000 - 0x00007ffc3c0a4000 	D:\Program Files\Android\Android Studio\jre\bin\nio.dll
0x00007ffc2df80000 - 0x00007ffc2dfa6000 	C:\Users\Administrator\.gradle\native\31\windows-amd64\native-platform.dll
0x00007ffc3ef00000 - 0x00007ffc3ef0a000 	D:\Program Files\Android\Android Studio\jre\bin\management.dll
0x00007ffc3deb0000 - 0x00007ffc3debd000 	D:\Program Files\Android\Android Studio\jre\bin\management_ext.dll
0x00007ffc44a60000 - 0x00007ffc44a78000 	C:\Windows\SYSTEM32\CRYPTSP.dll
0x00007ffc441b0000 - 0x00007ffc441e4000 	C:\Windows\system32\rsaenh.dll
0x00007ffc456b0000 - 0x00007ffc456d7000 	C:\Windows\System32\bcrypt.dll
0x00007ffc44f90000 - 0x00007ffc44fbe000 	C:\Windows\SYSTEM32\USERENV.dll
0x00007ffc44a80000 - 0x00007ffc44a8c000 	C:\Windows\SYSTEM32\CRYPTBASE.dll
0x00007ffc44530000 - 0x00007ffc4456b000 	C:\Windows\SYSTEM32\IPHLPAPI.DLL
0x00007ffc45fc0000 - 0x00007ffc45fc9000 	C:\Windows\System32\NSI.dll
0x00007ffc3d5b0000 - 0x00007ffc3d5c7000 	C:\Windows\SYSTEM32\dhcpcsvc6.DLL
0x00007ffc3d680000 - 0x00007ffc3d69d000 	C:\Windows\SYSTEM32\dhcpcsvc.DLL
0x00007ffc44580000 - 0x00007ffc4464a000 	C:\Windows\SYSTEM32\DNSAPI.dll
0x00007ffc35cd0000 - 0x00007ffc35cf7000 	D:\Program Files\Android\Android Studio\jre\bin\sunec.dll
0x00007ffc37e40000 - 0x00007ffc37e8b000 	C:\Program Files (x86)\Sangfor\SSL\ClientComponent\SangforNspX64.dll
0x00007ffc459b0000 - 0x00007ffc45ad9000 	C:\Windows\System32\ole32.dll
0x00007ffc46590000 - 0x00007ffc46665000 	C:\Windows\System32\OLEAUT32.dll
0x00007ffc3abf0000 - 0x00007ffc3abfa000 	C:\Windows\System32\rasadhlp.dll
0x00007ffc3b680000 - 0x00007ffc3b6ff000 	C:\Windows\System32\fwpuclnt.dll
0x00007ffc43e00000 - 0x00007ffc43e33000 	C:\Windows\SYSTEM32\ntmarta.dll

dbghelp: loaded successfully - version: 4.0.5 - missing functions: none
symbol engine: initialized successfully - sym options: 0x614 - pdb path: .;D:\Program Files\Android\Android Studio\jre\bin;C:\Windows\SYSTEM32;C:\Windows\WinSxS\amd64_microsoft.windows.common-controls_6595b64144ccf1df_6.0.19041.1_none_b555e41d4684ddec;D:\Program Files\Android\Android Studio\jre\bin\server;C:\Users\Administrator\.gradle\native\31\windows-amd64;C:\Program Files (x86)\Sangfor\SSL\ClientComponent

VM Arguments:
jvm_args: --add-opens=java.base/java.util=ALL-UNNAMED --add-opens=java.base/java.lang=ALL-UNNAMED --add-opens=java.base/java.lang.invoke=ALL-UNNAMED --add-opens=java.prefs/java.util.prefs=ALL-UNNAMED -Xmx2048m -Dfile.encoding=GBK -Duser.country=CN -Duser.language=zh -Duser.variant 
java_command: org.gradle.launcher.daemon.bootstrap.GradleDaemon 6.1.1
java_class_path (initial): C:\Users\Administrator\.gradle\wrapper\dists\gradle-6.1.1-all\cfmwm155h49vnt3hynmlrsdst\gradle-6.1.1\lib\gradle-launcher-6.1.1.jar
Launcher Type: SUN_STANDARD

[Global flags]
     intx CICompilerCount                          = 3                                         {product} {ergonomic}
     uint ConcGCThreads                            = 1                                         {product} {ergonomic}
     uint G1ConcRefinementThreads                  = 4                                         {product} {ergonomic}
   size_t G1HeapRegionSize                         = 1048576                                   {product} {ergonomic}
    uintx GCDrainStackTargetSize                   = 64                                        {product} {ergonomic}
   size_t InitialHeapSize                          = 125829120                                 {product} {ergonomic}
   size_t MarkStackSize                            = 4194304                                   {product} {ergonomic}
   size_t MaxHeapSize                              = 2147483648                                {product} {command line}
   size_t MaxNewSize                               = 1287651328                                {product} {ergonomic}
   size_t MinHeapDeltaBytes                        = 1048576                                   {product} {ergonomic}
    uintx NonNMethodCodeHeapSize                   = 5830732                                {pd product} {ergonomic}
    uintx NonProfiledCodeHeapSize                  = 122913754                              {pd product} {ergonomic}
    uintx ProfiledCodeHeapSize                     = 122913754                              {pd product} {ergonomic}
    uintx ReservedCodeCacheSize                    = 251658240                              {pd product} {ergonomic}
     bool SegmentedCodeCache                       = true                                      {product} {ergonomic}
     bool UseCompressedClassPointers               = true                                 {lp64_product} {ergonomic}
     bool UseCompressedOops                        = true                                 {lp64_product} {ergonomic}
     bool UseG1GC                                  = true                                      {product} {ergonomic}
     bool UseLargePagesIndividualAllocation        = false                                  {pd product} {ergonomic}

Logging:
Log output configuration:
 #0: stdout all=warning uptime,level,tags
 #1: stderr all=off uptime,level,tags

Environment Variables:
PATH=C:\Windows\system32;C:\Windows;C:\Windows\System32\Wbem;C:\Windows\System32\WindowsPowerShell\v1.0\;C:\Windows\System32\OpenSSH\;C:\Program Files (x86)\Yozosoft\Yozo_Office\Lib\xuggler\bin;C:\Program Files\Git\cmd;D:\Program Files\Android\Android Studio\jre\bin;C:\Users\Administrator\AppData\Local\Microsoft\WindowsApps;D:\Program Files\Android\Android Studio\jre\bin;
USERNAME=Administrator
OS=Windows_NT
PROCESSOR_IDENTIFIER=Intel64 Family 6 Model 78 Stepping 3, GenuineIntel



---------------  S Y S T E M  ---------------

OS: Windows 10 , 64 bit Build 19041 (10.0.19041.207)
OS uptime: 0 days 8:21 hours

CPU:total 4 (initial active 4) (2 cores per cpu, 2 threads per core) family 6 model 78 stepping 3 microcode 0xcc, cmov, cx8, fxsr, mmx, sse, sse2, sse3, ssse3, sse4.1, sse4.2, popcnt, avx, avx2, aes, clmul, erms, rtm, 3dnowpref, lzcnt, ht, tsc, tscinvbit, bmi1, bmi2, adx, fma

Memory: 4k page, system-wide physical 7603M (1515M free)
TotalPageFile size 20403M (AvailPageFile size 5M)
current process WorkingSet (physical memory assigned to process): 521M, peak: 524M
current process commit charge ("private bytes"): 567M, peak: 567M

vm_info: OpenJDK 64-Bit Server VM (11.0.13+0-b1751.21-8125866) for windows-amd64 JRE (11.0.13+0-b1751.21-8125866), built on Feb  2 2022 03:00:22 by "builder" with MS VC++ 14.0 (VS2015)

END.
