#
# There is insufficient memory for the Java Runtime Environment to continue.
# Native memory allocation (malloc) failed to allocate 645136 bytes for Chunk::new
# Possible reasons:
#   The system is out of physical RAM or swap space
#   The process is running with CompressedOops enabled, and the Java Heap may be blocking the growth of the native heap
# Possible solutions:
#   Reduce memory load on the system
#   Increase physical memory or swap space
#   Check if swap backing store is full
#   Decrease Java heap size (-Xmx/-Xms)
#   Decrease number of Java threads
#   Decrease Java thread stack sizes (-Xss)
#   Set larger code cache with -XX:ReservedCodeCacheSize=
#   JVM is running with Unscaled Compressed Oops mode in which the Java heap is
#     placed in the first 4GB address space. The Java Heap base address is the
#     maximum limit for the native heap growth. Please use -XX:HeapBaseMinAddress
#     to set the Java Heap base and to place the Java Heap above 4GB virtual address.
# This output file may be truncated or incomplete.
#
#  Out of Memory Error (./src/hotspot/share/memory/arena.cpp:197), pid=10216, tid=7364
#
# JRE version: OpenJDK Runtime Environment (11.0.13) (build 11.0.13+0-b1751.21-8125866)
# Java VM: OpenJDK 64-Bit Server VM (11.0.13+0-b1751.21-8125866, mixed mode, tiered, compressed oops, g1 gc, windows-amd64)
# No core dump will be written. Minidumps are not enabled by default on client versions of Windows
#

---------------  S U M M A R Y ------------

Command Line: --add-opens=java.base/java.util=ALL-UNNAMED --add-opens=java.base/java.lang=ALL-UNNAMED --add-opens=java.base/java.lang.invoke=ALL-UNNAMED --add-opens=java.prefs/java.util.prefs=ALL-UNNAMED -Xmx2048m -Dfile.encoding=GBK -Duser.country=CN -Duser.language=zh -Duser.variant org.gradle.launcher.daemon.bootstrap.GradleDaemon 6.1.1

Host: Intel(R) Core(TM) i5-6300U CPU @ 2.40GHz, 4 cores, 7G,  Windows 10 , 64 bit Build 19041 (10.0.19041.207)
Time: Mon Nov  7 18:59:03 2022 中国标准时间 elapsed time: 5643.848504 seconds (0d 1h 34m 3s)

---------------  T H R E A D  ---------------

Current thread (0x000002878aadb000):  JavaThread "C2 CompilerThread1" daemon [_thread_in_native, id=7364, stack(0x000000ddd3400000,0x000000ddd3500000)]


Current CompileTask:
C2:5643848 19832       4       org.gradle.api.internal.changedetection.state.ZipHasher::fingerprintZipEntries (209 bytes)

Stack: [0x000000ddd3400000,0x000000ddd3500000]
Native frames: (J=compiled Java code, j=interpreted, Vv=VM code, C=native code)
V  [jvm.dll+0x6100fa]
V  [jvm.dll+0x747090]
V  [jvm.dll+0x7486ad]
V  [jvm.dll+0x748d83]
V  [jvm.dll+0x24ab48]
V  [jvm.dll+0xc04dc]
V  [jvm.dll+0xc0a0c]
V  [jvm.dll+0x35eb5b]
V  [jvm.dll+0x19d627]
V  [jvm.dll+0x2033be]
V  [jvm.dll+0x202437]
V  [jvm.dll+0x188e01]
V  [jvm.dll+0x21106b]
V  [jvm.dll+0x20f8c1]
V  [jvm.dll+0x70de0f]
V  [jvm.dll+0x706a75]
V  [jvm.dll+0x60ed66]
C  [ucrtbase.dll+0x21542]
C  [KERNEL32.DLL+0x16fd4]
C  [ntdll.dll+0x4cec1]


---------------  P R O C E S S  ---------------

Threads class SMR info:
_java_thread_list=0x0000028782fafbf0, length=34, elements={
0x00000287e233e000, 0x00000287fe051800, 0x00000287fe055000, 0x00000287fe082800,
0x00000287fe084800, 0x00000287fe087800, 0x00000287fe088800, 0x00000287fe08d000,
0x00000287fe096000, 0x00000287fea6f800, 0x0000028780e93800, 0x0000028780a45000,
0x00000287feb54800, 0x000002878124e800, 0x000002878124f800, 0x000002878124a800,
0x0000028781250800, 0x000002878124a000, 0x000002878124b800, 0x000002878124e000,
0x000002878124c000, 0x000002878d09e000, 0x000002878d09f800, 0x000002878d0a0800,
0x000002878d09c800, 0x000002878d0a1000, 0x000002878d09b800, 0x000002878d0a2000,
0x000002878d0a3000, 0x000002878d09d000, 0x000002878d0a6000, 0x000002878d0a9800,
0x000002878d0aa000, 0x000002878aadb000
}

Java Threads: ( => current thread )
  0x00000287e233e000 JavaThread "main" [_thread_blocked, id=6236, stack(0x000000ddd1d00000,0x000000ddd1e00000)]
  0x00000287fe051800 JavaThread "Reference Handler" daemon [_thread_blocked, id=3060, stack(0x000000ddd2400000,0x000000ddd2500000)]
  0x00000287fe055000 JavaThread "Finalizer" daemon [_thread_blocked, id=832, stack(0x000000ddd2500000,0x000000ddd2600000)]
  0x00000287fe082800 JavaThread "Signal Dispatcher" daemon [_thread_blocked, id=13204, stack(0x000000ddd2600000,0x000000ddd2700000)]
  0x00000287fe084800 JavaThread "Attach Listener" daemon [_thread_blocked, id=14456, stack(0x000000ddd2700000,0x000000ddd2800000)]
  0x00000287fe087800 JavaThread "Service Thread" daemon [_thread_blocked, id=14068, stack(0x000000ddd2800000,0x000000ddd2900000)]
  0x00000287fe088800 JavaThread "C2 CompilerThread0" daemon [_thread_in_vm, id=12236, stack(0x000000ddd2900000,0x000000ddd2a00000)]
  0x00000287fe08d000 JavaThread "C1 CompilerThread0" daemon [_thread_blocked, id=12356, stack(0x000000ddd2a00000,0x000000ddd2b00000)]
  0x00000287fe096000 JavaThread "Sweeper thread" daemon [_thread_blocked, id=10968, stack(0x000000ddd2b00000,0x000000ddd2c00000)]
  0x00000287fea6f800 JavaThread "Common-Cleaner" daemon [_thread_blocked, id=13552, stack(0x000000ddd2c00000,0x000000ddd2d00000)]
  0x0000028780e93800 JavaThread "Daemon health stats" [_thread_blocked, id=14196, stack(0x000000ddd3000000,0x000000ddd3100000)]
  0x0000028780a45000 JavaThread "Incoming local TCP Connector on port 51581" [_thread_in_native, id=5136, stack(0x000000ddd2e00000,0x000000ddd2f00000)]
  0x00000287feb54800 JavaThread "Daemon periodic checks" [_thread_blocked, id=12100, stack(0x000000ddd3100000,0x000000ddd3200000)]
  0x000002878124e800 JavaThread "Cache worker for journal cache (C:\Users\Administrator\.gradle\caches\journal-1)" [_thread_blocked, id=7824, stack(0x000000ddd3c00000,0x000000ddd3d00000)]
  0x000002878124f800 JavaThread "File lock request listener" [_thread_in_native, id=15664, stack(0x000000ddd3d00000,0x000000ddd3e00000)]
  0x000002878124a800 JavaThread "Cache worker for file hash cache (C:\Users\Administrator\.gradle\caches\6.1.1\fileHashes)" [_thread_blocked, id=7664, stack(0x000000ddd3e00000,0x000000ddd3f00000)]
  0x0000028781250800 JavaThread "Cache worker for execution history cache (C:\Users\Administrator\.gradle\caches\6.1.1\executionHistory)" [_thread_blocked, id=7268, stack(0x000000ddd4200000,0x000000ddd4300000)]
  0x000002878124a000 JavaThread "Daemon Thread 6" [_thread_blocked, id=5944, stack(0x000000ddd1a00000,0x000000ddd1b00000)]
  0x000002878124b800 JavaThread "Handler for socket connection from /127.0.0.1:51581 to /127.0.0.1:53486" [_thread_in_native, id=6824, stack(0x000000ddd1b00000,0x000000ddd1c00000)]
  0x000002878124e000 JavaThread "Cancel handler" [_thread_blocked, id=9308, stack(0x000000ddd1c00000,0x000000ddd1d00000)]
  0x000002878124c000 JavaThread "Daemon worker Thread 6" [_thread_in_native, id=12752, stack(0x000000ddd3200000,0x000000ddd3300000)]
  0x000002878d09e000 JavaThread "Asynchronous log dispatcher for DefaultDaemonConnection: socket connection from /127.0.0.1:51581 to /127.0.0.1:53486" [_thread_blocked, id=1408, stack(0x000000ddd3300000,0x000000ddd3400000)]
  0x000002878d09f800 JavaThread "Thread-100" [_thread_blocked, id=13708, stack(0x000000ddd3500000,0x000000ddd3600000)]
  0x000002878d0a0800 JavaThread "Cache worker for checksums cache (C:\Users\Administrator\Documents\CrmMobile-Android\.gradle\checksums)" [_thread_blocked, id=15052, stack(0x000000ddd3600000,0x000000ddd3700000)]
  0x000002878d09c800 JavaThread "Cache worker for file hash cache (C:\Users\Administrator\Documents\CrmMobile-Android\.gradle\6.1.1\fileHashes)" [_thread_blocked, id=12364, stack(0x000000ddd3700000,0x000000ddd3800000)]
  0x000002878d0a1000 JavaThread "Cache worker for cache directory md-supplier (C:\Users\Administrator\.gradle\caches\6.1.1\md-supplier)" [_thread_blocked, id=16168, stack(0x000000ddd3800000,0x000000ddd3900000)]
  0x000002878d09b800 JavaThread "Cache worker for cache directory md-rule (C:\Users\Administrator\.gradle\caches\6.1.1\md-rule)" [_thread_blocked, id=16024, stack(0x000000ddd3b00000,0x000000ddd3c00000)]
  0x000002878d0a2000 JavaThread "Cache worker for Build Output Cleanup Cache (C:\Users\Administrator\Documents\CrmMobile-Android\.gradle\buildOutputCleanup)" [_thread_blocked, id=8732, stack(0x000000ddd3f00000,0x000000ddd4000000)]
  0x000002878d0a3000 JavaThread "Build operations" [_thread_blocked, id=15972, stack(0x000000ddd4000000,0x000000ddd4100000)]
  0x000002878d09d000 JavaThread "Build operations Thread 2" [_thread_blocked, id=2016, stack(0x000000ddd4100000,0x000000ddd4200000)]
  0x000002878d0a6000 JavaThread "Build operations Thread 3" [_thread_blocked, id=14924, stack(0x000000ddd4300000,0x000000ddd4400000)]
  0x000002878d0a9800 JavaThread "Build operations Thread 4" [_thread_blocked, id=16084, stack(0x000000ddd4400000,0x000000ddd4500000)]
  0x000002878d0aa000 JavaThread "Cache worker for execution history cache (C:\Users\Administrator\Documents\CrmMobile-Android\.gradle\6.1.1\executionHistory)" [_thread_blocked, id=11308, stack(0x000000ddd4a00000,0x000000ddd4b00000)]
=>0x000002878aadb000 JavaThread "C2 CompilerThread1" daemon [_thread_in_native, id=7364, stack(0x000000ddd3400000,0x000000ddd3500000)]

Other Threads:
  0x00000287fe04b000 VMThread "VM Thread" [stack: 0x000000ddd2300000,0x000000ddd2400000] [id=12936]
  0x00000287fea74000 WatcherThread [stack: 0x000000ddd2d00000,0x000000ddd2e00000] [id=13436]
  0x00000287e4471000 GCTaskThread "GC Thread#0" [stack: 0x000000ddd1e00000,0x000000ddd1f00000] [id=15020]
  0x00000287fec81000 GCTaskThread "GC Thread#1" [stack: 0x000000ddd2f00000,0x000000ddd3000000] [id=15700]
  0x0000028780c77000 GCTaskThread "GC Thread#2" [stack: 0x000000ddd3900000,0x000000ddd3a00000] [id=15936]
  0x0000028780648800 GCTaskThread "GC Thread#3" [stack: 0x000000ddd3a00000,0x000000ddd3b00000] [id=3412]
  0x00000287e44a3800 ConcurrentGCThread "G1 Main Marker" [stack: 0x000000ddd1f00000,0x000000ddd2000000] [id=2276]
  0x00000287e44a5800 ConcurrentGCThread "G1 Conc#0" [stack: 0x000000ddd2000000,0x000000ddd2100000] [id=6272]
  0x00000287e4522800 ConcurrentGCThread "G1 Refine#0" [stack: 0x000000ddd2100000,0x000000ddd2200000] [id=12404]
  0x00000287e4523800 ConcurrentGCThread "G1 Young RemSet Sampling" [stack: 0x000000ddd2200000,0x000000ddd2300000] [id=2572]

Threads with active compile tasks:
C2 CompilerThread05643891 19836   !   4       java.util.zip.ZipFile$CleanableResource::run (251 bytes)
C2 CompilerThread15643891 19832       4       org.gradle.api.internal.changedetection.state.ZipHasher::fingerprintZipEntries (209 bytes)

VM state:not at safepoint (normal execution)

VM Mutex/Monitor currently owned by a thread: None

OutOfMemory and StackOverflow Exception counts:
OutOfMemoryError java_heap_errors=1
LinkageErrors=231

Heap address: 0x0000000080000000, size: 2048 MB, Compressed Oops mode: 32-bit
Narrow klass base: 0x0000000000000000, Narrow klass shift: 3
Compressed class space size: 1073741824 Address: 0x0000000100000000

Heap:
 garbage-first heap   total 407552K, used 268047K [0x0000000080000000, 0x0000000100000000)
  region size 1024K, 99 young (101376K), 9 survivors (9216K)
 Metaspace       used 105188K, capacity 107912K, committed 108700K, reserved 1144832K
  class space    used 12450K, capacity 13356K, committed 13644K, reserved 1048576K
Heap Regions: E=young(eden), S=young(survivor), O=old, HS=humongous(starts), HC=humongous(continues), CS=collection set, F=free, A=archive, TAMS=top-at-mark-start (previous, next)
|   0|0x0000000080000000, 0x0000000080100000, 0x0000000080100000|100%| O|  |TAMS 0x0000000080100000, 0x0000000080000000| Untracked 
|   1|0x0000000080100000, 0x0000000080200000, 0x0000000080200000|100%| O|  |TAMS 0x0000000080200000, 0x0000000080100000| Untracked 
|   2|0x0000000080200000, 0x0000000080300000, 0x0000000080300000|100%| O|  |TAMS 0x0000000080300000, 0x0000000080200000| Untracked 
|   3|0x0000000080300000, 0x0000000080400000, 0x0000000080400000|100%|HS|  |TAMS 0x0000000080400000, 0x0000000080300000| Complete 
|   4|0x0000000080400000, 0x0000000080500000, 0x0000000080500000|100%|HC|  |TAMS 0x0000000080500000, 0x0000000080400000| Complete 
|   5|0x0000000080500000, 0x0000000080600000, 0x0000000080600000|100%|HC|  |TAMS 0x0000000080600000, 0x0000000080500000| Complete 
|   6|0x0000000080600000, 0x0000000080700000, 0x0000000080700000|100%| O|  |TAMS 0x0000000080700000, 0x0000000080600000| Untracked 
|   7|0x0000000080700000, 0x0000000080800000, 0x0000000080800000|100%| O|  |TAMS 0x0000000080800000, 0x0000000080700000| Untracked 
|   8|0x0000000080800000, 0x0000000080900000, 0x0000000080900000|100%| O|  |TAMS 0x0000000080900000, 0x0000000080800000| Untracked 
|   9|0x0000000080900000, 0x0000000080a00000, 0x0000000080a00000|100%| O|  |TAMS 0x0000000080a00000, 0x0000000080900000| Untracked 
|  10|0x0000000080a00000, 0x0000000080b00000, 0x0000000080b00000|100%| O|  |TAMS 0x0000000080b00000, 0x0000000080a00000| Untracked 
|  11|0x0000000080b00000, 0x0000000080c00000, 0x0000000080c00000|100%| O|  |TAMS 0x0000000080c00000, 0x0000000080b00000| Untracked 
|  12|0x0000000080c00000, 0x0000000080d00000, 0x0000000080d00000|100%|HS|  |TAMS 0x0000000080d00000, 0x0000000080c00000| Complete 
|  13|0x0000000080d00000, 0x0000000080e00000, 0x0000000080e00000|100%|HC|  |TAMS 0x0000000080e00000, 0x0000000080d00000| Complete 
|  14|0x0000000080e00000, 0x0000000080f00000, 0x0000000080f00000|100%|HS|  |TAMS 0x0000000080f00000, 0x0000000080e00000| Complete 
|  15|0x0000000080f00000, 0x0000000081000000, 0x0000000081000000|100%|HC|  |TAMS 0x0000000081000000, 0x0000000080f00000| Complete 
|  16|0x0000000081000000, 0x0000000081100000, 0x0000000081100000|100%|HC|  |TAMS 0x0000000081100000, 0x0000000081000000| Complete 
|  17|0x0000000081100000, 0x0000000081200000, 0x0000000081200000|100%|HS|  |TAMS 0x0000000081200000, 0x0000000081100000| Complete 
|  18|0x0000000081200000, 0x0000000081300000, 0x0000000081300000|100%|HC|  |TAMS 0x0000000081300000, 0x0000000081200000| Complete 
|  19|0x0000000081300000, 0x0000000081400000, 0x0000000081400000|100%|HC|  |TAMS 0x0000000081400000, 0x0000000081300000| Complete 
|  20|0x0000000081400000, 0x0000000081500000, 0x0000000081500000|100%|HC|  |TAMS 0x0000000081500000, 0x0000000081400000| Complete 
|  21|0x0000000081500000, 0x0000000081600000, 0x0000000081600000|100%|HC|  |TAMS 0x0000000081600000, 0x0000000081500000| Complete 
|  22|0x0000000081600000, 0x0000000081700000, 0x0000000081700000|100%|HS|  |TAMS 0x0000000081700000, 0x0000000081600000| Complete 
|  23|0x0000000081700000, 0x0000000081800000, 0x0000000081800000|100%|HC|  |TAMS 0x0000000081800000, 0x0000000081700000| Complete 
|  24|0x0000000081800000, 0x0000000081900000, 0x0000000081900000|100%|HC|  |TAMS 0x0000000081900000, 0x0000000081800000| Complete 
|  25|0x0000000081900000, 0x0000000081a00000, 0x0000000081a00000|100%|HS|  |TAMS 0x0000000081a00000, 0x0000000081900000| Complete 
|  26|0x0000000081a00000, 0x0000000081b00000, 0x0000000081b00000|100%|HS|  |TAMS 0x0000000081b00000, 0x0000000081a00000| Complete 
|  27|0x0000000081b00000, 0x0000000081c00000, 0x0000000081c00000|100%|HC|  |TAMS 0x0000000081c00000, 0x0000000081b00000| Complete 
|  28|0x0000000081c00000, 0x0000000081d00000, 0x0000000081d00000|100%|HC|  |TAMS 0x0000000081d00000, 0x0000000081c00000| Complete 
|  29|0x0000000081d00000, 0x0000000081e00000, 0x0000000081e00000|100%|HC|  |TAMS 0x0000000081e00000, 0x0000000081d00000| Complete 
|  30|0x0000000081e00000, 0x0000000081f00000, 0x0000000081f00000|100%| O|  |TAMS 0x0000000081f00000, 0x0000000081e00000| Untracked 
|  31|0x0000000081f00000, 0x0000000082000000, 0x0000000082000000|100%| O|  |TAMS 0x0000000082000000, 0x0000000081f00000| Untracked 
|  32|0x0000000082000000, 0x0000000082100000, 0x0000000082100000|100%| O|  |TAMS 0x0000000082100000, 0x0000000082000000| Untracked 
|  33|0x0000000082100000, 0x0000000082200000, 0x0000000082200000|100%| O|  |TAMS 0x0000000082200000, 0x0000000082100000| Untracked 
|  34|0x0000000082200000, 0x0000000082300000, 0x0000000082300000|100%| O|  |TAMS 0x0000000082300000, 0x0000000082200000| Untracked 
|  35|0x0000000082300000, 0x0000000082400000, 0x0000000082400000|100%| O|  |TAMS 0x0000000082400000, 0x0000000082300000| Untracked 
|  36|0x0000000082400000, 0x0000000082500000, 0x0000000082500000|100%| O|  |TAMS 0x0000000082500000, 0x0000000082400000| Untracked 
|  37|0x0000000082500000, 0x0000000082600000, 0x0000000082600000|100%| O|  |TAMS 0x0000000082600000, 0x0000000082500000| Untracked 
|  38|0x0000000082600000, 0x0000000082700000, 0x0000000082700000|100%| O|  |TAMS 0x0000000082700000, 0x0000000082600000| Untracked 
|  39|0x0000000082700000, 0x0000000082800000, 0x0000000082800000|100%| O|  |TAMS 0x0000000082800000, 0x0000000082700000| Untracked 
|  40|0x0000000082800000, 0x0000000082900000, 0x0000000082900000|100%| O|  |TAMS 0x0000000082900000, 0x0000000082800000| Untracked 
|  41|0x0000000082900000, 0x0000000082a00000, 0x0000000082a00000|100%| O|  |TAMS 0x0000000082a00000, 0x0000000082900000| Untracked 
|  42|0x0000000082a00000, 0x0000000082b00000, 0x0000000082b00000|100%| O|  |TAMS 0x0000000082b00000, 0x0000000082a00000| Untracked 
|  43|0x0000000082b00000, 0x0000000082c00000, 0x0000000082c00000|100%| O|  |TAMS 0x0000000082c00000, 0x0000000082b00000| Untracked 
|  44|0x0000000082c00000, 0x0000000082d00000, 0x0000000082d00000|100%| O|  |TAMS 0x0000000082d00000, 0x0000000082c00000| Untracked 
|  45|0x0000000082d00000, 0x0000000082e00000, 0x0000000082e00000|100%| O|  |TAMS 0x0000000082e00000, 0x0000000082d00000| Untracked 
|  46|0x0000000082e00000, 0x0000000082f00000, 0x0000000082f00000|100%| O|  |TAMS 0x0000000082f00000, 0x0000000082e00000| Untracked 
|  47|0x0000000082f00000, 0x0000000082f00000, 0x0000000083000000|  0%| F|  |TAMS 0x0000000082f00000, 0x0000000082f00000| Untracked 
|  48|0x0000000083000000, 0x0000000083100000, 0x0000000083100000|100%|HS|  |TAMS 0x0000000083100000, 0x0000000083000000| Complete 
|  49|0x0000000083100000, 0x0000000083200000, 0x0000000083200000|100%|HC|  |TAMS 0x0000000083200000, 0x0000000083100000| Complete 
|  50|0x0000000083200000, 0x0000000083300000, 0x0000000083300000|100%| O|  |TAMS 0x0000000083300000, 0x0000000083200000| Untracked 
|  51|0x0000000083300000, 0x0000000083400000, 0x0000000083400000|100%| O|  |TAMS 0x0000000083300000, 0x0000000083300000| Untracked 
|  52|0x0000000083400000, 0x0000000083500000, 0x0000000083500000|100%| O|  |TAMS 0x0000000083500000, 0x0000000083400000| Untracked 
|  53|0x0000000083500000, 0x0000000083600000, 0x0000000083600000|100%| O|  |TAMS 0x0000000083500000, 0x0000000083500000| Untracked 
|  54|0x0000000083600000, 0x0000000083700000, 0x0000000083700000|100%| O|  |TAMS 0x0000000083600000, 0x0000000083600000| Untracked 
|  55|0x0000000083700000, 0x00000000837c3c00, 0x0000000083800000| 76%| O|  |TAMS 0x0000000083700000, 0x0000000083700000| Untracked 
|  56|0x0000000083800000, 0x0000000083900000, 0x0000000083900000|100%|HS|  |TAMS 0x0000000083800000, 0x0000000083800000| Complete 
|  57|0x0000000083900000, 0x0000000083a00000, 0x0000000083a00000|100%|HC|  |TAMS 0x0000000083900000, 0x0000000083900000| Complete 
|  58|0x0000000083a00000, 0x0000000083b00000, 0x0000000083b00000|100%| O|  |TAMS 0x0000000083b00000, 0x0000000083a00000| Untracked 
|  59|0x0000000083b00000, 0x0000000083c00000, 0x0000000083c00000|100%| O|  |TAMS 0x0000000083c00000, 0x0000000083b00000| Untracked 
|  60|0x0000000083c00000, 0x0000000083d00000, 0x0000000083d00000|100%| O|  |TAMS 0x0000000083d00000, 0x0000000083c00000| Untracked 
|  61|0x0000000083d00000, 0x0000000083e00000, 0x0000000083e00000|100%| O|  |TAMS 0x0000000083e00000, 0x0000000083d00000| Untracked 
|  62|0x0000000083e00000, 0x0000000083f00000, 0x0000000083f00000|100%| O|  |TAMS 0x0000000083f00000, 0x0000000083e00000| Untracked 
|  63|0x0000000083f00000, 0x0000000083f00000, 0x0000000084000000|  0%| F|  |TAMS 0x0000000083f00000, 0x0000000083f00000| Untracked 
|  64|0x0000000084000000, 0x0000000084000000, 0x0000000084100000|  0%| F|  |TAMS 0x0000000084000000, 0x0000000084000000| Untracked 
|  65|0x0000000084100000, 0x0000000084100000, 0x0000000084200000|  0%| F|  |TAMS 0x0000000084100000, 0x0000000084100000| Untracked 
|  66|0x0000000084200000, 0x0000000084200000, 0x0000000084300000|  0%| F|  |TAMS 0x0000000084200000, 0x0000000084200000| Untracked 
|  67|0x0000000084300000, 0x0000000084300000, 0x0000000084400000|  0%| F|  |TAMS 0x0000000084300000, 0x0000000084300000| Untracked 
|  68|0x0000000084400000, 0x0000000084500000, 0x0000000084500000|100%| O|  |TAMS 0x0000000084500000, 0x0000000084400000| Untracked 
|  69|0x0000000084500000, 0x0000000084600000, 0x0000000084600000|100%| O|  |TAMS 0x0000000084600000, 0x0000000084500000| Untracked 
|  70|0x0000000084600000, 0x0000000084700000, 0x0000000084700000|100%| O|  |TAMS 0x0000000084700000, 0x0000000084600000| Untracked 
|  71|0x0000000084700000, 0x0000000084800000, 0x0000000084800000|100%| O|  |TAMS 0x0000000084800000, 0x0000000084700000| Untracked 
|  72|0x0000000084800000, 0x0000000084900000, 0x0000000084900000|100%| O|  |TAMS 0x0000000084900000, 0x0000000084800000| Untracked 
|  73|0x0000000084900000, 0x0000000084a00000, 0x0000000084a00000|100%| O|  |TAMS 0x0000000084a00000, 0x0000000084900000| Untracked 
|  74|0x0000000084a00000, 0x0000000084b00000, 0x0000000084b00000|100%| O|  |TAMS 0x0000000084b00000, 0x0000000084a00000| Untracked 
|  75|0x0000000084b00000, 0x0000000084b00000, 0x0000000084c00000|  0%| F|  |TAMS 0x0000000084b00000, 0x0000000084b00000| Untracked 
|  76|0x0000000084c00000, 0x0000000084d00000, 0x0000000084d00000|100%| O|  |TAMS 0x0000000084d00000, 0x0000000084c00000| Untracked 
|  77|0x0000000084d00000, 0x0000000084d00000, 0x0000000084e00000|  0%| F|  |TAMS 0x0000000084d00000, 0x0000000084d00000| Untracked 
|  78|0x0000000084e00000, 0x0000000084f00000, 0x0000000084f00000|100%| O|  |TAMS 0x0000000084f00000, 0x0000000084e00000| Untracked 
|  79|0x0000000084f00000, 0x0000000084f00000, 0x0000000085000000|  0%| F|  |TAMS 0x0000000084f00000, 0x0000000084f00000| Untracked 
|  80|0x0000000085000000, 0x0000000085000000, 0x0000000085100000|  0%| F|  |TAMS 0x0000000085000000, 0x0000000085000000| Untracked 
|  81|0x0000000085100000, 0x0000000085100000, 0x0000000085200000|  0%| F|  |TAMS 0x0000000085100000, 0x0000000085100000| Untracked 
|  82|0x0000000085200000, 0x0000000085200000, 0x0000000085300000|  0%| F|  |TAMS 0x0000000085200000, 0x0000000085200000| Untracked 
|  83|0x0000000085300000, 0x0000000085300000, 0x0000000085400000|  0%| F|  |TAMS 0x0000000085300000, 0x0000000085300000| Untracked 
|  84|0x0000000085400000, 0x0000000085400000, 0x0000000085500000|  0%| F|  |TAMS 0x0000000085400000, 0x0000000085400000| Untracked 
|  85|0x0000000085500000, 0x0000000085500000, 0x0000000085600000|  0%| F|  |TAMS 0x0000000085500000, 0x0000000085500000| Untracked 
|  86|0x0000000085600000, 0x0000000085600000, 0x0000000085700000|  0%| F|  |TAMS 0x0000000085600000, 0x0000000085600000| Untracked 
|  87|0x0000000085700000, 0x0000000085700000, 0x0000000085800000|  0%| F|  |TAMS 0x0000000085700000, 0x0000000085700000| Untracked 
|  88|0x0000000085800000, 0x0000000085800000, 0x0000000085900000|  0%| F|  |TAMS 0x0000000085800000, 0x0000000085800000| Untracked 
|  89|0x0000000085900000, 0x0000000085900000, 0x0000000085a00000|  0%| F|  |TAMS 0x0000000085900000, 0x0000000085900000| Untracked 
|  90|0x0000000085a00000, 0x0000000085a00000, 0x0000000085b00000|  0%| F|  |TAMS 0x0000000085a00000, 0x0000000085a00000| Untracked 
|  91|0x0000000085b00000, 0x0000000085b00000, 0x0000000085c00000|  0%| F|  |TAMS 0x0000000085b00000, 0x0000000085b00000| Untracked 
|  92|0x0000000085c00000, 0x0000000085c00000, 0x0000000085d00000|  0%| F|  |TAMS 0x0000000085c00000, 0x0000000085c00000| Untracked 
|  93|0x0000000085d00000, 0x0000000085d00000, 0x0000000085e00000|  0%| F|  |TAMS 0x0000000085d00000, 0x0000000085d00000| Untracked 
|  94|0x0000000085e00000, 0x0000000085e00000, 0x0000000085f00000|  0%| F|  |TAMS 0x0000000085e00000, 0x0000000085e00000| Untracked 
|  95|0x0000000085f00000, 0x0000000085f00000, 0x0000000086000000|  0%| F|  |TAMS 0x0000000085f00000, 0x0000000085f00000| Untracked 
|  96|0x0000000086000000, 0x0000000086000000, 0x0000000086100000|  0%| F|  |TAMS 0x0000000086000000, 0x0000000086000000| Untracked 
|  97|0x0000000086100000, 0x0000000086100000, 0x0000000086200000|  0%| F|  |TAMS 0x0000000086100000, 0x0000000086100000| Untracked 
|  98|0x0000000086200000, 0x0000000086200000, 0x0000000086300000|  0%| F|  |TAMS 0x0000000086200000, 0x0000000086200000| Untracked 
|  99|0x0000000086300000, 0x0000000086300000, 0x0000000086400000|  0%| F|  |TAMS 0x0000000086300000, 0x0000000086300000| Untracked 
| 100|0x0000000086400000, 0x0000000086400000, 0x0000000086500000|  0%| F|  |TAMS 0x0000000086400000, 0x0000000086400000| Untracked 
| 101|0x0000000086500000, 0x0000000086500000, 0x0000000086600000|  0%| F|  |TAMS 0x0000000086500000, 0x0000000086500000| Untracked 
| 102|0x0000000086600000, 0x0000000086600000, 0x0000000086700000|  0%| F|  |TAMS 0x0000000086600000, 0x0000000086600000| Untracked 
| 103|0x0000000086700000, 0x0000000086700000, 0x0000000086800000|  0%| F|  |TAMS 0x0000000086700000, 0x0000000086700000| Untracked 
| 104|0x0000000086800000, 0x0000000086800000, 0x0000000086900000|  0%| F|  |TAMS 0x0000000086800000, 0x0000000086800000| Untracked 
| 105|0x0000000086900000, 0x0000000086900000, 0x0000000086a00000|  0%| F|  |TAMS 0x0000000086900000, 0x0000000086900000| Untracked 
| 106|0x0000000086a00000, 0x0000000086a00000, 0x0000000086b00000|  0%| F|  |TAMS 0x0000000086a00000, 0x0000000086a00000| Untracked 
| 107|0x0000000086b00000, 0x0000000086b00000, 0x0000000086c00000|  0%| F|  |TAMS 0x0000000086b00000, 0x0000000086b00000| Untracked 
| 108|0x0000000086c00000, 0x0000000086c00000, 0x0000000086d00000|  0%| F|  |TAMS 0x0000000086c00000, 0x0000000086c00000| Untracked 
| 109|0x0000000086d00000, 0x0000000086d00000, 0x0000000086e00000|  0%| F|  |TAMS 0x0000000086d00000, 0x0000000086d00000| Untracked 
| 110|0x0000000086e00000, 0x0000000086e00000, 0x0000000086f00000|  0%| F|  |TAMS 0x0000000086e00000, 0x0000000086e00000| Untracked 
| 111|0x0000000086f00000, 0x0000000086f00000, 0x0000000087000000|  0%| F|  |TAMS 0x0000000086f00000, 0x0000000086f00000| Untracked 
| 112|0x0000000087000000, 0x0000000087000000, 0x0000000087100000|  0%| F|  |TAMS 0x0000000087000000, 0x0000000087000000| Untracked 
| 113|0x0000000087100000, 0x0000000087100000, 0x0000000087200000|  0%| F|  |TAMS 0x0000000087100000, 0x0000000087100000| Untracked 
| 114|0x0000000087200000, 0x0000000087200000, 0x0000000087300000|  0%| F|  |TAMS 0x0000000087200000, 0x0000000087200000| Untracked 
| 115|0x0000000087300000, 0x0000000087300000, 0x0000000087400000|  0%| F|  |TAMS 0x0000000087300000, 0x0000000087300000| Untracked 
| 116|0x0000000087400000, 0x0000000087400000, 0x0000000087500000|  0%| F|  |TAMS 0x0000000087400000, 0x0000000087400000| Untracked 
| 117|0x0000000087500000, 0x0000000087500000, 0x0000000087600000|  0%| F|  |TAMS 0x0000000087500000, 0x0000000087500000| Untracked 
| 118|0x0000000087600000, 0x0000000087600000, 0x0000000087700000|  0%| F|  |TAMS 0x0000000087600000, 0x0000000087600000| Untracked 
| 119|0x0000000087700000, 0x0000000087700000, 0x0000000087800000|  0%| F|  |TAMS 0x0000000087700000, 0x0000000087700000| Untracked 
| 120|0x0000000087800000, 0x0000000087800000, 0x0000000087900000|  0%| F|  |TAMS 0x0000000087800000, 0x0000000087800000| Untracked 
| 121|0x0000000087900000, 0x0000000087900000, 0x0000000087a00000|  0%| F|  |TAMS 0x0000000087900000, 0x0000000087900000| Untracked 
| 122|0x0000000087a00000, 0x0000000087a00000, 0x0000000087b00000|  0%| F|  |TAMS 0x0000000087a00000, 0x0000000087a00000| Untracked 
| 123|0x0000000087b00000, 0x0000000087b00000, 0x0000000087c00000|  0%| F|  |TAMS 0x0000000087b00000, 0x0000000087b00000| Untracked 
| 124|0x0000000087c00000, 0x0000000087c00000, 0x0000000087d00000|  0%| F|  |TAMS 0x0000000087c00000, 0x0000000087c00000| Untracked 
| 125|0x0000000087d00000, 0x0000000087d00000, 0x0000000087e00000|  0%| F|  |TAMS 0x0000000087d00000, 0x0000000087d00000| Untracked 
| 126|0x0000000087e00000, 0x0000000087e00000, 0x0000000087f00000|  0%| F|  |TAMS 0x0000000087e00000, 0x0000000087e00000| Untracked 
| 127|0x0000000087f00000, 0x0000000087f00000, 0x0000000088000000|  0%| F|  |TAMS 0x0000000087f00000, 0x0000000087f00000| Untracked 
| 128|0x0000000088000000, 0x0000000088000000, 0x0000000088100000|  0%| F|  |TAMS 0x0000000088000000, 0x0000000088000000| Untracked 
| 129|0x0000000088100000, 0x0000000088100000, 0x0000000088200000|  0%| F|  |TAMS 0x0000000088100000, 0x0000000088100000| Untracked 
| 130|0x0000000088200000, 0x0000000088200000, 0x0000000088300000|  0%| F|  |TAMS 0x0000000088200000, 0x0000000088200000| Untracked 
| 131|0x0000000088300000, 0x0000000088300000, 0x0000000088400000|  0%| F|  |TAMS 0x0000000088300000, 0x0000000088300000| Untracked 
| 132|0x0000000088400000, 0x0000000088400000, 0x0000000088500000|  0%| F|  |TAMS 0x0000000088400000, 0x0000000088400000| Untracked 
| 133|0x0000000088500000, 0x0000000088500000, 0x0000000088600000|  0%| F|  |TAMS 0x0000000088500000, 0x0000000088500000| Untracked 
| 134|0x0000000088600000, 0x0000000088600000, 0x0000000088700000|  0%| F|  |TAMS 0x0000000088600000, 0x0000000088600000| Untracked 
| 135|0x0000000088700000, 0x0000000088700000, 0x0000000088800000|  0%| F|  |TAMS 0x0000000088700000, 0x0000000088700000| Untracked 
| 136|0x0000000088800000, 0x0000000088800000, 0x0000000088900000|  0%| F|  |TAMS 0x0000000088800000, 0x0000000088800000| Untracked 
| 137|0x0000000088900000, 0x0000000088900000, 0x0000000088a00000|  0%| F|  |TAMS 0x0000000088900000, 0x0000000088900000| Untracked 
| 138|0x0000000088a00000, 0x0000000088a00000, 0x0000000088b00000|  0%| F|  |TAMS 0x0000000088a00000, 0x0000000088a00000| Untracked 
| 139|0x0000000088b00000, 0x0000000088b00000, 0x0000000088c00000|  0%| F|  |TAMS 0x0000000088b00000, 0x0000000088b00000| Untracked 
| 140|0x0000000088c00000, 0x0000000088c00000, 0x0000000088d00000|  0%| F|  |TAMS 0x0000000088c00000, 0x0000000088c00000| Untracked 
| 141|0x0000000088d00000, 0x0000000088d00000, 0x0000000088e00000|  0%| F|  |TAMS 0x0000000088d00000, 0x0000000088d00000| Untracked 
| 142|0x0000000088e00000, 0x0000000088e00000, 0x0000000088f00000|  0%| F|  |TAMS 0x0000000088e00000, 0x0000000088e00000| Untracked 
| 143|0x0000000088f00000, 0x0000000089000000, 0x0000000089000000|100%| S|CS|TAMS 0x0000000088f00000, 0x0000000088f00000| Complete 
| 144|0x0000000089000000, 0x0000000089100000, 0x0000000089100000|100%| S|CS|TAMS 0x0000000089000000, 0x0000000089000000| Complete 
| 145|0x0000000089100000, 0x0000000089200000, 0x0000000089200000|100%| S|CS|TAMS 0x0000000089100000, 0x0000000089100000| Complete 
| 146|0x0000000089200000, 0x0000000089300000, 0x0000000089300000|100%| S|CS|TAMS 0x0000000089200000, 0x0000000089200000| Complete 
| 147|0x0000000089300000, 0x0000000089400000, 0x0000000089400000|100%| S|CS|TAMS 0x0000000089300000, 0x0000000089300000| Complete 
| 148|0x0000000089400000, 0x0000000089400000, 0x0000000089500000|  0%| F|  |TAMS 0x0000000089400000, 0x0000000089400000| Untracked 
| 149|0x0000000089500000, 0x0000000089500000, 0x0000000089600000|  0%| F|  |TAMS 0x0000000089500000, 0x0000000089500000| Untracked 
| 150|0x0000000089600000, 0x0000000089600000, 0x0000000089700000|  0%| F|  |TAMS 0x0000000089600000, 0x0000000089600000| Untracked 
| 151|0x0000000089700000, 0x0000000089700000, 0x0000000089800000|  0%| F|  |TAMS 0x0000000089700000, 0x0000000089700000| Untracked 
| 152|0x0000000089800000, 0x0000000089800000, 0x0000000089900000|  0%| F|  |TAMS 0x0000000089800000, 0x0000000089800000| Untracked 
| 153|0x0000000089900000, 0x0000000089900000, 0x0000000089a00000|  0%| F|  |TAMS 0x0000000089900000, 0x0000000089900000| Untracked 
| 154|0x0000000089a00000, 0x0000000089a00000, 0x0000000089b00000|  0%| F|  |TAMS 0x0000000089a00000, 0x0000000089a00000| Untracked 
| 155|0x0000000089b00000, 0x0000000089b00000, 0x0000000089c00000|  0%| F|  |TAMS 0x0000000089b00000, 0x0000000089b00000| Untracked 
| 156|0x0000000089c00000, 0x0000000089c00000, 0x0000000089d00000|  0%| F|  |TAMS 0x0000000089c00000, 0x0000000089c00000| Untracked 
| 157|0x0000000089d00000, 0x0000000089e00000, 0x0000000089e00000|100%| S|CS|TAMS 0x0000000089d00000, 0x0000000089d00000| Complete 
| 158|0x0000000089e00000, 0x0000000089f00000, 0x0000000089f00000|100%| S|CS|TAMS 0x0000000089e00000, 0x0000000089e00000| Complete 
| 159|0x0000000089f00000, 0x000000008a000000, 0x000000008a000000|100%| S|CS|TAMS 0x0000000089f00000, 0x0000000089f00000| Complete 
| 160|0x000000008a000000, 0x000000008a100000, 0x000000008a100000|100%| O|  |TAMS 0x000000008a100000, 0x000000008a000000| Untracked 
| 161|0x000000008a100000, 0x000000008a200000, 0x000000008a200000|100%|HS|  |TAMS 0x000000008a200000, 0x000000008a100000| Complete 
| 162|0x000000008a200000, 0x000000008a300000, 0x000000008a300000|100%|HC|  |TAMS 0x000000008a300000, 0x000000008a200000| Complete 
| 163|0x000000008a300000, 0x000000008a400000, 0x000000008a400000|100%|HC|  |TAMS 0x000000008a400000, 0x000000008a300000| Complete 
| 164|0x000000008a400000, 0x000000008a500000, 0x000000008a500000|100%|HS|  |TAMS 0x000000008a500000, 0x000000008a400000| Complete 
| 165|0x000000008a500000, 0x000000008a600000, 0x000000008a600000|100%|HC|  |TAMS 0x000000008a600000, 0x000000008a500000| Complete 
| 166|0x000000008a600000, 0x000000008a700000, 0x000000008a700000|100%|HC|  |TAMS 0x000000008a700000, 0x000000008a600000| Complete 
| 167|0x000000008a700000, 0x000000008a800000, 0x000000008a800000|100%| O|  |TAMS 0x000000008a800000, 0x000000008a700000| Untracked 
| 168|0x000000008a800000, 0x000000008a900000, 0x000000008a900000|100%| O|  |TAMS 0x000000008a900000, 0x000000008a800000| Untracked 
| 169|0x000000008a900000, 0x000000008aa00000, 0x000000008aa00000|100%| O|  |TAMS 0x000000008aa00000, 0x000000008a900000| Untracked 
| 170|0x000000008aa00000, 0x000000008ab00000, 0x000000008ab00000|100%| O|  |TAMS 0x000000008ab00000, 0x000000008aa00000| Untracked 
| 171|0x000000008ab00000, 0x000000008ac00000, 0x000000008ac00000|100%| O|  |TAMS 0x000000008ac00000, 0x000000008ab00000| Untracked 
| 172|0x000000008ac00000, 0x000000008ad00000, 0x000000008ad00000|100%| O|  |TAMS 0x000000008ad00000, 0x000000008ac00000| Untracked 
| 173|0x000000008ad00000, 0x000000008ae00000, 0x000000008ae00000|100%| O|  |TAMS 0x000000008ae00000, 0x000000008ad00000| Untracked 
| 174|0x000000008ae00000, 0x000000008af00000, 0x000000008af00000|100%| O|  |TAMS 0x000000008af00000, 0x000000008ae00000| Untracked 
| 175|0x000000008af00000, 0x000000008b000000, 0x000000008b000000|100%| O|  |TAMS 0x000000008b000000, 0x000000008af00000| Untracked 
| 176|0x000000008b000000, 0x000000008b100000, 0x000000008b100000|100%| O|  |TAMS 0x000000008b100000, 0x000000008b000000| Untracked 
| 177|0x000000008b100000, 0x000000008b200000, 0x000000008b200000|100%| O|  |TAMS 0x000000008b200000, 0x000000008b100000| Untracked 
| 178|0x000000008b200000, 0x000000008b300000, 0x000000008b300000|100%| O|  |TAMS 0x000000008b300000, 0x000000008b200000| Untracked 
| 179|0x000000008b300000, 0x000000008b400000, 0x000000008b400000|100%| O|  |TAMS 0x000000008b400000, 0x000000008b300000| Untracked 
| 180|0x000000008b400000, 0x000000008b500000, 0x000000008b500000|100%| O|  |TAMS 0x000000008b500000, 0x000000008b400000| Untracked 
| 181|0x000000008b500000, 0x000000008b600000, 0x000000008b600000|100%| O|  |TAMS 0x000000008b600000, 0x000000008b500000| Untracked 
| 182|0x000000008b600000, 0x000000008b700000, 0x000000008b700000|100%| O|  |TAMS 0x000000008b700000, 0x000000008b600000| Untracked 
| 183|0x000000008b700000, 0x000000008b800000, 0x000000008b800000|100%| O|  |TAMS 0x000000008b800000, 0x000000008b700000| Untracked 
| 184|0x000000008b800000, 0x000000008b900000, 0x000000008b900000|100%|HS|  |TAMS 0x000000008b900000, 0x000000008b800000| Complete 
| 185|0x000000008b900000, 0x000000008ba00000, 0x000000008ba00000|100%|HC|  |TAMS 0x000000008ba00000, 0x000000008b900000| Complete 
| 186|0x000000008ba00000, 0x000000008bb00000, 0x000000008bb00000|100%|HS|  |TAMS 0x000000008bb00000, 0x000000008ba00000| Complete 
| 187|0x000000008bb00000, 0x000000008bc00000, 0x000000008bc00000|100%|HC|  |TAMS 0x000000008bc00000, 0x000000008bb00000| Complete 
| 188|0x000000008bc00000, 0x000000008bd00000, 0x000000008bd00000|100%|HC|  |TAMS 0x000000008bd00000, 0x000000008bc00000| Complete 
| 189|0x000000008bd00000, 0x000000008be00000, 0x000000008be00000|100%|HS|  |TAMS 0x000000008be00000, 0x000000008bd00000| Complete 
| 190|0x000000008be00000, 0x000000008bf00000, 0x000000008bf00000|100%|HC|  |TAMS 0x000000008bf00000, 0x000000008be00000| Complete 
| 191|0x000000008bf00000, 0x000000008c000000, 0x000000008c000000|100%|HC|  |TAMS 0x000000008c000000, 0x000000008bf00000| Complete 
| 192|0x000000008c000000, 0x000000008c100000, 0x000000008c100000|100%|HS|  |TAMS 0x000000008c100000, 0x000000008c000000| Complete 
| 193|0x000000008c100000, 0x000000008c200000, 0x000000008c200000|100%|HC|  |TAMS 0x000000008c200000, 0x000000008c100000| Complete 
| 194|0x000000008c200000, 0x000000008c300000, 0x000000008c300000|100%|HC|  |TAMS 0x000000008c300000, 0x000000008c200000| Complete 
| 195|0x000000008c300000, 0x000000008c400000, 0x000000008c400000|100%|HC|  |TAMS 0x000000008c400000, 0x000000008c300000| Complete 
| 196|0x000000008c400000, 0x000000008c500000, 0x000000008c500000|100%|HS|  |TAMS 0x000000008c500000, 0x000000008c400000| Complete 
| 197|0x000000008c500000, 0x000000008c600000, 0x000000008c600000|100%|HC|  |TAMS 0x000000008c600000, 0x000000008c500000| Complete 
| 198|0x000000008c600000, 0x000000008c700000, 0x000000008c700000|100%|HC|  |TAMS 0x000000008c700000, 0x000000008c600000| Complete 
| 199|0x000000008c700000, 0x000000008c800000, 0x000000008c800000|100%|HC|  |TAMS 0x000000008c800000, 0x000000008c700000| Complete 
| 200|0x000000008c800000, 0x000000008c900000, 0x000000008c900000|100%|HC|  |TAMS 0x000000008c900000, 0x000000008c800000| Complete 
| 201|0x000000008c900000, 0x000000008ca00000, 0x000000008ca00000|100%|HS|  |TAMS 0x000000008ca00000, 0x000000008c900000| Complete 
| 202|0x000000008ca00000, 0x000000008cb00000, 0x000000008cb00000|100%| O|  |TAMS 0x000000008cb00000, 0x000000008ca00000| Untracked 
| 203|0x000000008cb00000, 0x000000008cc00000, 0x000000008cc00000|100%| O|  |TAMS 0x000000008cc00000, 0x000000008cb00000| Untracked 
| 204|0x000000008cc00000, 0x000000008cd00000, 0x000000008cd00000|100%| O|  |TAMS 0x000000008cd00000, 0x000000008cc00000| Untracked 
| 205|0x000000008cd00000, 0x000000008ce00000, 0x000000008ce00000|100%| O|  |TAMS 0x000000008ce00000, 0x000000008cd00000| Untracked 
| 206|0x000000008ce00000, 0x000000008cf00000, 0x000000008cf00000|100%| O|  |TAMS 0x000000008cf00000, 0x000000008ce00000| Untracked 
| 207|0x000000008cf00000, 0x000000008d000000, 0x000000008d000000|100%| O|  |TAMS 0x000000008d000000, 0x000000008cf00000| Untracked 
| 208|0x000000008d000000, 0x000000008d100000, 0x000000008d100000|100%| O|  |TAMS 0x000000008d100000, 0x000000008d000000| Untracked 
| 209|0x000000008d100000, 0x000000008d200000, 0x000000008d200000|100%| O|  |TAMS 0x000000008d200000, 0x000000008d100000| Untracked 
| 210|0x000000008d200000, 0x000000008d300000, 0x000000008d300000|100%| O|  |TAMS 0x000000008d300000, 0x000000008d200000| Untracked 
| 211|0x000000008d300000, 0x000000008d400000, 0x000000008d400000|100%| O|  |TAMS 0x000000008d400000, 0x000000008d300000| Untracked 
| 212|0x000000008d400000, 0x000000008d500000, 0x000000008d500000|100%| O|  |TAMS 0x000000008d500000, 0x000000008d400000| Untracked 
| 213|0x000000008d500000, 0x000000008d600000, 0x000000008d600000|100%| O|  |TAMS 0x000000008d600000, 0x000000008d500000| Untracked 
| 214|0x000000008d600000, 0x000000008d700000, 0x000000008d700000|100%| O|  |TAMS 0x000000008d700000, 0x000000008d600000| Untracked 
| 215|0x000000008d700000, 0x000000008d800000, 0x000000008d800000|100%| O|  |TAMS 0x000000008d800000, 0x000000008d700000| Untracked 
| 216|0x000000008d800000, 0x000000008d900000, 0x000000008d900000|100%| O|  |TAMS 0x000000008d900000, 0x000000008d800000| Untracked 
| 217|0x000000008d900000, 0x000000008da00000, 0x000000008da00000|100%| O|  |TAMS 0x000000008da00000, 0x000000008d900000| Untracked 
| 218|0x000000008da00000, 0x000000008db00000, 0x000000008db00000|100%| O|  |TAMS 0x000000008db00000, 0x000000008da00000| Untracked 
| 219|0x000000008db00000, 0x000000008dc00000, 0x000000008dc00000|100%| O|  |TAMS 0x000000008dc00000, 0x000000008db00000| Untracked 
| 220|0x000000008dc00000, 0x000000008dd00000, 0x000000008dd00000|100%| O|  |TAMS 0x000000008dd00000, 0x000000008dc00000| Untracked 
| 221|0x000000008dd00000, 0x000000008de00000, 0x000000008de00000|100%| O|  |TAMS 0x000000008de00000, 0x000000008dd00000| Untracked 
| 222|0x000000008de00000, 0x000000008df00000, 0x000000008df00000|100%| O|  |TAMS 0x000000008df00000, 0x000000008de00000| Untracked 
| 223|0x000000008df00000, 0x000000008e000000, 0x000000008e000000|100%| O|  |TAMS 0x000000008e000000, 0x000000008df00000| Untracked 
| 224|0x000000008e000000, 0x000000008e100000, 0x000000008e100000|100%| O|  |TAMS 0x000000008e100000, 0x000000008e000000| Untracked 
| 225|0x000000008e100000, 0x000000008e200000, 0x000000008e200000|100%| O|  |TAMS 0x000000008e200000, 0x000000008e100000| Untracked 
| 226|0x000000008e200000, 0x000000008e300000, 0x000000008e300000|100%| O|  |TAMS 0x000000008e300000, 0x000000008e200000| Untracked 
| 227|0x000000008e300000, 0x000000008e400000, 0x000000008e400000|100%| O|  |TAMS 0x000000008e400000, 0x000000008e300000| Untracked 
| 228|0x000000008e400000, 0x000000008e500000, 0x000000008e500000|100%| O|  |TAMS 0x000000008e500000, 0x000000008e400000| Untracked 
| 229|0x000000008e500000, 0x000000008e600000, 0x000000008e600000|100%| S|CS|TAMS 0x000000008e500000, 0x000000008e500000| Complete 
| 230|0x000000008e600000, 0x000000008e700000, 0x000000008e700000|100%| O|  |TAMS 0x000000008e700000, 0x000000008e600000| Untracked 
| 231|0x000000008e700000, 0x000000008e800000, 0x000000008e800000|100%| O|  |TAMS 0x000000008e800000, 0x000000008e700000| Untracked 
| 232|0x000000008e800000, 0x000000008e900000, 0x000000008e900000|100%| O|  |TAMS 0x000000008e900000, 0x000000008e800000| Untracked 
| 233|0x000000008e900000, 0x000000008ea00000, 0x000000008ea00000|100%| O|  |TAMS 0x000000008ea00000, 0x000000008e900000| Untracked 
| 234|0x000000008ea00000, 0x000000008eb00000, 0x000000008eb00000|100%| O|  |TAMS 0x000000008eb00000, 0x000000008ea00000| Untracked 
| 235|0x000000008eb00000, 0x000000008ec00000, 0x000000008ec00000|100%| O|  |TAMS 0x000000008ec00000, 0x000000008eb00000| Untracked 
| 236|0x000000008ec00000, 0x000000008ed00000, 0x000000008ed00000|100%| O|  |TAMS 0x000000008ed00000, 0x000000008ec00000| Untracked 
| 237|0x000000008ed00000, 0x000000008ee00000, 0x000000008ee00000|100%| O|  |TAMS 0x000000008ee00000, 0x000000008ed00000| Untracked 
| 238|0x000000008ee00000, 0x000000008ef00000, 0x000000008ef00000|100%| O|  |TAMS 0x000000008ef00000, 0x000000008ee00000| Untracked 
| 239|0x000000008ef00000, 0x000000008f000000, 0x000000008f000000|100%| O|  |TAMS 0x000000008f000000, 0x000000008ef00000| Untracked 
| 240|0x000000008f000000, 0x000000008f100000, 0x000000008f100000|100%| O|  |TAMS 0x000000008f100000, 0x000000008f000000| Untracked 
| 241|0x000000008f100000, 0x000000008f200000, 0x000000008f200000|100%| O|  |TAMS 0x000000008f200000, 0x000000008f100000| Untracked 
| 242|0x000000008f200000, 0x000000008f300000, 0x000000008f300000|100%| O|  |TAMS 0x000000008f300000, 0x000000008f200000| Untracked 
| 243|0x000000008f300000, 0x000000008f400000, 0x000000008f400000|100%| O|  |TAMS 0x000000008f400000, 0x000000008f300000| Untracked 
| 244|0x000000008f400000, 0x000000008f500000, 0x000000008f500000|100%| O|  |TAMS 0x000000008f500000, 0x000000008f400000| Untracked 
| 245|0x000000008f500000, 0x000000008f500000, 0x000000008f600000|  0%| F|  |TAMS 0x000000008f500000, 0x000000008f500000| Untracked 
| 246|0x000000008f600000, 0x000000008f600000, 0x000000008f700000|  0%| F|  |TAMS 0x000000008f600000, 0x000000008f600000| Untracked 
| 247|0x000000008f700000, 0x000000008f700000, 0x000000008f800000|  0%| F|  |TAMS 0x000000008f700000, 0x000000008f700000| Untracked 
| 248|0x000000008f800000, 0x000000008f900000, 0x000000008f900000|100%| O|  |TAMS 0x000000008f900000, 0x000000008f800000| Untracked 
| 249|0x000000008f900000, 0x000000008f900000, 0x000000008fa00000|  0%| F|  |TAMS 0x000000008f900000, 0x000000008f900000| Untracked 
| 250|0x000000008fa00000, 0x000000008fa00000, 0x000000008fb00000|  0%| F|  |TAMS 0x000000008fa00000, 0x000000008fa00000| Untracked 
| 251|0x000000008fb00000, 0x000000008fb00000, 0x000000008fc00000|  0%| F|  |TAMS 0x000000008fb00000, 0x000000008fb00000| Untracked 
| 252|0x000000008fc00000, 0x000000008fc00000, 0x000000008fd00000|  0%| F|  |TAMS 0x000000008fc00000, 0x000000008fc00000| Untracked 
| 253|0x000000008fd00000, 0x000000008fd00000, 0x000000008fe00000|  0%| F|  |TAMS 0x000000008fd00000, 0x000000008fd00000| Untracked 
| 254|0x000000008fe00000, 0x000000008fe00000, 0x000000008ff00000|  0%| F|  |TAMS 0x000000008fe00000, 0x000000008fe00000| Untracked 
| 255|0x000000008ff00000, 0x000000008ff00000, 0x0000000090000000|  0%| F|  |TAMS 0x000000008ff00000, 0x000000008ff00000| Untracked 
| 256|0x0000000090000000, 0x0000000090000000, 0x0000000090100000|  0%| F|  |TAMS 0x0000000090000000, 0x0000000090000000| Untracked 
| 257|0x0000000090100000, 0x0000000090100000, 0x0000000090200000|  0%| F|  |TAMS 0x0000000090100000, 0x0000000090100000| Untracked 
| 258|0x0000000090200000, 0x0000000090200000, 0x0000000090300000|  0%| F|  |TAMS 0x0000000090200000, 0x0000000090200000| Untracked 
| 259|0x0000000090300000, 0x0000000090400000, 0x0000000090400000|100%| O|  |TAMS 0x0000000090400000, 0x0000000090300000| Untracked 
| 260|0x0000000090400000, 0x0000000090500000, 0x0000000090500000|100%| O|  |TAMS 0x0000000090500000, 0x0000000090400000| Untracked 
| 261|0x0000000090500000, 0x0000000090600000, 0x0000000090600000|100%| O|  |TAMS 0x0000000090600000, 0x0000000090500000| Untracked 
| 262|0x0000000090600000, 0x0000000090700000, 0x0000000090700000|100%| O|  |TAMS 0x0000000090700000, 0x0000000090600000| Untracked 
| 263|0x0000000090700000, 0x0000000090800000, 0x0000000090800000|100%| O|  |TAMS 0x0000000090800000, 0x0000000090700000| Untracked 
| 264|0x0000000090800000, 0x0000000090900000, 0x0000000090900000|100%| O|  |TAMS 0x0000000090900000, 0x0000000090800000| Untracked 
| 265|0x0000000090900000, 0x0000000090a00000, 0x0000000090a00000|100%| O|  |TAMS 0x0000000090a00000, 0x0000000090900000| Untracked 
| 266|0x0000000090a00000, 0x0000000090b00000, 0x0000000090b00000|100%| O|  |TAMS 0x0000000090b00000, 0x0000000090a00000| Untracked 
| 267|0x0000000090b00000, 0x0000000090c00000, 0x0000000090c00000|100%| O|  |TAMS 0x0000000090b33000, 0x0000000090b00000| Untracked 
| 268|0x0000000090c00000, 0x0000000090c00000, 0x0000000090d00000|  0%| F|  |TAMS 0x0000000090c00000, 0x0000000090c00000| Untracked 
| 269|0x0000000090d00000, 0x0000000090d00000, 0x0000000090e00000|  0%| F|  |TAMS 0x0000000090d00000, 0x0000000090d00000| Untracked 
| 270|0x0000000090e00000, 0x0000000090e00000, 0x0000000090f00000|  0%| F|  |TAMS 0x0000000090e00000, 0x0000000090e00000| Untracked 
| 271|0x0000000090f00000, 0x0000000090f00000, 0x0000000091000000|  0%| F|  |TAMS 0x0000000090f00000, 0x0000000090f00000| Untracked 
| 272|0x0000000091000000, 0x0000000091000000, 0x0000000091100000|  0%| F|  |TAMS 0x0000000091000000, 0x0000000091000000| Untracked 
| 273|0x0000000091100000, 0x0000000091100000, 0x0000000091200000|  0%| F|  |TAMS 0x0000000091100000, 0x0000000091100000| Untracked 
| 274|0x0000000091200000, 0x0000000091200000, 0x0000000091300000|  0%| F|  |TAMS 0x0000000091200000, 0x0000000091200000| Untracked 
| 275|0x0000000091300000, 0x0000000091300000, 0x0000000091400000|  0%| F|  |TAMS 0x0000000091300000, 0x0000000091300000| Untracked 
| 276|0x0000000091400000, 0x0000000091400000, 0x0000000091500000|  0%| F|  |TAMS 0x0000000091400000, 0x0000000091400000| Untracked 
| 277|0x0000000091500000, 0x0000000091500000, 0x0000000091600000|  0%| F|  |TAMS 0x0000000091500000, 0x0000000091500000| Untracked 
| 278|0x0000000091600000, 0x0000000091600000, 0x0000000091700000|  0%| F|  |TAMS 0x0000000091600000, 0x0000000091600000| Untracked 
| 279|0x0000000091700000, 0x0000000091700000, 0x0000000091800000|  0%| F|  |TAMS 0x0000000091700000, 0x0000000091700000| Untracked 
| 280|0x0000000091800000, 0x0000000091800000, 0x0000000091900000|  0%| F|  |TAMS 0x0000000091800000, 0x0000000091800000| Untracked 
| 281|0x0000000091900000, 0x0000000091900000, 0x0000000091a00000|  0%| F|  |TAMS 0x0000000091900000, 0x0000000091900000| Untracked 
| 282|0x0000000091a00000, 0x0000000091a00000, 0x0000000091b00000|  0%| F|  |TAMS 0x0000000091a00000, 0x0000000091a00000| Untracked 
| 283|0x0000000091b00000, 0x0000000091b00000, 0x0000000091c00000|  0%| F|  |TAMS 0x0000000091b00000, 0x0000000091b00000| Untracked 
| 284|0x0000000091c00000, 0x0000000091c00000, 0x0000000091d00000|  0%| F|  |TAMS 0x0000000091c00000, 0x0000000091c00000| Untracked 
| 285|0x0000000091d00000, 0x0000000091d00000, 0x0000000091e00000|  0%| F|  |TAMS 0x0000000091d00000, 0x0000000091d00000| Untracked 
| 286|0x0000000091e00000, 0x0000000091e00000, 0x0000000091f00000|  0%| F|  |TAMS 0x0000000091e00000, 0x0000000091e00000| Untracked 
| 287|0x0000000091f00000, 0x0000000091f00000, 0x0000000092000000|  0%| F|  |TAMS 0x0000000091f00000, 0x0000000091f00000| Untracked 
| 288|0x0000000092000000, 0x0000000092000000, 0x0000000092100000|  0%| F|  |TAMS 0x0000000092000000, 0x0000000092000000| Untracked 
| 289|0x0000000092100000, 0x0000000092100000, 0x0000000092200000|  0%| F|  |TAMS 0x0000000092100000, 0x0000000092100000| Untracked 
| 290|0x0000000092200000, 0x0000000092200000, 0x0000000092300000|  0%| F|  |TAMS 0x0000000092200000, 0x0000000092200000| Untracked 
| 291|0x0000000092300000, 0x0000000092300000, 0x0000000092400000|  0%| F|  |TAMS 0x0000000092300000, 0x0000000092300000| Untracked 
| 292|0x0000000092400000, 0x0000000092400000, 0x0000000092500000|  0%| F|  |TAMS 0x0000000092400000, 0x0000000092400000| Untracked 
| 293|0x0000000092500000, 0x0000000092500000, 0x0000000092600000|  0%| F|  |TAMS 0x0000000092500000, 0x0000000092500000| Untracked 
| 294|0x0000000092600000, 0x0000000092600000, 0x0000000092700000|  0%| F|  |TAMS 0x0000000092600000, 0x0000000092600000| Untracked 
| 295|0x0000000092700000, 0x0000000092700000, 0x0000000092800000|  0%| F|  |TAMS 0x0000000092700000, 0x0000000092700000| Untracked 
| 296|0x0000000092800000, 0x0000000092800000, 0x0000000092900000|  0%| F|  |TAMS 0x0000000092800000, 0x0000000092800000| Untracked 
| 297|0x0000000092900000, 0x0000000092900000, 0x0000000092a00000|  0%| F|  |TAMS 0x0000000092900000, 0x0000000092900000| Untracked 
| 298|0x0000000092a00000, 0x0000000092a00000, 0x0000000092b00000|  0%| F|  |TAMS 0x0000000092a00000, 0x0000000092a00000| Untracked 
| 299|0x0000000092b00000, 0x0000000092b00000, 0x0000000092c00000|  0%| F|  |TAMS 0x0000000092b00000, 0x0000000092b00000| Untracked 
| 300|0x0000000092c00000, 0x0000000092c00000, 0x0000000092d00000|  0%| F|  |TAMS 0x0000000092c00000, 0x0000000092c00000| Untracked 
| 301|0x0000000092d00000, 0x0000000092d00000, 0x0000000092e00000|  0%| F|  |TAMS 0x0000000092d00000, 0x0000000092d00000| Untracked 
| 302|0x0000000092e00000, 0x0000000092e00000, 0x0000000092f00000|  0%| F|  |TAMS 0x0000000092e00000, 0x0000000092e00000| Untracked 
| 303|0x0000000092f00000, 0x0000000092f00000, 0x0000000093000000|  0%| F|  |TAMS 0x0000000092f00000, 0x0000000092f00000| Untracked 
| 304|0x0000000093000000, 0x0000000093000000, 0x0000000093100000|  0%| F|  |TAMS 0x0000000093000000, 0x0000000093000000| Untracked 
| 305|0x0000000093100000, 0x0000000093100000, 0x0000000093200000|  0%| F|  |TAMS 0x0000000093100000, 0x0000000093100000| Untracked 
| 306|0x0000000093200000, 0x0000000093200000, 0x0000000093300000|  0%| F|  |TAMS 0x0000000093200000, 0x0000000093200000| Untracked 
| 307|0x0000000093300000, 0x0000000093300000, 0x0000000093400000|  0%| F|  |TAMS 0x0000000093300000, 0x0000000093300000| Untracked 
| 308|0x0000000093400000, 0x00000000934c6578, 0x0000000093500000| 77%| E|  |TAMS 0x0000000093400000, 0x0000000093400000| Complete 
| 309|0x0000000093500000, 0x0000000093600000, 0x0000000093600000|100%| E|  |TAMS 0x0000000093500000, 0x0000000093500000| Complete 
| 310|0x0000000093600000, 0x0000000093700000, 0x0000000093700000|100%| E|CS|TAMS 0x0000000093600000, 0x0000000093600000| Complete 
| 311|0x0000000093700000, 0x0000000093800000, 0x0000000093800000|100%| E|CS|TAMS 0x0000000093700000, 0x0000000093700000| Complete 
| 312|0x0000000093800000, 0x0000000093900000, 0x0000000093900000|100%| E|CS|TAMS 0x0000000093800000, 0x0000000093800000| Complete 
| 313|0x0000000093900000, 0x0000000093a00000, 0x0000000093a00000|100%| E|CS|TAMS 0x0000000093900000, 0x0000000093900000| Complete 
| 314|0x0000000093a00000, 0x0000000093b00000, 0x0000000093b00000|100%| E|CS|TAMS 0x0000000093a00000, 0x0000000093a00000| Complete 
| 315|0x0000000093b00000, 0x0000000093c00000, 0x0000000093c00000|100%| E|CS|TAMS 0x0000000093b00000, 0x0000000093b00000| Complete 
| 316|0x0000000093c00000, 0x0000000093d00000, 0x0000000093d00000|100%| E|CS|TAMS 0x0000000093c00000, 0x0000000093c00000| Complete 
| 317|0x0000000093d00000, 0x0000000093e00000, 0x0000000093e00000|100%| E|CS|TAMS 0x0000000093d00000, 0x0000000093d00000| Complete 
| 318|0x0000000093e00000, 0x0000000093f00000, 0x0000000093f00000|100%| E|CS|TAMS 0x0000000093e00000, 0x0000000093e00000| Complete 
| 319|0x0000000093f00000, 0x0000000094000000, 0x0000000094000000|100%| E|CS|TAMS 0x0000000093f00000, 0x0000000093f00000| Complete 
| 320|0x0000000094000000, 0x0000000094100000, 0x0000000094100000|100%| E|CS|TAMS 0x0000000094000000, 0x0000000094000000| Complete 
| 321|0x0000000094100000, 0x0000000094200000, 0x0000000094200000|100%| E|CS|TAMS 0x0000000094100000, 0x0000000094100000| Complete 
| 322|0x0000000094200000, 0x0000000094300000, 0x0000000094300000|100%| E|CS|TAMS 0x0000000094200000, 0x0000000094200000| Complete 
| 323|0x0000000094300000, 0x0000000094400000, 0x0000000094400000|100%| E|CS|TAMS 0x0000000094300000, 0x0000000094300000| Complete 
| 324|0x0000000094400000, 0x0000000094500000, 0x0000000094500000|100%| E|CS|TAMS 0x0000000094400000, 0x0000000094400000| Complete 
| 325|0x0000000094500000, 0x0000000094600000, 0x0000000094600000|100%| E|CS|TAMS 0x0000000094500000, 0x0000000094500000| Complete 
| 326|0x0000000094600000, 0x0000000094700000, 0x0000000094700000|100%| E|CS|TAMS 0x0000000094600000, 0x0000000094600000| Complete 
| 327|0x0000000094700000, 0x0000000094800000, 0x0000000094800000|100%| E|CS|TAMS 0x0000000094700000, 0x0000000094700000| Complete 
| 328|0x0000000094800000, 0x0000000094900000, 0x0000000094900000|100%| E|CS|TAMS 0x0000000094800000, 0x0000000094800000| Complete 
| 329|0x0000000094900000, 0x0000000094a00000, 0x0000000094a00000|100%| E|CS|TAMS 0x0000000094900000, 0x0000000094900000| Complete 
| 330|0x0000000094a00000, 0x0000000094b00000, 0x0000000094b00000|100%| E|CS|TAMS 0x0000000094a00000, 0x0000000094a00000| Complete 
| 331|0x0000000094b00000, 0x0000000094c00000, 0x0000000094c00000|100%| E|CS|TAMS 0x0000000094b00000, 0x0000000094b00000| Complete 
| 332|0x0000000094c00000, 0x0000000094d00000, 0x0000000094d00000|100%| E|CS|TAMS 0x0000000094c00000, 0x0000000094c00000| Complete 
| 333|0x0000000094d00000, 0x0000000094e00000, 0x0000000094e00000|100%| E|CS|TAMS 0x0000000094d00000, 0x0000000094d00000| Complete 
| 334|0x0000000094e00000, 0x0000000094f00000, 0x0000000094f00000|100%| E|CS|TAMS 0x0000000094e00000, 0x0000000094e00000| Complete 
| 335|0x0000000094f00000, 0x0000000095000000, 0x0000000095000000|100%| E|CS|TAMS 0x0000000094f00000, 0x0000000094f00000| Complete 
| 336|0x0000000095000000, 0x0000000095100000, 0x0000000095100000|100%| E|CS|TAMS 0x0000000095000000, 0x0000000095000000| Complete 
| 337|0x0000000095100000, 0x0000000095200000, 0x0000000095200000|100%| E|CS|TAMS 0x0000000095100000, 0x0000000095100000| Complete 
| 338|0x0000000095200000, 0x0000000095300000, 0x0000000095300000|100%| E|CS|TAMS 0x0000000095200000, 0x0000000095200000| Complete 
| 339|0x0000000095300000, 0x0000000095400000, 0x0000000095400000|100%| E|CS|TAMS 0x0000000095300000, 0x0000000095300000| Complete 
| 340|0x0000000095400000, 0x0000000095500000, 0x0000000095500000|100%| E|CS|TAMS 0x0000000095400000, 0x0000000095400000| Complete 
| 341|0x0000000095500000, 0x0000000095600000, 0x0000000095600000|100%| E|CS|TAMS 0x0000000095500000, 0x0000000095500000| Complete 
| 342|0x0000000095600000, 0x0000000095700000, 0x0000000095700000|100%| E|CS|TAMS 0x0000000095600000, 0x0000000095600000| Complete 
| 343|0x0000000095700000, 0x0000000095800000, 0x0000000095800000|100%| E|CS|TAMS 0x0000000095700000, 0x0000000095700000| Complete 
| 344|0x0000000095800000, 0x0000000095900000, 0x0000000095900000|100%| E|CS|TAMS 0x0000000095800000, 0x0000000095800000| Complete 
| 345|0x0000000095900000, 0x0000000095a00000, 0x0000000095a00000|100%| E|CS|TAMS 0x0000000095900000, 0x0000000095900000| Complete 
| 346|0x0000000095a00000, 0x0000000095b00000, 0x0000000095b00000|100%| E|CS|TAMS 0x0000000095a00000, 0x0000000095a00000| Complete 
| 347|0x0000000095b00000, 0x0000000095c00000, 0x0000000095c00000|100%| E|CS|TAMS 0x0000000095b00000, 0x0000000095b00000| Complete 
| 348|0x0000000095c00000, 0x0000000095d00000, 0x0000000095d00000|100%| E|CS|TAMS 0x0000000095c00000, 0x0000000095c00000| Complete 
| 349|0x0000000095d00000, 0x0000000095e00000, 0x0000000095e00000|100%| E|CS|TAMS 0x0000000095d00000, 0x0000000095d00000| Complete 
| 350|0x0000000095e00000, 0x0000000095f00000, 0x0000000095f00000|100%| E|CS|TAMS 0x0000000095e00000, 0x0000000095e00000| Complete 
| 351|0x0000000095f00000, 0x0000000096000000, 0x0000000096000000|100%| E|CS|TAMS 0x0000000095f00000, 0x0000000095f00000| Complete 
| 352|0x0000000096000000, 0x0000000096100000, 0x0000000096100000|100%| E|CS|TAMS 0x0000000096000000, 0x0000000096000000| Complete 
| 353|0x0000000096100000, 0x0000000096200000, 0x0000000096200000|100%| E|CS|TAMS 0x0000000096100000, 0x0000000096100000| Complete 
| 354|0x0000000096200000, 0x0000000096300000, 0x0000000096300000|100%| E|CS|TAMS 0x0000000096200000, 0x0000000096200000| Complete 
| 355|0x0000000096300000, 0x0000000096400000, 0x0000000096400000|100%| E|CS|TAMS 0x0000000096300000, 0x0000000096300000| Complete 
| 356|0x0000000096400000, 0x0000000096500000, 0x0000000096500000|100%| E|CS|TAMS 0x0000000096400000, 0x0000000096400000| Complete 
| 357|0x0000000096500000, 0x0000000096600000, 0x0000000096600000|100%| E|CS|TAMS 0x0000000096500000, 0x0000000096500000| Complete 
| 358|0x0000000096600000, 0x0000000096700000, 0x0000000096700000|100%| E|CS|TAMS 0x0000000096600000, 0x0000000096600000| Complete 
| 359|0x0000000096700000, 0x0000000096800000, 0x0000000096800000|100%| E|CS|TAMS 0x0000000096700000, 0x0000000096700000| Complete 
| 360|0x0000000096800000, 0x0000000096900000, 0x0000000096900000|100%| E|CS|TAMS 0x0000000096800000, 0x0000000096800000| Complete 
| 361|0x0000000096900000, 0x0000000096a00000, 0x0000000096a00000|100%| E|CS|TAMS 0x0000000096900000, 0x0000000096900000| Complete 
| 362|0x0000000096a00000, 0x0000000096b00000, 0x0000000096b00000|100%| E|CS|TAMS 0x0000000096a00000, 0x0000000096a00000| Complete 
| 363|0x0000000096b00000, 0x0000000096c00000, 0x0000000096c00000|100%| E|CS|TAMS 0x0000000096b00000, 0x0000000096b00000| Complete 
| 364|0x0000000096c00000, 0x0000000096d00000, 0x0000000096d00000|100%| E|CS|TAMS 0x0000000096c00000, 0x0000000096c00000| Complete 
| 365|0x0000000096d00000, 0x0000000096e00000, 0x0000000096e00000|100%| E|CS|TAMS 0x0000000096d00000, 0x0000000096d00000| Complete 
| 366|0x0000000096e00000, 0x0000000096f00000, 0x0000000096f00000|100%| E|CS|TAMS 0x0000000096e00000, 0x0000000096e00000| Complete 
| 367|0x0000000096f00000, 0x0000000097000000, 0x0000000097000000|100%| E|CS|TAMS 0x0000000096f00000, 0x0000000096f00000| Complete 
| 368|0x0000000097000000, 0x0000000097100000, 0x0000000097100000|100%| E|CS|TAMS 0x0000000097000000, 0x0000000097000000| Complete 
| 369|0x0000000097100000, 0x0000000097200000, 0x0000000097200000|100%| E|CS|TAMS 0x0000000097100000, 0x0000000097100000| Complete 
| 370|0x0000000097200000, 0x0000000097300000, 0x0000000097300000|100%| E|CS|TAMS 0x0000000097200000, 0x0000000097200000| Complete 
| 371|0x0000000097300000, 0x0000000097400000, 0x0000000097400000|100%| E|CS|TAMS 0x0000000097300000, 0x0000000097300000| Complete 
| 372|0x0000000097400000, 0x0000000097500000, 0x0000000097500000|100%| E|CS|TAMS 0x0000000097400000, 0x0000000097400000| Complete 
| 373|0x0000000097500000, 0x0000000097600000, 0x0000000097600000|100%| E|CS|TAMS 0x0000000097500000, 0x0000000097500000| Complete 
| 374|0x0000000097600000, 0x0000000097700000, 0x0000000097700000|100%| E|CS|TAMS 0x0000000097600000, 0x0000000097600000| Complete 
| 375|0x0000000097700000, 0x0000000097800000, 0x0000000097800000|100%| E|CS|TAMS 0x0000000097700000, 0x0000000097700000| Complete 
| 376|0x0000000097800000, 0x0000000097900000, 0x0000000097900000|100%| E|CS|TAMS 0x0000000097800000, 0x0000000097800000| Complete 
| 377|0x0000000097900000, 0x0000000097a00000, 0x0000000097a00000|100%| E|CS|TAMS 0x0000000097900000, 0x0000000097900000| Complete 
| 378|0x0000000097a00000, 0x0000000097b00000, 0x0000000097b00000|100%| E|CS|TAMS 0x0000000097a00000, 0x0000000097a00000| Complete 
| 379|0x0000000097b00000, 0x0000000097c00000, 0x0000000097c00000|100%| E|CS|TAMS 0x0000000097b00000, 0x0000000097b00000| Complete 
| 380|0x0000000097c00000, 0x0000000097d00000, 0x0000000097d00000|100%| E|CS|TAMS 0x0000000097c00000, 0x0000000097c00000| Complete 
| 381|0x0000000097d00000, 0x0000000097e00000, 0x0000000097e00000|100%| E|CS|TAMS 0x0000000097d00000, 0x0000000097d00000| Complete 
| 382|0x0000000097e00000, 0x0000000097f00000, 0x0000000097f00000|100%| E|CS|TAMS 0x0000000097e00000, 0x0000000097e00000| Complete 
| 383|0x0000000097f00000, 0x0000000098000000, 0x0000000098000000|100%| E|CS|TAMS 0x0000000097f00000, 0x0000000097f00000| Complete 
| 384|0x0000000098000000, 0x0000000098100000, 0x0000000098100000|100%| E|CS|TAMS 0x0000000098000000, 0x0000000098000000| Complete 
| 385|0x0000000098100000, 0x0000000098200000, 0x0000000098200000|100%| E|CS|TAMS 0x0000000098100000, 0x0000000098100000| Complete 
| 386|0x0000000098200000, 0x0000000098300000, 0x0000000098300000|100%| E|CS|TAMS 0x0000000098200000, 0x0000000098200000| Complete 
| 387|0x0000000098300000, 0x0000000098400000, 0x0000000098400000|100%| E|CS|TAMS 0x0000000098300000, 0x0000000098300000| Complete 
| 388|0x0000000098400000, 0x0000000098500000, 0x0000000098500000|100%| E|CS|TAMS 0x0000000098400000, 0x0000000098400000| Complete 
| 389|0x0000000098500000, 0x0000000098600000, 0x0000000098600000|100%| E|CS|TAMS 0x0000000098500000, 0x0000000098500000| Complete 
| 390|0x0000000098600000, 0x0000000098700000, 0x0000000098700000|100%| E|CS|TAMS 0x0000000098600000, 0x0000000098600000| Complete 
| 391|0x0000000098700000, 0x0000000098800000, 0x0000000098800000|100%| E|CS|TAMS 0x0000000098700000, 0x0000000098700000| Complete 
| 392|0x0000000098800000, 0x0000000098900000, 0x0000000098900000|100%| E|CS|TAMS 0x0000000098800000, 0x0000000098800000| Complete 
| 393|0x0000000098900000, 0x0000000098a00000, 0x0000000098a00000|100%| E|CS|TAMS 0x0000000098900000, 0x0000000098900000| Complete 
| 394|0x0000000098a00000, 0x0000000098b00000, 0x0000000098b00000|100%| E|CS|TAMS 0x0000000098a00000, 0x0000000098a00000| Complete 
| 395|0x0000000098b00000, 0x0000000098c00000, 0x0000000098c00000|100%| E|CS|TAMS 0x0000000098b00000, 0x0000000098b00000| Complete 
| 396|0x0000000098c00000, 0x0000000098d00000, 0x0000000098d00000|100%| E|CS|TAMS 0x0000000098c00000, 0x0000000098c00000| Complete 
| 397|0x0000000098d00000, 0x0000000098e00000, 0x0000000098e00000|100%| E|CS|TAMS 0x0000000098d00000, 0x0000000098d00000| Complete 

Card table byte_map: [0x00000287f7370000,0x00000287f7770000] _byte_map_base: 0x00000287f6f70000

Marking Bits (Prev, Next): (CMBitMap*) 0x00000287e449acb0, (CMBitMap*) 0x00000287e449ac78
 Prev Bits: [0x00000287f9b70000, 0x00000287fbb70000)
 Next Bits: [0x00000287f7b70000, 0x00000287f9b70000)

Polling page: 0x00000287e2390000

Metaspace:

Usage:
  Non-class:     92.34 MB capacity,    90.56 MB ( 98%) used,     1.52 MB (  2%) free+waste,   260.56 KB ( <1%) overhead. 
      Class:     13.04 MB capacity,    12.16 MB ( 93%) used,   790.87 KB (  6%) free+waste,   114.75 KB ( <1%) overhead. 
       Both:    105.38 MB capacity,   102.72 MB ( 97%) used,     2.29 MB (  2%) free+waste,   375.31 KB ( <1%) overhead. 

Virtual space:
  Non-class space:       94.00 MB reserved,      92.83 MB ( 99%) committed 
      Class space:        1.00 GB reserved,      13.32 MB (  1%) committed 
             Both:        1.09 GB reserved,     106.15 MB (  9%) committed 

Chunk freelists:
   Non-Class:  372.00 KB
       Class:  212.00 KB
        Both:  584.00 KB

MaxMetaspaceSize: 17179869184.00 GB
CompressedClassSpaceSize: 1.00 GB
Initial GC threshold: 20.80 MB
Current GC threshold: 176.92 MB
CDS: off

CodeHeap 'non-profiled nmethods': size=120064Kb used=15291Kb max_used=15781Kb free=104772Kb
 bounds [0x00000287efa30000, 0x00000287f09a0000, 0x00000287f6f70000]
CodeHeap 'profiled nmethods': size=120000Kb used=41148Kb max_used=42315Kb free=78851Kb
 bounds [0x00000287e8500000, 0x00000287eae60000, 0x00000287efa30000]
CodeHeap 'non-nmethods': size=5696Kb used=2421Kb max_used=2493Kb free=3274Kb
 bounds [0x00000287e7f70000, 0x00000287e81f0000, 0x00000287e8500000]
 total_blobs=17957 nmethods=17013 adapters=855
 compilation: enabled
              stopped_count=0, restarted_count=0
 full_count=0

Compilation events (20 events):
Event: 5643.155 Thread 0x00000287fe088800 nmethod 19824 0x00000287f0227a90 code [0x00000287f0227cc0, 0x00000287f02288a8]
Event: 5643.162 Thread 0x000002878aadb000 nmethod 19825 0x00000287f02d4e90 code [0x00000287f02d5080, 0x00000287f02d5798]
Event: 5643.195 Thread 0x00000287fe088800 19826       4       com.google.common.collect.CollectPreconditions::checkEntryNotNull (68 bytes)
Event: 5643.196 Thread 0x00000287fe088800 nmethod 19826 0x00000287f0227710 code [0x00000287f02278a0, 0x00000287f0227918]
Event: 5643.196 Thread 0x00000287fe08d000 19827       1       org.gradle.api.internal.artifacts.configurations.DefaultConfiguration::access$1700 (5 bytes)
Event: 5643.196 Thread 0x00000287fe08d000 nmethod 19827 0x00000287f0311010 code [0x00000287f03111c0, 0x00000287f0311258]
Event: 5643.197 Thread 0x00000287fe08d000 19828       1       org.gradle.internal.resource.transport.ResourceConnectorRepositoryTransport::getResourceAccessor (5 bytes)
Event: 5643.197 Thread 0x00000287fe08d000 nmethod 19828 0x00000287f0061090 code [0x00000287f0061240, 0x00000287f00612f8]
Event: 5643.198 Thread 0x00000287fe08d000 19830   !   3       com.google.common.cache.LocalCache$Segment::reclaimValue (257 bytes)
Event: 5643.203 Thread 0x00000287fe08d000 nmethod 19830 0x00000287e9e9d510 code [0x00000287e9e9dc00, 0x00000287e9ea1bc8]
Event: 5643.203 Thread 0x00000287fe08d000 19829       3       com.google.common.cache.LocalCache::reclaimValue (32 bytes)
Event: 5643.204 Thread 0x00000287fe08d000 nmethod 19829 0x00000287e8b4b810 code [0x00000287e8b4ba00, 0x00000287e8b4be38]
Event: 5643.204 Thread 0x00000287fe08d000 19831       3       org.gradle.internal.instantiation.generator.AbstractClassGenerator$PropertyMetadata::getGenericType (34 bytes)
Event: 5643.205 Thread 0x00000287fe08d000 nmethod 19831 0x00000287e8badd90 code [0x00000287e8bae000, 0x00000287e8baeb48]
Event: 5643.546 Thread 0x000002878aadb000 19832       4       org.gradle.api.internal.changedetection.state.ZipHasher::fingerprintZipEntries (209 bytes)
Event: 5643.558 Thread 0x00000287fe088800 19833       4       org.gradle.internal.fingerprint.impl.DefaultFileSystemLocationFingerprint::<init> (19 bytes)
Event: 5643.561 Thread 0x00000287fe088800 nmethod 19833 0x00000287f002ec10 code [0x00000287f002eda0, 0x00000287f002f038]
Event: 5643.730 Thread 0x00000287fe088800 19834       4       java.io.InputStream::read (9 bytes)
Event: 5643.731 Thread 0x00000287fe088800 nmethod 19834 0x00000287f002e910 code [0x00000287f002eaa0, 0x00000287f002eb38]
Event: 5643.825 Thread 0x00000287fe088800 19835   !   4       java.util.zip.ZipFile$ZipFileInflaterInputStream::close (67 bytes)

GC Heap History (20 events):
Event: 5631.814 GC heap before
{Heap before GC invocations=204 (full 0):
 garbage-first heap   total 307200K, used 203372K [0x0000000080000000, 0x0000000100000000)
  region size 1024K, 15 young (15360K), 1 survivors (1024K)
 Metaspace       used 104780K, capacity 107408K, committed 108700K, reserved 1144832K
  class space    used 12415K, capacity 13312K, committed 13644K, reserved 1048576K
}
Event: 5631.816 GC heap after
{Heap after GC invocations=205 (full 0):
 garbage-first heap   total 307200K, used 188673K [0x0000000080000000, 0x0000000100000000)
  region size 1024K, 1 young (1024K), 1 survivors (1024K)
 Metaspace       used 104780K, capacity 107408K, committed 108700K, reserved 1144832K
  class space    used 12415K, capacity 13312K, committed 13644K, reserved 1048576K
}
Event: 5632.081 GC heap before
{Heap before GC invocations=206 (full 0):
 garbage-first heap   total 307200K, used 235777K [0x0000000080000000, 0x0000000100000000)
  region size 1024K, 47 young (48128K), 1 survivors (1024K)
 Metaspace       used 104780K, capacity 107408K, committed 108700K, reserved 1144832K
  class space    used 12415K, capacity 13312K, committed 13644K, reserved 1048576K
}
Event: 5632.085 GC heap after
{Heap after GC invocations=207 (full 0):
 garbage-first heap   total 307200K, used 190778K [0x0000000080000000, 0x0000000100000000)
  region size 1024K, 3 young (3072K), 3 survivors (3072K)
 Metaspace       used 104780K, capacity 107408K, committed 108700K, reserved 1144832K
  class space    used 12415K, capacity 13312K, committed 13644K, reserved 1048576K
}
Event: 5632.192 GC heap before
{Heap before GC invocations=207 (full 0):
 garbage-first heap   total 307200K, used 202042K [0x0000000080000000, 0x0000000100000000)
  region size 1024K, 15 young (15360K), 3 survivors (3072K)
 Metaspace       used 104780K, capacity 107408K, committed 108700K, reserved 1144832K
  class space    used 12415K, capacity 13312K, committed 13644K, reserved 1048576K
}
Event: 5632.199 GC heap after
{Heap after GC invocations=208 (full 0):
 garbage-first heap   total 307200K, used 167400K [0x0000000080000000, 0x0000000100000000)
  region size 1024K, 1 young (1024K), 1 survivors (1024K)
 Metaspace       used 104780K, capacity 107408K, committed 108700K, reserved 1144832K
  class space    used 12415K, capacity 13312K, committed 13644K, reserved 1048576K
}
Event: 5632.411 GC heap before
{Heap before GC invocations=208 (full 0):
 garbage-first heap   total 307200K, used 227816K [0x0000000080000000, 0x0000000100000000)
  region size 1024K, 60 young (61440K), 1 survivors (1024K)
 Metaspace       used 104780K, capacity 107408K, committed 108700K, reserved 1144832K
  class space    used 12415K, capacity 13312K, committed 13644K, reserved 1048576K
}
Event: 5632.420 GC heap after
{Heap after GC invocations=209 (full 0):
 garbage-first heap   total 407552K, used 168846K [0x0000000080000000, 0x0000000100000000)
  region size 1024K, 3 young (3072K), 3 survivors (3072K)
 Metaspace       used 104780K, capacity 107408K, committed 108700K, reserved 1144832K
  class space    used 12415K, capacity 13312K, committed 13644K, reserved 1048576K
}
Event: 5632.978 GC heap before
{Heap before GC invocations=209 (full 0):
 garbage-first heap   total 407552K, used 274318K [0x0000000080000000, 0x0000000100000000)
  region size 1024K, 106 young (108544K), 3 survivors (3072K)
 Metaspace       used 104781K, capacity 107408K, committed 108700K, reserved 1144832K
  class space    used 12415K, capacity 13312K, committed 13644K, reserved 1048576K
}
Event: 5632.981 GC heap after
{Heap after GC invocations=210 (full 0):
 garbage-first heap   total 407552K, used 173427K [0x0000000080000000, 0x0000000100000000)
  region size 1024K, 7 young (7168K), 7 survivors (7168K)
 Metaspace       used 104781K, capacity 107408K, committed 108700K, reserved 1144832K
  class space    used 12415K, capacity 13312K, committed 13644K, reserved 1048576K
}
Event: 5633.212 GC heap before
{Heap before GC invocations=210 (full 0):
 garbage-first heap   total 407552K, used 284019K [0x0000000080000000, 0x0000000100000000)
  region size 1024K, 116 young (118784K), 7 survivors (7168K)
 Metaspace       used 104782K, capacity 107409K, committed 108700K, reserved 1144832K
  class space    used 12415K, capacity 13312K, committed 13644K, reserved 1048576K
}
Event: 5633.216 GC heap after
{Heap after GC invocations=211 (full 0):
 garbage-first heap   total 407552K, used 173246K [0x0000000080000000, 0x0000000100000000)
  region size 1024K, 7 young (7168K), 7 survivors (7168K)
 Metaspace       used 104782K, capacity 107409K, committed 108700K, reserved 1144832K
  class space    used 12415K, capacity 13312K, committed 13644K, reserved 1048576K
}
Event: 5634.463 GC heap before
{Heap before GC invocations=211 (full 0):
 garbage-first heap   total 407552K, used 294078K [0x0000000080000000, 0x0000000100000000)
  region size 1024K, 126 young (129024K), 7 survivors (7168K)
 Metaspace       used 104785K, capacity 107473K, committed 108700K, reserved 1144832K
  class space    used 12415K, capacity 13312K, committed 13644K, reserved 1048576K
}
Event: 5634.467 GC heap after
{Heap after GC invocations=212 (full 0):
 garbage-first heap   total 407552K, used 174105K [0x0000000080000000, 0x0000000100000000)
  region size 1024K, 8 young (8192K), 8 survivors (8192K)
 Metaspace       used 104785K, capacity 107473K, committed 108700K, reserved 1144832K
  class space    used 12415K, capacity 13312K, committed 13644K, reserved 1048576K
}
Event: 5634.660 GC heap before
{Heap before GC invocations=212 (full 0):
 garbage-first heap   total 407552K, used 304153K [0x0000000080000000, 0x0000000100000000)
  region size 1024K, 134 young (137216K), 8 survivors (8192K)
 Metaspace       used 104785K, capacity 107473K, committed 108700K, reserved 1144832K
  class space    used 12415K, capacity 13312K, committed 13644K, reserved 1048576K
}
Event: 5634.669 GC heap after
{Heap after GC invocations=213 (full 0):
 garbage-first heap   total 407552K, used 175887K [0x0000000080000000, 0x0000000100000000)
  region size 1024K, 9 young (9216K), 9 survivors (9216K)
 Metaspace       used 104785K, capacity 107473K, committed 108700K, reserved 1144832K
  class space    used 12415K, capacity 13312K, committed 13644K, reserved 1048576K
}
Event: 5639.049 GC heap before
{Heap before GC invocations=213 (full 0):
 garbage-first heap   total 407552K, used 316175K [0x0000000080000000, 0x0000000100000000)
  region size 1024K, 147 young (150528K), 9 survivors (9216K)
 Metaspace       used 104938K, capacity 107656K, committed 108700K, reserved 1144832K
  class space    used 12441K, capacity 13349K, committed 13644K, reserved 1048576K
}
Event: 5639.065 GC heap after
{Heap after GC invocations=214 (full 0):
 garbage-first heap   total 407552K, used 175230K [0x0000000080000000, 0x0000000100000000)
  region size 1024K, 9 young (9216K), 9 survivors (9216K)
 Metaspace       used 104938K, capacity 107656K, committed 108700K, reserved 1144832K
  class space    used 12441K, capacity 13349K, committed 13644K, reserved 1048576K
}
Event: 5643.147 GC heap before
{Heap before GC invocations=214 (full 0):
 garbage-first heap   total 407552K, used 320638K [0x0000000080000000, 0x0000000100000000)
  region size 1024K, 152 young (155648K), 9 survivors (9216K)
 Metaspace       used 105176K, capacity 107906K, committed 108700K, reserved 1144832K
  class space    used 12447K, capacity 13354K, committed 13644K, reserved 1048576K
}
Event: 5643.154 GC heap after
{Heap after GC invocations=215 (full 0):
 garbage-first heap   total 407552K, used 175887K [0x0000000080000000, 0x0000000100000000)
  region size 1024K, 9 young (9216K), 9 survivors (9216K)
 Metaspace       used 105176K, capacity 107906K, committed 108700K, reserved 1144832K
  class space    used 12447K, capacity 13354K, committed 13644K, reserved 1048576K
}

Deoptimization events (20 events):
Event: 5643.198 Thread 0x000002878124c000 Uncommon trap: trap_request=0xffffff4d fr.pc=0x00000287f0991a48 relative=0x00000000000009c8
Event: 5643.198 Thread 0x000002878124c000 Uncommon trap: reason=unstable_if action=reinterpret pc=0x00000287f0991a48 method=org.gradle.api.internal.attributes.AttributeDesugaring.desugar(Lorg/gradle/api/internal/attributes/ImmutableAttributes;)Lorg/gradle/api/internal/attributes/ImmutableAttribut
Event: 5643.198 Thread 0x000002878124c000 DEOPT PACKING pc=0x00000287f0991a48 sp=0x000000ddd32f9e40
Event: 5643.198 Thread 0x000002878124c000 DEOPT UNPACKING pc=0x00000287e7fba1af sp=0x000000ddd32f9cd0 mode 2
Event: 5643.200 Thread 0x000002878124c000 Uncommon trap: trap_request=0xffffffde fr.pc=0x00000287efd1c5a8 relative=0x00000000000007e8
Event: 5643.200 Thread 0x000002878124c000 Uncommon trap: reason=class_check action=maybe_recompile pc=0x00000287efd1c5a8 method=org.gradle.internal.vfs.impl.SnapshotHierarchy.getSnapshot(Ljava/lang/String;)Ljava/util/Optional; @ 2 c2
Event: 5643.200 Thread 0x000002878124c000 DEOPT PACKING pc=0x00000287efd1c5a8 sp=0x000000ddd32f9970
Event: 5643.200 Thread 0x000002878124c000 DEOPT UNPACKING pc=0x00000287e7fba1af sp=0x000000ddd32f9938 mode 2
Event: 5643.200 Thread 0x000002878124c000 Uncommon trap: trap_request=0xffffffde fr.pc=0x00000287efd1c5a8 relative=0x00000000000007e8
Event: 5643.200 Thread 0x000002878124c000 Uncommon trap: reason=class_check action=maybe_recompile pc=0x00000287efd1c5a8 method=org.gradle.internal.vfs.impl.SnapshotHierarchy.getSnapshot(Ljava/lang/String;)Ljava/util/Optional; @ 2 c2
Event: 5643.200 Thread 0x000002878124c000 DEOPT PACKING pc=0x00000287efd1c5a8 sp=0x000000ddd32f9820
Event: 5643.200 Thread 0x000002878124c000 DEOPT UNPACKING pc=0x00000287e7fba1af sp=0x000000ddd32f97e8 mode 2
Event: 5643.546 Thread 0x000002878124c000 DEOPT PACKING pc=0x00000287eab77b44 sp=0x000000ddd32f7690
Event: 5643.546 Thread 0x000002878124c000 DEOPT UNPACKING pc=0x00000287e7fba95e sp=0x000000ddd32f6c10 mode 0
Event: 5643.763 Thread 0x000002878124c000 Uncommon trap: trap_request=0xffffffde fr.pc=0x00000287efb8b9a8 relative=0x00000000000009c8
Event: 5643.763 Thread 0x000002878124c000 Uncommon trap: reason=class_check action=maybe_recompile pc=0x00000287efb8b9a8 method=java.util.WeakHashMap.eq(Ljava/lang/Object;Ljava/lang/Object;)Z @ 7 c2
Event: 5643.763 Thread 0x000002878124c000 DEOPT PACKING pc=0x00000287efb8b9a8 sp=0x000000ddd32f74e0
Event: 5643.763 Thread 0x000002878124c000 DEOPT UNPACKING pc=0x00000287e7fba1af sp=0x000000ddd32f7438 mode 2
Event: 5643.826 Thread 0x000002878124c000 DEOPT PACKING pc=0x00000287e8c7cb66 sp=0x000000ddd32f75b0
Event: 5643.826 Thread 0x000002878124c000 DEOPT UNPACKING pc=0x00000287e7fba95e sp=0x000000ddd32f6a38 mode 0

Classes redefined (0 events):
No events

Internal exceptions (20 events):
Event: 5634.537 Thread 0x000002878d0a3000 Exception <a 'sun/nio/fs/WindowsException'{0x0000000096689868}> (0x0000000096689868) thrown at [./src/hotspot/share/prims/jni.cpp, line 616]
Event: 5634.537 Thread 0x000002878d0a3000 Exception <a 'sun/nio/fs/WindowsException'{0x000000009668b0a8}> (0x000000009668b0a8) thrown at [./src/hotspot/share/prims/jni.cpp, line 616]
Event: 5634.537 Thread 0x000002878d0a3000 Exception <a 'sun/nio/fs/WindowsException'{0x000000009668b2f0}> (0x000000009668b2f0) thrown at [./src/hotspot/share/prims/jni.cpp, line 616]
Event: 5634.629 Thread 0x000002878d09d000 Exception <a 'sun/nio/fs/WindowsException'{0x00000000930c8858}> (0x00000000930c8858) thrown at [./src/hotspot/share/prims/jni.cpp, line 616]
Event: 5635.031 Thread 0x000002878d0a9800 Exception <a 'sun/nio/fs/WindowsException'{0x00000000935ba0c0}> (0x00000000935ba0c0) thrown at [./src/hotspot/share/prims/jni.cpp, line 616]
Event: 5635.053 Thread 0x000002878d0a6000 Exception <a 'sun/nio/fs/WindowsException'{0x00000000929fbee8}> (0x00000000929fbee8) thrown at [./src/hotspot/share/prims/jni.cpp, line 616]
Event: 5635.088 Thread 0x000002878d0a9800 Exception <a 'sun/nio/fs/WindowsException'{0x0000000092762ba0}> (0x0000000092762ba0) thrown at [./src/hotspot/share/prims/jni.cpp, line 616]
Event: 5635.239 Thread 0x000002878d0a9800 Exception <a 'sun/nio/fs/WindowsException'{0x0000000092095a88}> (0x0000000092095a88) thrown at [./src/hotspot/share/prims/jni.cpp, line 616]
Event: 5639.452 Thread 0x000002878d0a9800 Exception <a 'java/net/SocketTimeoutException'{0x0000000098b9d9a8}: Read timed out> (0x0000000098b9d9a8) thrown at [./src/hotspot/share/prims/jni.cpp, line 637]
Event: 5640.423 Thread 0x000002878d0a9800 Exception <a 'sun/nio/fs/WindowsException'{0x0000000096453400}> (0x0000000096453400) thrown at [./src/hotspot/share/prims/jni.cpp, line 616]
Event: 5640.439 Thread 0x000002878d0a6000 Exception <a 'sun/nio/fs/WindowsException'{0x0000000095d1df88}> (0x0000000095d1df88) thrown at [./src/hotspot/share/prims/jni.cpp, line 616]
Event: 5640.449 Thread 0x000002878d0a3000 Exception <a 'sun/nio/fs/WindowsException'{0x0000000095df94a8}> (0x0000000095df94a8) thrown at [./src/hotspot/share/prims/jni.cpp, line 616]
Event: 5640.507 Thread 0x000002878d0a9800 Exception <a 'sun/nio/fs/WindowsException'{0x00000000941a2d38}> (0x00000000941a2d38) thrown at [./src/hotspot/share/prims/jni.cpp, line 616]
Event: 5640.528 Thread 0x000002878d0a6000 Exception <a 'sun/nio/fs/WindowsException'{0x000000009395e320}> (0x000000009395e320) thrown at [./src/hotspot/share/prims/jni.cpp, line 616]
Event: 5640.547 Thread 0x000002878d09d000 Exception <a 'sun/nio/fs/WindowsException'{0x0000000093358bf8}> (0x0000000093358bf8) thrown at [./src/hotspot/share/prims/jni.cpp, line 616]
Event: 5640.566 Thread 0x000002878d0a3000 Exception <a 'sun/nio/fs/WindowsException'{0x0000000092db73c8}> (0x0000000092db73c8) thrown at [./src/hotspot/share/prims/jni.cpp, line 616]
Event: 5640.574 Thread 0x000002878124c000 Exception <a 'sun/nio/fs/WindowsException'{0x0000000092a44780}> (0x0000000092a44780) thrown at [./src/hotspot/share/prims/jni.cpp, line 616]
Event: 5640.616 Thread 0x000002878124c000 Exception <a 'java/lang/NoSuchMethodError'{0x0000000092aed078}: 'int java.lang.invoke.DirectMethodHandle$Holder.invokeSpecialIFC(java.lang.Object, java.lang.Object, java.lang.Object)'> (0x0000000092aed078) thrown at [./src/hotspot/share/interpreter/linkResolver.cpp, line 773]
Event: 5643.189 Thread 0x000002878d0a9800 Exception <a 'sun/nio/fs/WindowsException'{0x00000000978fa128}> (0x00000000978fa128) thrown at [./src/hotspot/share/prims/jni.cpp, line 616]
Event: 5643.818 Thread 0x000002878124c000 Exception <a 'java/lang/OutOfMemoryError'{0x00000000934b8028}> (0x00000000934b8028) thrown at [./src/hotspot/share/prims/jni.cpp, line 637]

Events (20 events):
Event: 5640.616 loading class com/android/build/gradle/internal/ide/TestOptionsImpl
Event: 5640.616 loading class com/android/build/gradle/internal/ide/TestOptionsImpl done
Event: 5640.626 Executing VM operation: ICBufferFull
Event: 5640.626 Executing VM operation: ICBufferFull done
Event: 5642.415 loading class org/gradle/api/internal/artifacts/ivyservice/resolutionstrategy/DefaultCachePolicy$1
Event: 5642.415 loading class org/gradle/api/internal/artifacts/ivyservice/resolutionstrategy/DefaultCachePolicy$1 done
Event: 5643.146 Executing VM operation: G1CollectForAllocation
Event: 5643.154 Executing VM operation: G1CollectForAllocation done
Event: 5643.195 loading class org/gradle/api/attributes/AttributeContainer
Event: 5643.195 loading class org/gradle/api/attributes/AttributeContainer done
Event: 5643.195 loading class org/gradle/api/Action
Event: 5643.195 loading class org/gradle/api/Action done
Event: 5643.196 loading class org/gradle/api/Action
Event: 5643.196 loading class org/gradle/api/Action done
Event: 5643.196 loading class org/gradle/api/Action
Event: 5643.196 loading class org/gradle/api/Action done
Event: 5643.818 loading class java/util/zip/DataFormatException
Event: 5643.818 loading class java/util/zip/DataFormatException done
Event: 5643.825 Executing VM operation: RevokeBias
Event: 5643.826 Executing VM operation: RevokeBias done


Dynamic libraries:
0x00007ff6cf0c0000 - 0x00007ff6cf0ca000 	D:\Program Files\Android\Android Studio\jre\bin\java.exe
0x00007ffc47950000 - 0x00007ffc47b44000 	C:\Windows\SYSTEM32\ntdll.dll
0x00007ffc47770000 - 0x00007ffc4782d000 	C:\Windows\System32\KERNEL32.DLL
0x00007ffc453b0000 - 0x00007ffc45677000 	C:\Windows\System32\KERNELBASE.dll
0x00007ffc428a0000 - 0x00007ffc42930000 	C:\Windows\SYSTEM32\apphelp.dll
0x00007ffc452b0000 - 0x00007ffc453b0000 	C:\Windows\System32\ucrtbase.dll
0x00007ffc3b090000 - 0x00007ffc3b0a9000 	D:\Program Files\Android\Android Studio\jre\bin\jli.dll
0x00007ffc3c050000 - 0x00007ffc3c067000 	D:\Program Files\Android\Android Studio\jre\bin\VCRUNTIME140.dll
0x00007ffc46a00000 - 0x00007ffc46ba0000 	C:\Windows\System32\USER32.dll
0x00007ffc45680000 - 0x00007ffc456a2000 	C:\Windows\System32\win32u.dll
0x00007ffc2eef0000 - 0x00007ffc2f18a000 	C:\Windows\WinSxS\amd64_microsoft.windows.common-controls_6595b64144ccf1df_6.0.19041.1_none_b555e41d4684ddec\COMCTL32.dll
0x00007ffc46560000 - 0x00007ffc4658a000 	C:\Windows\System32\GDI32.dll
0x00007ffc464c0000 - 0x00007ffc4655e000 	C:\Windows\System32\msvcrt.dll
0x00007ffc451a0000 - 0x00007ffc452aa000 	C:\Windows\System32\gdi32full.dll
0x00007ffc45910000 - 0x00007ffc459ad000 	C:\Windows\System32\msvcp_win.dll
0x00007ffc469d0000 - 0x00007ffc46a00000 	C:\Windows\System32\IMM32.DLL
0x00007ffc1e240000 - 0x00007ffc1e2dd000 	D:\Program Files\Android\Android Studio\jre\bin\msvcp140.dll
0x00007ffc19050000 - 0x00007ffc19b52000 	D:\Program Files\Android\Android Studio\jre\bin\server\jvm.dll
0x00007ffc460b0000 - 0x00007ffc4615a000 	C:\Windows\System32\ADVAPI32.dll
0x00007ffc46c50000 - 0x00007ffc46ceb000 	C:\Windows\System32\sechost.dll
0x00007ffc46670000 - 0x00007ffc46793000 	C:\Windows\System32\RPCRT4.dll
0x00007ffc46cf0000 - 0x00007ffc46cf8000 	C:\Windows\System32\PSAPI.DLL
0x00007ffc373c0000 - 0x00007ffc373c9000 	C:\Windows\SYSTEM32\WSOCK32.dll
0x00007ffc2d4f0000 - 0x00007ffc2d4fa000 	C:\Windows\SYSTEM32\VERSION.dll
0x00007ffc3bb40000 - 0x00007ffc3bb67000 	C:\Windows\SYSTEM32\WINMM.dll
0x00007ffc46960000 - 0x00007ffc469cb000 	C:\Windows\System32\WS2_32.dll
0x00007ffc43020000 - 0x00007ffc43033000 	C:\Windows\SYSTEM32\kernel.appcore.dll
0x00007ffc40e20000 - 0x00007ffc40e31000 	D:\Program Files\Android\Android Studio\jre\bin\verify.dll
0x00007ffc36870000 - 0x00007ffc36a54000 	C:\Windows\SYSTEM32\DBGHELP.DLL
0x00007ffc360a0000 - 0x00007ffc360cc000 	C:\Windows\SYSTEM32\dbgcore.DLL
0x00007ffc456e0000 - 0x00007ffc4575f000 	C:\Windows\System32\bcryptPrimitives.dll
0x00007ffc3dec0000 - 0x00007ffc3dee9000 	D:\Program Files\Android\Android Studio\jre\bin\java.dll
0x00007ffc40f00000 - 0x00007ffc40f0b000 	D:\Program Files\Android\Android Studio\jre\bin\jimage.dll
0x00007ffc3f960000 - 0x00007ffc3f978000 	D:\Program Files\Android\Android Studio\jre\bin\zip.dll
0x00007ffc46fd0000 - 0x00007ffc47701000 	C:\Windows\System32\SHELL32.dll
0x00007ffc43220000 - 0x00007ffc439aa000 	C:\Windows\SYSTEM32\windows.storage.dll
0x00007ffc46160000 - 0x00007ffc464b4000 	C:\Windows\System32\combase.dll
0x00007ffc44b10000 - 0x00007ffc44b3b000 	C:\Windows\SYSTEM32\Wldp.dll
0x00007ffc46ba0000 - 0x00007ffc46c4e000 	C:\Windows\System32\SHCORE.dll
0x00007ffc46050000 - 0x00007ffc460a5000 	C:\Windows\System32\shlwapi.dll
0x00007ffc44fd0000 - 0x00007ffc44fef000 	C:\Windows\SYSTEM32\profapi.dll
0x00007ffc3d9f0000 - 0x00007ffc3da0a000 	D:\Program Files\Android\Android Studio\jre\bin\net.dll
0x00007ffc3be80000 - 0x00007ffc3bf82000 	C:\Windows\SYSTEM32\WINHTTP.dll
0x00007ffc44890000 - 0x00007ffc448fa000 	C:\Windows\system32\mswsock.dll
0x00007ffc3c090000 - 0x00007ffc3c0a4000 	D:\Program Files\Android\Android Studio\jre\bin\nio.dll
0x00007ffc2df80000 - 0x00007ffc2dfa6000 	C:\Users\Administrator\.gradle\native\31\windows-amd64\native-platform.dll
0x00007ffc3ef00000 - 0x00007ffc3ef0a000 	D:\Program Files\Android\Android Studio\jre\bin\management.dll
0x00007ffc3deb0000 - 0x00007ffc3debd000 	D:\Program Files\Android\Android Studio\jre\bin\management_ext.dll
0x00007ffc44a60000 - 0x00007ffc44a78000 	C:\Windows\SYSTEM32\CRYPTSP.dll
0x00007ffc441b0000 - 0x00007ffc441e4000 	C:\Windows\system32\rsaenh.dll
0x00007ffc456b0000 - 0x00007ffc456d7000 	C:\Windows\System32\bcrypt.dll
0x00007ffc44f90000 - 0x00007ffc44fbe000 	C:\Windows\SYSTEM32\USERENV.dll
0x00007ffc44a80000 - 0x00007ffc44a8c000 	C:\Windows\SYSTEM32\CRYPTBASE.dll
0x00007ffc44530000 - 0x00007ffc4456b000 	C:\Windows\SYSTEM32\IPHLPAPI.DLL
0x00007ffc45fc0000 - 0x00007ffc45fc9000 	C:\Windows\System32\NSI.dll
0x00007ffc3d5b0000 - 0x00007ffc3d5c7000 	C:\Windows\SYSTEM32\dhcpcsvc6.DLL
0x00007ffc3d680000 - 0x00007ffc3d69d000 	C:\Windows\SYSTEM32\dhcpcsvc.DLL
0x00007ffc44580000 - 0x00007ffc4464a000 	C:\Windows\SYSTEM32\DNSAPI.dll
0x00007ffc35cd0000 - 0x00007ffc35cf7000 	D:\Program Files\Android\Android Studio\jre\bin\sunec.dll
0x00007ffc37e40000 - 0x00007ffc37e8b000 	C:\Program Files (x86)\Sangfor\SSL\ClientComponent\SangforNspX64.dll
0x00007ffc459b0000 - 0x00007ffc45ad9000 	C:\Windows\System32\ole32.dll
0x00007ffc46590000 - 0x00007ffc46665000 	C:\Windows\System32\OLEAUT32.dll
0x00007ffc3abf0000 - 0x00007ffc3abfa000 	C:\Windows\System32\rasadhlp.dll
0x00007ffc3b680000 - 0x00007ffc3b6ff000 	C:\Windows\System32\fwpuclnt.dll
0x00007ffc43e00000 - 0x00007ffc43e33000 	C:\Windows\SYSTEM32\ntmarta.dll

dbghelp: loaded successfully - version: 4.0.5 - missing functions: none
symbol engine: initialized successfully - sym options: 0x614 - pdb path: .;D:\Program Files\Android\Android Studio\jre\bin;C:\Windows\SYSTEM32;C:\Windows\WinSxS\amd64_microsoft.windows.common-controls_6595b64144ccf1df_6.0.19041.1_none_b555e41d4684ddec;D:\Program Files\Android\Android Studio\jre\bin\server;C:\Users\Administrator\.gradle\native\31\windows-amd64;C:\Program Files (x86)\Sangfor\SSL\ClientComponent

VM Arguments:
jvm_args: --add-opens=java.base/java.util=ALL-UNNAMED --add-opens=java.base/java.lang=ALL-UNNAMED --add-opens=java.base/java.lang.invoke=ALL-UNNAMED --add-opens=java.prefs/java.util.prefs=ALL-UNNAMED -Xmx2048m -Dfile.encoding=GBK -Duser.country=CN -Duser.language=zh -Duser.variant 
java_command: org.gradle.launcher.daemon.bootstrap.GradleDaemon 6.1.1
java_class_path (initial): C:\Users\Administrator\.gradle\wrapper\dists\gradle-6.1.1-all\cfmwm155h49vnt3hynmlrsdst\gradle-6.1.1\lib\gradle-launcher-6.1.1.jar
Launcher Type: SUN_STANDARD

[Global flags]
     intx CICompilerCount                          = 3                                         {product} {ergonomic}
     uint ConcGCThreads                            = 1                                         {product} {ergonomic}
     uint G1ConcRefinementThreads                  = 4                                         {product} {ergonomic}
   size_t G1HeapRegionSize                         = 1048576                                   {product} {ergonomic}
    uintx GCDrainStackTargetSize                   = 64                                        {product} {ergonomic}
   size_t InitialHeapSize                          = 125829120                                 {product} {ergonomic}
   size_t MarkStackSize                            = 4194304                                   {product} {ergonomic}
   size_t MaxHeapSize                              = 2147483648                                {product} {command line}
   size_t MaxNewSize                               = 1287651328                                {product} {ergonomic}
   size_t MinHeapDeltaBytes                        = 1048576                                   {product} {ergonomic}
    uintx NonNMethodCodeHeapSize                   = 5830732                                {pd product} {ergonomic}
    uintx NonProfiledCodeHeapSize                  = 122913754                              {pd product} {ergonomic}
    uintx ProfiledCodeHeapSize                     = 122913754                              {pd product} {ergonomic}
    uintx ReservedCodeCacheSize                    = 251658240                              {pd product} {ergonomic}
     bool SegmentedCodeCache                       = true                                      {product} {ergonomic}
     bool UseCompressedClassPointers               = true                                 {lp64_product} {ergonomic}
     bool UseCompressedOops                        = true                                 {lp64_product} {ergonomic}
     bool UseG1GC                                  = true                                      {product} {ergonomic}
     bool UseLargePagesIndividualAllocation        = false                                  {pd product} {ergonomic}

Logging:
Log output configuration:
 #0: stdout all=warning uptime,level,tags
 #1: stderr all=off uptime,level,tags

Environment Variables:
PATH=C:\Windows\system32;C:\Windows;C:\Windows\System32\Wbem;C:\Windows\System32\WindowsPowerShell\v1.0\;C:\Windows\System32\OpenSSH\;C:\Program Files (x86)\Yozosoft\Yozo_Office\Lib\xuggler\bin;C:\Program Files\Git\cmd;C:\Users\Administrator\AppData\Local\Microsoft\WindowsApps;
USERNAME=Administrator
OS=Windows_NT
PROCESSOR_IDENTIFIER=Intel64 Family 6 Model 78 Stepping 3, GenuineIntel



---------------  S Y S T E M  ---------------

OS: Windows 10 , 64 bit Build 19041 (10.0.19041.207)
OS uptime: 0 days 8:06 hours

CPU:total 4 (initial active 4) (2 cores per cpu, 2 threads per core) family 6 model 78 stepping 3 microcode 0xcc, cmov, cx8, fxsr, mmx, sse, sse2, sse3, ssse3, sse4.1, sse4.2, popcnt, avx, avx2, aes, clmul, erms, rtm, 3dnowpref, lzcnt, ht, tsc, tscinvbit, bmi1, bmi2, adx, fma

Memory: 4k page, system-wide physical 7603M (729M free)
TotalPageFile size 20403M (AvailPageFile size 4M)
current process WorkingSet (physical memory assigned to process): 807M, peak: 807M
current process commit charge ("private bytes"): 961M, peak: 962M

vm_info: OpenJDK 64-Bit Server VM (11.0.13+0-b1751.21-8125866) for windows-amd64 JRE (11.0.13+0-b1751.21-8125866), built on Feb  2 2022 03:00:22 by "builder" with MS VC++ 14.0 (VS2015)

END.
